<?xml version="1.0" encoding="UTF-8"?>
<robot generator="Robot 5.0.1 (Python 3.10.5 on win32)" generated="20220711 17:48:09.961" rpa="true" schemaversion="3">
<suite id="s1" name="Test If For Loop03" source="C:\Users\pantakanchr\Desktop\test_robot_WFH\test_if_for_loop03.robot">
<test id="s1-t1" name="Demo if condition" line="21">
<for flavor="IN RANGE">
<var>${i}</var>
<value>999999</value>
<iter>
<var name="${i}">0</var>
<kw name="Get current second">
<var>${current.sec}</var>
<tag>list4</tag>
<kw name="Get Current Date" library="DateTime">
<var>${current}</var>
<arg>result_format=DateTime</arg>
<doc>Returns current local or UTC time with an optional increment.</doc>
<msg timestamp="20220711 17:48:10.739" level="INFO">${current} = 2022-07-11 17:48:10.739101</msg>
<status status="PASS" starttime="20220711 17:48:10.739" endtime="20220711 17:48:10.739"/>
</kw>
<msg timestamp="20220711 17:48:10.748" level="INFO">${current.sec} = 10</msg>
<status status="PASS" starttime="20220711 17:48:10.731" endtime="20220711 17:48:10.748"/>
</kw>
<if>
<branch type="IF" condition="${current.sec} &lt;= ${30} and ${current.sec} &gt;= ${1}">
<kw name="Log To Console" library="BuiltIn">
<arg>${EMPTY}</arg>
<doc>Logs the given message to the console.</doc>
<status status="PASS" starttime="20220711 17:48:10.748" endtime="20220711 17:48:10.748"/>
</kw>
<kw name="Log To Console" library="BuiltIn">
<arg>Current second is ${current.sec} Low</arg>
<doc>Logs the given message to the console.</doc>
<status status="PASS" starttime="20220711 17:48:10.748" endtime="20220711 17:48:10.748"/>
</kw>
<status status="PASS" starttime="20220711 17:48:10.748" endtime="20220711 17:48:10.748"/>
</branch>
<branch type="ELSE IF" condition="${current.sec} &lt;= ${59} and ${current.sec} &gt;= ${31}">
<kw name="Log To Console" library="BuiltIn">
<arg>${EMPTY}</arg>
<doc>Logs the given message to the console.</doc>
<status status="NOT RUN" starttime="20220711 17:48:10.748" endtime="20220711 17:48:10.748"/>
</kw>
<kw name="Log To Console" library="BuiltIn">
<arg>Current second is ${current.sec} HIGH</arg>
<doc>Logs the given message to the console.</doc>
<status status="NOT RUN" starttime="20220711 17:48:10.748" endtime="20220711 17:48:10.748"/>
</kw>
<status status="NOT RUN" starttime="20220711 17:48:10.748" endtime="20220711 17:48:10.748"/>
</branch>
<branch type="ELSE">
<kw name="Log To Console" library="BuiltIn">
<arg>${EMPTY}</arg>
<doc>Logs the given message to the console.</doc>
<status status="NOT RUN" starttime="20220711 17:48:10.748" endtime="20220711 17:48:10.748"/>
</kw>
<kw name="Log To Console" library="BuiltIn">
<arg>Current second is ${current.sec} Jackpot</arg>
<doc>Logs the given message to the console.</doc>
<status status="NOT RUN" starttime="20220711 17:48:10.748" endtime="20220711 17:48:10.748"/>
</kw>
<kw name="Exit For Loop If" library="BuiltIn">
<arg>${current.sec} == ${0}</arg>
<doc>Stops executing the enclosing FOR loop if the ``condition`` is true.</doc>
<status status="NOT RUN" starttime="20220711 17:48:10.748" endtime="20220711 17:48:10.748"/>
</kw>
<status status="NOT RUN" starttime="20220711 17:48:10.748" endtime="20220711 17:48:10.748"/>
</branch>
<status status="PASS" starttime="20220711 17:48:10.748" endtime="20220711 17:48:10.748"/>
</if>
<kw name="Sleep" library="BuiltIn">
<arg>0.5s</arg>
<doc>Pauses the test executed for the given time.</doc>
<msg timestamp="20220711 17:48:11.257" level="INFO">Slept 500 milliseconds</msg>
<status status="PASS" starttime="20220711 17:48:10.748" endtime="20220711 17:48:11.257"/>
</kw>
<status status="PASS" starttime="20220711 17:48:10.731" endtime="20220711 17:48:11.257"/>
</iter>
<iter>
<var name="${i}">1</var>
<kw name="Get current second">
<var>${current.sec}</var>
<tag>list4</tag>
<kw name="Get Current Date" library="DateTime">
<var>${current}</var>
<arg>result_format=DateTime</arg>
<doc>Returns current local or UTC time with an optional increment.</doc>
<msg timestamp="20220711 17:48:11.257" level="INFO">${current} = 2022-07-11 17:48:11.256863</msg>
<status status="PASS" starttime="20220711 17:48:11.257" endtime="20220711 17:48:11.257"/>
</kw>
<msg timestamp="20220711 17:48:11.257" level="INFO">${current.sec} = 11</msg>
<status status="PASS" starttime="20220711 17:48:11.257" endtime="20220711 17:48:11.257"/>
</kw>
<if>
<branch type="IF" condition="${current.sec} &lt;= ${30} and ${current.sec} &gt;= ${1}">
<kw name="Log To Console" library="BuiltIn">
<arg>${EMPTY}</arg>
<doc>Logs the given message to the console.</doc>
<status status="PASS" starttime="20220711 17:48:11.257" endtime="20220711 17:48:11.264"/>
</kw>
<kw name="Log To Console" library="BuiltIn">
<arg>Current second is ${current.sec} Low</arg>
<doc>Logs the given message to the console.</doc>
<status status="PASS" starttime="20220711 17:48:11.264" endtime="20220711 17:48:11.264"/>
</kw>
<status status="PASS" starttime="20220711 17:48:11.257" endtime="20220711 17:48:11.264"/>
</branch>
<branch type="ELSE IF" condition="${current.sec} &lt;= ${59} and ${current.sec} &gt;= ${31}">
<kw name="Log To Console" library="BuiltIn">
<arg>${EMPTY}</arg>
<doc>Logs the given message to the console.</doc>
<status status="NOT RUN" starttime="20220711 17:48:11.264" endtime="20220711 17:48:11.264"/>
</kw>
<kw name="Log To Console" library="BuiltIn">
<arg>Current second is ${current.sec} HIGH</arg>
<doc>Logs the given message to the console.</doc>
<status status="NOT RUN" starttime="20220711 17:48:11.264" endtime="20220711 17:48:11.264"/>
</kw>
<status status="NOT RUN" starttime="20220711 17:48:11.264" endtime="20220711 17:48:11.264"/>
</branch>
<branch type="ELSE">
<kw name="Log To Console" library="BuiltIn">
<arg>${EMPTY}</arg>
<doc>Logs the given message to the console.</doc>
<status status="NOT RUN" starttime="20220711 17:48:11.264" endtime="20220711 17:48:11.264"/>
</kw>
<kw name="Log To Console" library="BuiltIn">
<arg>Current second is ${current.sec} Jackpot</arg>
<doc>Logs the given message to the console.</doc>
<status status="NOT RUN" starttime="20220711 17:48:11.264" endtime="20220711 17:48:11.264"/>
</kw>
<kw name="Exit For Loop If" library="BuiltIn">
<arg>${current.sec} == ${0}</arg>
<doc>Stops executing the enclosing FOR loop if the ``condition`` is true.</doc>
<status status="NOT RUN" starttime="20220711 17:48:11.264" endtime="20220711 17:48:11.264"/>
</kw>
<status status="NOT RUN" starttime="20220711 17:48:11.264" endtime="20220711 17:48:11.264"/>
</branch>
<status status="PASS" starttime="20220711 17:48:11.257" endtime="20220711 17:48:11.264"/>
</if>
<kw name="Sleep" library="BuiltIn">
<arg>0.5s</arg>
<doc>Pauses the test executed for the given time.</doc>
<msg timestamp="20220711 17:48:11.773" level="INFO">Slept 500 milliseconds</msg>
<status status="PASS" starttime="20220711 17:48:11.264" endtime="20220711 17:48:11.773"/>
</kw>
<status status="PASS" starttime="20220711 17:48:11.257" endtime="20220711 17:48:11.773"/>
</iter>
<iter>
<var name="${i}">2</var>
<kw name="Get current second">
<var>${current.sec}</var>
<tag>list4</tag>
<kw name="Get Current Date" library="DateTime">
<var>${current}</var>
<arg>result_format=DateTime</arg>
<doc>Returns current local or UTC time with an optional increment.</doc>
<msg timestamp="20220711 17:48:11.773" level="INFO">${current} = 2022-07-11 17:48:11.772921</msg>
<status status="PASS" starttime="20220711 17:48:11.773" endtime="20220711 17:48:11.773"/>
</kw>
<msg timestamp="20220711 17:48:11.773" level="INFO">${current.sec} = 11</msg>
<status status="PASS" starttime="20220711 17:48:11.773" endtime="20220711 17:48:11.773"/>
</kw>
<if>
<branch type="IF" condition="${current.sec} &lt;= ${30} and ${current.sec} &gt;= ${1}">
<kw name="Log To Console" library="BuiltIn">
<arg>${EMPTY}</arg>
<doc>Logs the given message to the console.</doc>
<status status="PASS" starttime="20220711 17:48:11.773" endtime="20220711 17:48:11.780"/>
</kw>
<kw name="Log To Console" library="BuiltIn">
<arg>Current second is ${current.sec} Low</arg>
<doc>Logs the given message to the console.</doc>
<status status="PASS" starttime="20220711 17:48:11.781" endtime="20220711 17:48:11.781"/>
</kw>
<status status="PASS" starttime="20220711 17:48:11.773" endtime="20220711 17:48:11.781"/>
</branch>
<branch type="ELSE IF" condition="${current.sec} &lt;= ${59} and ${current.sec} &gt;= ${31}">
<kw name="Log To Console" library="BuiltIn">
<arg>${EMPTY}</arg>
<doc>Logs the given message to the console.</doc>
<status status="NOT RUN" starttime="20220711 17:48:11.781" endtime="20220711 17:48:11.781"/>
</kw>
<kw name="Log To Console" library="BuiltIn">
<arg>Current second is ${current.sec} HIGH</arg>
<doc>Logs the given message to the console.</doc>
<status status="NOT RUN" starttime="20220711 17:48:11.781" endtime="20220711 17:48:11.781"/>
</kw>
<status status="NOT RUN" starttime="20220711 17:48:11.781" endtime="20220711 17:48:11.781"/>
</branch>
<branch type="ELSE">
<kw name="Log To Console" library="BuiltIn">
<arg>${EMPTY}</arg>
<doc>Logs the given message to the console.</doc>
<status status="NOT RUN" starttime="20220711 17:48:11.781" endtime="20220711 17:48:11.781"/>
</kw>
<kw name="Log To Console" library="BuiltIn">
<arg>Current second is ${current.sec} Jackpot</arg>
<doc>Logs the given message to the console.</doc>
<status status="NOT RUN" starttime="20220711 17:48:11.781" endtime="20220711 17:48:11.781"/>
</kw>
<kw name="Exit For Loop If" library="BuiltIn">
<arg>${current.sec} == ${0}</arg>
<doc>Stops executing the enclosing FOR loop if the ``condition`` is true.</doc>
<status status="NOT RUN" starttime="20220711 17:48:11.781" endtime="20220711 17:48:11.781"/>
</kw>
<status status="NOT RUN" starttime="20220711 17:48:11.781" endtime="20220711 17:48:11.781"/>
</branch>
<status status="PASS" starttime="20220711 17:48:11.773" endtime="20220711 17:48:11.781"/>
</if>
<kw name="Sleep" library="BuiltIn">
<arg>0.5s</arg>
<doc>Pauses the test executed for the given time.</doc>
<msg timestamp="20220711 17:48:12.289" level="INFO">Slept 500 milliseconds</msg>
<status status="PASS" starttime="20220711 17:48:11.781" endtime="20220711 17:48:12.289"/>
</kw>
<status status="PASS" starttime="20220711 17:48:11.773" endtime="20220711 17:48:12.290"/>
</iter>
<iter>
<var name="${i}">3</var>
<kw name="Get current second">
<var>${current.sec}</var>
<tag>list4</tag>
<kw name="Get Current Date" library="DateTime">
<var>${current}</var>
<arg>result_format=DateTime</arg>
<doc>Returns current local or UTC time with an optional increment.</doc>
<msg timestamp="20220711 17:48:12.290" level="INFO">${current} = 2022-07-11 17:48:12.289841</msg>
<status status="PASS" starttime="20220711 17:48:12.290" endtime="20220711 17:48:12.290"/>
</kw>
<msg timestamp="20220711 17:48:12.290" level="INFO">${current.sec} = 12</msg>
<status status="PASS" starttime="20220711 17:48:12.290" endtime="20220711 17:48:12.290"/>
</kw>
<if>
<branch type="IF" condition="${current.sec} &lt;= ${30} and ${current.sec} &gt;= ${1}">
<kw name="Log To Console" library="BuiltIn">
<arg>${EMPTY}</arg>
<doc>Logs the given message to the console.</doc>
<status status="PASS" starttime="20220711 17:48:12.290" endtime="20220711 17:48:12.290"/>
</kw>
<kw name="Log To Console" library="BuiltIn">
<arg>Current second is ${current.sec} Low</arg>
<doc>Logs the given message to the console.</doc>
<status status="PASS" starttime="20220711 17:48:12.297" endtime="20220711 17:48:12.297"/>
</kw>
<status status="PASS" starttime="20220711 17:48:12.290" endtime="20220711 17:48:12.297"/>
</branch>
<branch type="ELSE IF" condition="${current.sec} &lt;= ${59} and ${current.sec} &gt;= ${31}">
<kw name="Log To Console" library="BuiltIn">
<arg>${EMPTY}</arg>
<doc>Logs the given message to the console.</doc>
<status status="NOT RUN" starttime="20220711 17:48:12.297" endtime="20220711 17:48:12.297"/>
</kw>
<kw name="Log To Console" library="BuiltIn">
<arg>Current second is ${current.sec} HIGH</arg>
<doc>Logs the given message to the console.</doc>
<status status="NOT RUN" starttime="20220711 17:48:12.297" endtime="20220711 17:48:12.297"/>
</kw>
<status status="NOT RUN" starttime="20220711 17:48:12.297" endtime="20220711 17:48:12.297"/>
</branch>
<branch type="ELSE">
<kw name="Log To Console" library="BuiltIn">
<arg>${EMPTY}</arg>
<doc>Logs the given message to the console.</doc>
<status status="NOT RUN" starttime="20220711 17:48:12.297" endtime="20220711 17:48:12.297"/>
</kw>
<kw name="Log To Console" library="BuiltIn">
<arg>Current second is ${current.sec} Jackpot</arg>
<doc>Logs the given message to the console.</doc>
<status status="NOT RUN" starttime="20220711 17:48:12.297" endtime="20220711 17:48:12.297"/>
</kw>
<kw name="Exit For Loop If" library="BuiltIn">
<arg>${current.sec} == ${0}</arg>
<doc>Stops executing the enclosing FOR loop if the ``condition`` is true.</doc>
<status status="NOT RUN" starttime="20220711 17:48:12.297" endtime="20220711 17:48:12.297"/>
</kw>
<status status="NOT RUN" starttime="20220711 17:48:12.297" endtime="20220711 17:48:12.297"/>
</branch>
<status status="PASS" starttime="20220711 17:48:12.290" endtime="20220711 17:48:12.297"/>
</if>
<kw name="Sleep" library="BuiltIn">
<arg>0.5s</arg>
<doc>Pauses the test executed for the given time.</doc>
<msg timestamp="20220711 17:48:12.798" level="INFO">Slept 500 milliseconds</msg>
<status status="PASS" starttime="20220711 17:48:12.297" endtime="20220711 17:48:12.798"/>
</kw>
<status status="PASS" starttime="20220711 17:48:12.290" endtime="20220711 17:48:12.798"/>
</iter>
<iter>
<var name="${i}">4</var>
<kw name="Get current second">
<var>${current.sec}</var>
<tag>list4</tag>
<kw name="Get Current Date" library="DateTime">
<var>${current}</var>
<arg>result_format=DateTime</arg>
<doc>Returns current local or UTC time with an optional increment.</doc>
<msg timestamp="20220711 17:48:12.798" level="INFO">${current} = 2022-07-11 17:48:12.797547</msg>
<status status="PASS" starttime="20220711 17:48:12.798" endtime="20220711 17:48:12.798"/>
</kw>
<msg timestamp="20220711 17:48:12.798" level="INFO">${current.sec} = 12</msg>
<status status="PASS" starttime="20220711 17:48:12.798" endtime="20220711 17:48:12.798"/>
</kw>
<if>
<branch type="IF" condition="${current.sec} &lt;= ${30} and ${current.sec} &gt;= ${1}">
<kw name="Log To Console" library="BuiltIn">
<arg>${EMPTY}</arg>
<doc>Logs the given message to the console.</doc>
<status status="PASS" starttime="20220711 17:48:12.798" endtime="20220711 17:48:12.798"/>
</kw>
<kw name="Log To Console" library="BuiltIn">
<arg>Current second is ${current.sec} Low</arg>
<doc>Logs the given message to the console.</doc>
<status status="PASS" starttime="20220711 17:48:12.806" endtime="20220711 17:48:12.806"/>
</kw>
<status status="PASS" starttime="20220711 17:48:12.798" endtime="20220711 17:48:12.806"/>
</branch>
<branch type="ELSE IF" condition="${current.sec} &lt;= ${59} and ${current.sec} &gt;= ${31}">
<kw name="Log To Console" library="BuiltIn">
<arg>${EMPTY}</arg>
<doc>Logs the given message to the console.</doc>
<status status="NOT RUN" starttime="20220711 17:48:12.806" endtime="20220711 17:48:12.806"/>
</kw>
<kw name="Log To Console" library="BuiltIn">
<arg>Current second is ${current.sec} HIGH</arg>
<doc>Logs the given message to the console.</doc>
<status status="NOT RUN" starttime="20220711 17:48:12.806" endtime="20220711 17:48:12.806"/>
</kw>
<status status="NOT RUN" starttime="20220711 17:48:12.806" endtime="20220711 17:48:12.806"/>
</branch>
<branch type="ELSE">
<kw name="Log To Console" library="BuiltIn">
<arg>${EMPTY}</arg>
<doc>Logs the given message to the console.</doc>
<status status="NOT RUN" starttime="20220711 17:48:12.806" endtime="20220711 17:48:12.806"/>
</kw>
<kw name="Log To Console" library="BuiltIn">
<arg>Current second is ${current.sec} Jackpot</arg>
<doc>Logs the given message to the console.</doc>
<status status="NOT RUN" starttime="20220711 17:48:12.806" endtime="20220711 17:48:12.806"/>
</kw>
<kw name="Exit For Loop If" library="BuiltIn">
<arg>${current.sec} == ${0}</arg>
<doc>Stops executing the enclosing FOR loop if the ``condition`` is true.</doc>
<status status="NOT RUN" starttime="20220711 17:48:12.806" endtime="20220711 17:48:12.806"/>
</kw>
<status status="NOT RUN" starttime="20220711 17:48:12.806" endtime="20220711 17:48:12.806"/>
</branch>
<status status="PASS" starttime="20220711 17:48:12.798" endtime="20220711 17:48:12.806"/>
</if>
<kw name="Sleep" library="BuiltIn">
<arg>0.5s</arg>
<doc>Pauses the test executed for the given time.</doc>
<msg timestamp="20220711 17:48:13.322" level="INFO">Slept 500 milliseconds</msg>
<status status="PASS" starttime="20220711 17:48:12.806" endtime="20220711 17:48:13.322"/>
</kw>
<status status="PASS" starttime="20220711 17:48:12.798" endtime="20220711 17:48:13.322"/>
</iter>
<iter>
<var name="${i}">5</var>
<kw name="Get current second">
<var>${current.sec}</var>
<tag>list4</tag>
<kw name="Get Current Date" library="DateTime">
<var>${current}</var>
<arg>result_format=DateTime</arg>
<doc>Returns current local or UTC time with an optional increment.</doc>
<msg timestamp="20220711 17:48:13.322" level="INFO">${current} = 2022-07-11 17:48:13.322252</msg>
<status status="PASS" starttime="20220711 17:48:13.322" endtime="20220711 17:48:13.322"/>
</kw>
<msg timestamp="20220711 17:48:13.322" level="INFO">${current.sec} = 13</msg>
<status status="PASS" starttime="20220711 17:48:13.322" endtime="20220711 17:48:13.322"/>
</kw>
<if>
<branch type="IF" condition="${current.sec} &lt;= ${30} and ${current.sec} &gt;= ${1}">
<kw name="Log To Console" library="BuiltIn">
<arg>${EMPTY}</arg>
<doc>Logs the given message to the console.</doc>
<status status="PASS" starttime="20220711 17:48:13.322" endtime="20220711 17:48:13.322"/>
</kw>
<kw name="Log To Console" library="BuiltIn">
<arg>Current second is ${current.sec} Low</arg>
<doc>Logs the given message to the console.</doc>
<status status="PASS" starttime="20220711 17:48:13.322" endtime="20220711 17:48:13.330"/>
</kw>
<status status="PASS" starttime="20220711 17:48:13.322" endtime="20220711 17:48:13.330"/>
</branch>
<branch type="ELSE IF" condition="${current.sec} &lt;= ${59} and ${current.sec} &gt;= ${31}">
<kw name="Log To Console" library="BuiltIn">
<arg>${EMPTY}</arg>
<doc>Logs the given message to the console.</doc>
<status status="NOT RUN" starttime="20220711 17:48:13.330" endtime="20220711 17:48:13.330"/>
</kw>
<kw name="Log To Console" library="BuiltIn">
<arg>Current second is ${current.sec} HIGH</arg>
<doc>Logs the given message to the console.</doc>
<status status="NOT RUN" starttime="20220711 17:48:13.330" endtime="20220711 17:48:13.330"/>
</kw>
<status status="NOT RUN" starttime="20220711 17:48:13.330" endtime="20220711 17:48:13.330"/>
</branch>
<branch type="ELSE">
<kw name="Log To Console" library="BuiltIn">
<arg>${EMPTY}</arg>
<doc>Logs the given message to the console.</doc>
<status status="NOT RUN" starttime="20220711 17:48:13.330" endtime="20220711 17:48:13.330"/>
</kw>
<kw name="Log To Console" library="BuiltIn">
<arg>Current second is ${current.sec} Jackpot</arg>
<doc>Logs the given message to the console.</doc>
<status status="NOT RUN" starttime="20220711 17:48:13.330" endtime="20220711 17:48:13.330"/>
</kw>
<kw name="Exit For Loop If" library="BuiltIn">
<arg>${current.sec} == ${0}</arg>
<doc>Stops executing the enclosing FOR loop if the ``condition`` is true.</doc>
<status status="NOT RUN" starttime="20220711 17:48:13.330" endtime="20220711 17:48:13.330"/>
</kw>
<status status="NOT RUN" starttime="20220711 17:48:13.330" endtime="20220711 17:48:13.330"/>
</branch>
<status status="PASS" starttime="20220711 17:48:13.322" endtime="20220711 17:48:13.330"/>
</if>
<kw name="Sleep" library="BuiltIn">
<arg>0.5s</arg>
<doc>Pauses the test executed for the given time.</doc>
<msg timestamp="20220711 17:48:13.839" level="INFO">Slept 500 milliseconds</msg>
<status status="PASS" starttime="20220711 17:48:13.330" endtime="20220711 17:48:13.839"/>
</kw>
<status status="PASS" starttime="20220711 17:48:13.322" endtime="20220711 17:48:13.839"/>
</iter>
<iter>
<var name="${i}">6</var>
<kw name="Get current second">
<var>${current.sec}</var>
<tag>list4</tag>
<kw name="Get Current Date" library="DateTime">
<var>${current}</var>
<arg>result_format=DateTime</arg>
<doc>Returns current local or UTC time with an optional increment.</doc>
<msg timestamp="20220711 17:48:13.839" level="INFO">${current} = 2022-07-11 17:48:13.839440</msg>
<status status="PASS" starttime="20220711 17:48:13.839" endtime="20220711 17:48:13.839"/>
</kw>
<msg timestamp="20220711 17:48:13.839" level="INFO">${current.sec} = 13</msg>
<status status="PASS" starttime="20220711 17:48:13.839" endtime="20220711 17:48:13.839"/>
</kw>
<if>
<branch type="IF" condition="${current.sec} &lt;= ${30} and ${current.sec} &gt;= ${1}">
<kw name="Log To Console" library="BuiltIn">
<arg>${EMPTY}</arg>
<doc>Logs the given message to the console.</doc>
<status status="PASS" starttime="20220711 17:48:13.839" endtime="20220711 17:48:13.839"/>
</kw>
<kw name="Log To Console" library="BuiltIn">
<arg>Current second is ${current.sec} Low</arg>
<doc>Logs the given message to the console.</doc>
<status status="PASS" starttime="20220711 17:48:13.839" endtime="20220711 17:48:13.839"/>
</kw>
<status status="PASS" starttime="20220711 17:48:13.839" endtime="20220711 17:48:13.839"/>
</branch>
<branch type="ELSE IF" condition="${current.sec} &lt;= ${59} and ${current.sec} &gt;= ${31}">
<kw name="Log To Console" library="BuiltIn">
<arg>${EMPTY}</arg>
<doc>Logs the given message to the console.</doc>
<status status="NOT RUN" starttime="20220711 17:48:13.839" endtime="20220711 17:48:13.839"/>
</kw>
<kw name="Log To Console" library="BuiltIn">
<arg>Current second is ${current.sec} HIGH</arg>
<doc>Logs the given message to the console.</doc>
<status status="NOT RUN" starttime="20220711 17:48:13.839" endtime="20220711 17:48:13.839"/>
</kw>
<status status="NOT RUN" starttime="20220711 17:48:13.839" endtime="20220711 17:48:13.839"/>
</branch>
<branch type="ELSE">
<kw name="Log To Console" library="BuiltIn">
<arg>${EMPTY}</arg>
<doc>Logs the given message to the console.</doc>
<status status="NOT RUN" starttime="20220711 17:48:13.839" endtime="20220711 17:48:13.839"/>
</kw>
<kw name="Log To Console" library="BuiltIn">
<arg>Current second is ${current.sec} Jackpot</arg>
<doc>Logs the given message to the console.</doc>
<status status="NOT RUN" starttime="20220711 17:48:13.839" endtime="20220711 17:48:13.839"/>
</kw>
<kw name="Exit For Loop If" library="BuiltIn">
<arg>${current.sec} == ${0}</arg>
<doc>Stops executing the enclosing FOR loop if the ``condition`` is true.</doc>
<status status="NOT RUN" starttime="20220711 17:48:13.839" endtime="20220711 17:48:13.839"/>
</kw>
<status status="NOT RUN" starttime="20220711 17:48:13.839" endtime="20220711 17:48:13.839"/>
</branch>
<status status="PASS" starttime="20220711 17:48:13.839" endtime="20220711 17:48:13.839"/>
</if>
<kw name="Sleep" library="BuiltIn">
<arg>0.5s</arg>
<doc>Pauses the test executed for the given time.</doc>
<msg timestamp="20220711 17:48:14.347" level="INFO">Slept 500 milliseconds</msg>
<status status="PASS" starttime="20220711 17:48:13.839" endtime="20220711 17:48:14.348"/>
</kw>
<status status="PASS" starttime="20220711 17:48:13.839" endtime="20220711 17:48:14.348"/>
</iter>
<iter>
<var name="${i}">7</var>
<kw name="Get current second">
<var>${current.sec}</var>
<tag>list4</tag>
<kw name="Get Current Date" library="DateTime">
<var>${current}</var>
<arg>result_format=DateTime</arg>
<doc>Returns current local or UTC time with an optional increment.</doc>
<msg timestamp="20220711 17:48:14.348" level="INFO">${current} = 2022-07-11 17:48:14.347649</msg>
<status status="PASS" starttime="20220711 17:48:14.348" endtime="20220711 17:48:14.348"/>
</kw>
<msg timestamp="20220711 17:48:14.348" level="INFO">${current.sec} = 14</msg>
<status status="PASS" starttime="20220711 17:48:14.348" endtime="20220711 17:48:14.348"/>
</kw>
<if>
<branch type="IF" condition="${current.sec} &lt;= ${30} and ${current.sec} &gt;= ${1}">
<kw name="Log To Console" library="BuiltIn">
<arg>${EMPTY}</arg>
<doc>Logs the given message to the console.</doc>
<status status="PASS" starttime="20220711 17:48:14.348" endtime="20220711 17:48:14.356"/>
</kw>
<kw name="Log To Console" library="BuiltIn">
<arg>Current second is ${current.sec} Low</arg>
<doc>Logs the given message to the console.</doc>
<status status="PASS" starttime="20220711 17:48:14.356" endtime="20220711 17:48:14.356"/>
</kw>
<status status="PASS" starttime="20220711 17:48:14.348" endtime="20220711 17:48:14.356"/>
</branch>
<branch type="ELSE IF" condition="${current.sec} &lt;= ${59} and ${current.sec} &gt;= ${31}">
<kw name="Log To Console" library="BuiltIn">
<arg>${EMPTY}</arg>
<doc>Logs the given message to the console.</doc>
<status status="NOT RUN" starttime="20220711 17:48:14.356" endtime="20220711 17:48:14.356"/>
</kw>
<kw name="Log To Console" library="BuiltIn">
<arg>Current second is ${current.sec} HIGH</arg>
<doc>Logs the given message to the console.</doc>
<status status="NOT RUN" starttime="20220711 17:48:14.356" endtime="20220711 17:48:14.356"/>
</kw>
<status status="NOT RUN" starttime="20220711 17:48:14.356" endtime="20220711 17:48:14.356"/>
</branch>
<branch type="ELSE">
<kw name="Log To Console" library="BuiltIn">
<arg>${EMPTY}</arg>
<doc>Logs the given message to the console.</doc>
<status status="NOT RUN" starttime="20220711 17:48:14.356" endtime="20220711 17:48:14.356"/>
</kw>
<kw name="Log To Console" library="BuiltIn">
<arg>Current second is ${current.sec} Jackpot</arg>
<doc>Logs the given message to the console.</doc>
<status status="NOT RUN" starttime="20220711 17:48:14.356" endtime="20220711 17:48:14.356"/>
</kw>
<kw name="Exit For Loop If" library="BuiltIn">
<arg>${current.sec} == ${0}</arg>
<doc>Stops executing the enclosing FOR loop if the ``condition`` is true.</doc>
<status status="NOT RUN" starttime="20220711 17:48:14.356" endtime="20220711 17:48:14.356"/>
</kw>
<status status="NOT RUN" starttime="20220711 17:48:14.356" endtime="20220711 17:48:14.356"/>
</branch>
<status status="PASS" starttime="20220711 17:48:14.348" endtime="20220711 17:48:14.356"/>
</if>
<kw name="Sleep" library="BuiltIn">
<arg>0.5s</arg>
<doc>Pauses the test executed for the given time.</doc>
<msg timestamp="20220711 17:48:14.864" level="INFO">Slept 500 milliseconds</msg>
<status status="PASS" starttime="20220711 17:48:14.356" endtime="20220711 17:48:14.864"/>
</kw>
<status status="PASS" starttime="20220711 17:48:14.348" endtime="20220711 17:48:14.864"/>
</iter>
<iter>
<var name="${i}">8</var>
<kw name="Get current second">
<var>${current.sec}</var>
<tag>list4</tag>
<kw name="Get Current Date" library="DateTime">
<var>${current}</var>
<arg>result_format=DateTime</arg>
<doc>Returns current local or UTC time with an optional increment.</doc>
<msg timestamp="20220711 17:48:14.864" level="INFO">${current} = 2022-07-11 17:48:14.864226</msg>
<status status="PASS" starttime="20220711 17:48:14.864" endtime="20220711 17:48:14.864"/>
</kw>
<msg timestamp="20220711 17:48:14.864" level="INFO">${current.sec} = 14</msg>
<status status="PASS" starttime="20220711 17:48:14.864" endtime="20220711 17:48:14.864"/>
</kw>
<if>
<branch type="IF" condition="${current.sec} &lt;= ${30} and ${current.sec} &gt;= ${1}">
<kw name="Log To Console" library="BuiltIn">
<arg>${EMPTY}</arg>
<doc>Logs the given message to the console.</doc>
<status status="PASS" starttime="20220711 17:48:14.864" endtime="20220711 17:48:14.864"/>
</kw>
<kw name="Log To Console" library="BuiltIn">
<arg>Current second is ${current.sec} Low</arg>
<doc>Logs the given message to the console.</doc>
<status status="PASS" starttime="20220711 17:48:14.864" endtime="20220711 17:48:14.873"/>
</kw>
<status status="PASS" starttime="20220711 17:48:14.864" endtime="20220711 17:48:14.873"/>
</branch>
<branch type="ELSE IF" condition="${current.sec} &lt;= ${59} and ${current.sec} &gt;= ${31}">
<kw name="Log To Console" library="BuiltIn">
<arg>${EMPTY}</arg>
<doc>Logs the given message to the console.</doc>
<status status="NOT RUN" starttime="20220711 17:48:14.873" endtime="20220711 17:48:14.873"/>
</kw>
<kw name="Log To Console" library="BuiltIn">
<arg>Current second is ${current.sec} HIGH</arg>
<doc>Logs the given message to the console.</doc>
<status status="NOT RUN" starttime="20220711 17:48:14.873" endtime="20220711 17:48:14.873"/>
</kw>
<status status="NOT RUN" starttime="20220711 17:48:14.873" endtime="20220711 17:48:14.873"/>
</branch>
<branch type="ELSE">
<kw name="Log To Console" library="BuiltIn">
<arg>${EMPTY}</arg>
<doc>Logs the given message to the console.</doc>
<status status="NOT RUN" starttime="20220711 17:48:14.873" endtime="20220711 17:48:14.873"/>
</kw>
<kw name="Log To Console" library="BuiltIn">
<arg>Current second is ${current.sec} Jackpot</arg>
<doc>Logs the given message to the console.</doc>
<status status="NOT RUN" starttime="20220711 17:48:14.873" endtime="20220711 17:48:14.873"/>
</kw>
<kw name="Exit For Loop If" library="BuiltIn">
<arg>${current.sec} == ${0}</arg>
<doc>Stops executing the enclosing FOR loop if the ``condition`` is true.</doc>
<status status="NOT RUN" starttime="20220711 17:48:14.873" endtime="20220711 17:48:14.873"/>
</kw>
<status status="NOT RUN" starttime="20220711 17:48:14.873" endtime="20220711 17:48:14.873"/>
</branch>
<status status="PASS" starttime="20220711 17:48:14.864" endtime="20220711 17:48:14.873"/>
</if>
<kw name="Sleep" library="BuiltIn">
<arg>0.5s</arg>
<doc>Pauses the test executed for the given time.</doc>
<msg timestamp="20220711 17:48:15.389" level="INFO">Slept 500 milliseconds</msg>
<status status="PASS" starttime="20220711 17:48:14.873" endtime="20220711 17:48:15.389"/>
</kw>
<status status="PASS" starttime="20220711 17:48:14.864" endtime="20220711 17:48:15.389"/>
</iter>
<iter>
<var name="${i}">9</var>
<kw name="Get current second">
<var>${current.sec}</var>
<tag>list4</tag>
<kw name="Get Current Date" library="DateTime">
<var>${current}</var>
<arg>result_format=DateTime</arg>
<doc>Returns current local or UTC time with an optional increment.</doc>
<msg timestamp="20220711 17:48:15.389" level="INFO">${current} = 2022-07-11 17:48:15.388956</msg>
<status status="PASS" starttime="20220711 17:48:15.389" endtime="20220711 17:48:15.389"/>
</kw>
<msg timestamp="20220711 17:48:15.389" level="INFO">${current.sec} = 15</msg>
<status status="PASS" starttime="20220711 17:48:15.389" endtime="20220711 17:48:15.389"/>
</kw>
<if>
<branch type="IF" condition="${current.sec} &lt;= ${30} and ${current.sec} &gt;= ${1}">
<kw name="Log To Console" library="BuiltIn">
<arg>${EMPTY}</arg>
<doc>Logs the given message to the console.</doc>
<status status="PASS" starttime="20220711 17:48:15.389" endtime="20220711 17:48:15.389"/>
</kw>
<kw name="Log To Console" library="BuiltIn">
<arg>Current second is ${current.sec} Low</arg>
<doc>Logs the given message to the console.</doc>
<status status="PASS" starttime="20220711 17:48:15.389" endtime="20220711 17:48:15.397"/>
</kw>
<status status="PASS" starttime="20220711 17:48:15.389" endtime="20220711 17:48:15.397"/>
</branch>
<branch type="ELSE IF" condition="${current.sec} &lt;= ${59} and ${current.sec} &gt;= ${31}">
<kw name="Log To Console" library="BuiltIn">
<arg>${EMPTY}</arg>
<doc>Logs the given message to the console.</doc>
<status status="NOT RUN" starttime="20220711 17:48:15.397" endtime="20220711 17:48:15.397"/>
</kw>
<kw name="Log To Console" library="BuiltIn">
<arg>Current second is ${current.sec} HIGH</arg>
<doc>Logs the given message to the console.</doc>
<status status="NOT RUN" starttime="20220711 17:48:15.397" endtime="20220711 17:48:15.397"/>
</kw>
<status status="NOT RUN" starttime="20220711 17:48:15.397" endtime="20220711 17:48:15.397"/>
</branch>
<branch type="ELSE">
<kw name="Log To Console" library="BuiltIn">
<arg>${EMPTY}</arg>
<doc>Logs the given message to the console.</doc>
<status status="NOT RUN" starttime="20220711 17:48:15.397" endtime="20220711 17:48:15.397"/>
</kw>
<kw name="Log To Console" library="BuiltIn">
<arg>Current second is ${current.sec} Jackpot</arg>
<doc>Logs the given message to the console.</doc>
<status status="NOT RUN" starttime="20220711 17:48:15.397" endtime="20220711 17:48:15.397"/>
</kw>
<kw name="Exit For Loop If" library="BuiltIn">
<arg>${current.sec} == ${0}</arg>
<doc>Stops executing the enclosing FOR loop if the ``condition`` is true.</doc>
<status status="NOT RUN" starttime="20220711 17:48:15.397" endtime="20220711 17:48:15.397"/>
</kw>
<status status="NOT RUN" starttime="20220711 17:48:15.397" endtime="20220711 17:48:15.397"/>
</branch>
<status status="PASS" starttime="20220711 17:48:15.389" endtime="20220711 17:48:15.397"/>
</if>
<kw name="Sleep" library="BuiltIn">
<arg>0.5s</arg>
<doc>Pauses the test executed for the given time.</doc>
<msg timestamp="20220711 17:48:15.913" level="INFO">Slept 500 milliseconds</msg>
<status status="PASS" starttime="20220711 17:48:15.397" endtime="20220711 17:48:15.913"/>
</kw>
<status status="PASS" starttime="20220711 17:48:15.389" endtime="20220711 17:48:15.913"/>
</iter>
<iter>
<var name="${i}">10</var>
<kw name="Get current second">
<var>${current.sec}</var>
<tag>list4</tag>
<kw name="Get Current Date" library="DateTime">
<var>${current}</var>
<arg>result_format=DateTime</arg>
<doc>Returns current local or UTC time with an optional increment.</doc>
<msg timestamp="20220711 17:48:15.914" level="INFO">${current} = 2022-07-11 17:48:15.913885</msg>
<status status="PASS" starttime="20220711 17:48:15.914" endtime="20220711 17:48:15.914"/>
</kw>
<msg timestamp="20220711 17:48:15.914" level="INFO">${current.sec} = 15</msg>
<status status="PASS" starttime="20220711 17:48:15.914" endtime="20220711 17:48:15.914"/>
</kw>
<if>
<branch type="IF" condition="${current.sec} &lt;= ${30} and ${current.sec} &gt;= ${1}">
<kw name="Log To Console" library="BuiltIn">
<arg>${EMPTY}</arg>
<doc>Logs the given message to the console.</doc>
<status status="PASS" starttime="20220711 17:48:15.914" endtime="20220711 17:48:15.914"/>
</kw>
<kw name="Log To Console" library="BuiltIn">
<arg>Current second is ${current.sec} Low</arg>
<doc>Logs the given message to the console.</doc>
<status status="PASS" starttime="20220711 17:48:15.914" endtime="20220711 17:48:15.922"/>
</kw>
<status status="PASS" starttime="20220711 17:48:15.914" endtime="20220711 17:48:15.922"/>
</branch>
<branch type="ELSE IF" condition="${current.sec} &lt;= ${59} and ${current.sec} &gt;= ${31}">
<kw name="Log To Console" library="BuiltIn">
<arg>${EMPTY}</arg>
<doc>Logs the given message to the console.</doc>
<status status="NOT RUN" starttime="20220711 17:48:15.922" endtime="20220711 17:48:15.923"/>
</kw>
<kw name="Log To Console" library="BuiltIn">
<arg>Current second is ${current.sec} HIGH</arg>
<doc>Logs the given message to the console.</doc>
<status status="NOT RUN" starttime="20220711 17:48:15.923" endtime="20220711 17:48:15.923"/>
</kw>
<status status="NOT RUN" starttime="20220711 17:48:15.922" endtime="20220711 17:48:15.923"/>
</branch>
<branch type="ELSE">
<kw name="Log To Console" library="BuiltIn">
<arg>${EMPTY}</arg>
<doc>Logs the given message to the console.</doc>
<status status="NOT RUN" starttime="20220711 17:48:15.923" endtime="20220711 17:48:15.923"/>
</kw>
<kw name="Log To Console" library="BuiltIn">
<arg>Current second is ${current.sec} Jackpot</arg>
<doc>Logs the given message to the console.</doc>
<status status="NOT RUN" starttime="20220711 17:48:15.923" endtime="20220711 17:48:15.923"/>
</kw>
<kw name="Exit For Loop If" library="BuiltIn">
<arg>${current.sec} == ${0}</arg>
<doc>Stops executing the enclosing FOR loop if the ``condition`` is true.</doc>
<status status="NOT RUN" starttime="20220711 17:48:15.923" endtime="20220711 17:48:15.923"/>
</kw>
<status status="NOT RUN" starttime="20220711 17:48:15.923" endtime="20220711 17:48:15.923"/>
</branch>
<status status="PASS" starttime="20220711 17:48:15.914" endtime="20220711 17:48:15.923"/>
</if>
<kw name="Sleep" library="BuiltIn">
<arg>0.5s</arg>
<doc>Pauses the test executed for the given time.</doc>
<msg timestamp="20220711 17:48:16.430" level="INFO">Slept 500 milliseconds</msg>
<status status="PASS" starttime="20220711 17:48:15.923" endtime="20220711 17:48:16.431"/>
</kw>
<status status="PASS" starttime="20220711 17:48:15.913" endtime="20220711 17:48:16.431"/>
</iter>
<iter>
<var name="${i}">11</var>
<kw name="Get current second">
<var>${current.sec}</var>
<tag>list4</tag>
<kw name="Get Current Date" library="DateTime">
<var>${current}</var>
<arg>result_format=DateTime</arg>
<doc>Returns current local or UTC time with an optional increment.</doc>
<msg timestamp="20220711 17:48:16.431" level="INFO">${current} = 2022-07-11 17:48:16.430765</msg>
<status status="PASS" starttime="20220711 17:48:16.431" endtime="20220711 17:48:16.431"/>
</kw>
<msg timestamp="20220711 17:48:16.431" level="INFO">${current.sec} = 16</msg>
<status status="PASS" starttime="20220711 17:48:16.431" endtime="20220711 17:48:16.431"/>
</kw>
<if>
<branch type="IF" condition="${current.sec} &lt;= ${30} and ${current.sec} &gt;= ${1}">
<kw name="Log To Console" library="BuiltIn">
<arg>${EMPTY}</arg>
<doc>Logs the given message to the console.</doc>
<status status="PASS" starttime="20220711 17:48:16.431" endtime="20220711 17:48:16.431"/>
</kw>
<kw name="Log To Console" library="BuiltIn">
<arg>Current second is ${current.sec} Low</arg>
<doc>Logs the given message to the console.</doc>
<status status="PASS" starttime="20220711 17:48:16.439" endtime="20220711 17:48:16.439"/>
</kw>
<status status="PASS" starttime="20220711 17:48:16.431" endtime="20220711 17:48:16.439"/>
</branch>
<branch type="ELSE IF" condition="${current.sec} &lt;= ${59} and ${current.sec} &gt;= ${31}">
<kw name="Log To Console" library="BuiltIn">
<arg>${EMPTY}</arg>
<doc>Logs the given message to the console.</doc>
<status status="NOT RUN" starttime="20220711 17:48:16.439" endtime="20220711 17:48:16.439"/>
</kw>
<kw name="Log To Console" library="BuiltIn">
<arg>Current second is ${current.sec} HIGH</arg>
<doc>Logs the given message to the console.</doc>
<status status="NOT RUN" starttime="20220711 17:48:16.439" endtime="20220711 17:48:16.439"/>
</kw>
<status status="NOT RUN" starttime="20220711 17:48:16.439" endtime="20220711 17:48:16.439"/>
</branch>
<branch type="ELSE">
<kw name="Log To Console" library="BuiltIn">
<arg>${EMPTY}</arg>
<doc>Logs the given message to the console.</doc>
<status status="NOT RUN" starttime="20220711 17:48:16.439" endtime="20220711 17:48:16.439"/>
</kw>
<kw name="Log To Console" library="BuiltIn">
<arg>Current second is ${current.sec} Jackpot</arg>
<doc>Logs the given message to the console.</doc>
<status status="NOT RUN" starttime="20220711 17:48:16.439" endtime="20220711 17:48:16.439"/>
</kw>
<kw name="Exit For Loop If" library="BuiltIn">
<arg>${current.sec} == ${0}</arg>
<doc>Stops executing the enclosing FOR loop if the ``condition`` is true.</doc>
<status status="NOT RUN" starttime="20220711 17:48:16.439" endtime="20220711 17:48:16.439"/>
</kw>
<status status="NOT RUN" starttime="20220711 17:48:16.439" endtime="20220711 17:48:16.439"/>
</branch>
<status status="PASS" starttime="20220711 17:48:16.431" endtime="20220711 17:48:16.439"/>
</if>
<kw name="Sleep" library="BuiltIn">
<arg>0.5s</arg>
<doc>Pauses the test executed for the given time.</doc>
<msg timestamp="20220711 17:48:16.947" level="INFO">Slept 500 milliseconds</msg>
<status status="PASS" starttime="20220711 17:48:16.439" endtime="20220711 17:48:16.947"/>
</kw>
<status status="PASS" starttime="20220711 17:48:16.431" endtime="20220711 17:48:16.947"/>
</iter>
<iter>
<var name="${i}">12</var>
<kw name="Get current second">
<var>${current.sec}</var>
<tag>list4</tag>
<kw name="Get Current Date" library="DateTime">
<var>${current}</var>
<arg>result_format=DateTime</arg>
<doc>Returns current local or UTC time with an optional increment.</doc>
<msg timestamp="20220711 17:48:16.947" level="INFO">${current} = 2022-07-11 17:48:16.947102</msg>
<status status="PASS" starttime="20220711 17:48:16.947" endtime="20220711 17:48:16.947"/>
</kw>
<msg timestamp="20220711 17:48:16.947" level="INFO">${current.sec} = 16</msg>
<status status="PASS" starttime="20220711 17:48:16.947" endtime="20220711 17:48:16.947"/>
</kw>
<if>
<branch type="IF" condition="${current.sec} &lt;= ${30} and ${current.sec} &gt;= ${1}">
<kw name="Log To Console" library="BuiltIn">
<arg>${EMPTY}</arg>
<doc>Logs the given message to the console.</doc>
<status status="PASS" starttime="20220711 17:48:16.947" endtime="20220711 17:48:16.947"/>
</kw>
<kw name="Log To Console" library="BuiltIn">
<arg>Current second is ${current.sec} Low</arg>
<doc>Logs the given message to the console.</doc>
<status status="PASS" starttime="20220711 17:48:16.947" endtime="20220711 17:48:16.956"/>
</kw>
<status status="PASS" starttime="20220711 17:48:16.947" endtime="20220711 17:48:16.956"/>
</branch>
<branch type="ELSE IF" condition="${current.sec} &lt;= ${59} and ${current.sec} &gt;= ${31}">
<kw name="Log To Console" library="BuiltIn">
<arg>${EMPTY}</arg>
<doc>Logs the given message to the console.</doc>
<status status="NOT RUN" starttime="20220711 17:48:16.956" endtime="20220711 17:48:16.956"/>
</kw>
<kw name="Log To Console" library="BuiltIn">
<arg>Current second is ${current.sec} HIGH</arg>
<doc>Logs the given message to the console.</doc>
<status status="NOT RUN" starttime="20220711 17:48:16.956" endtime="20220711 17:48:16.956"/>
</kw>
<status status="NOT RUN" starttime="20220711 17:48:16.956" endtime="20220711 17:48:16.956"/>
</branch>
<branch type="ELSE">
<kw name="Log To Console" library="BuiltIn">
<arg>${EMPTY}</arg>
<doc>Logs the given message to the console.</doc>
<status status="NOT RUN" starttime="20220711 17:48:16.956" endtime="20220711 17:48:16.956"/>
</kw>
<kw name="Log To Console" library="BuiltIn">
<arg>Current second is ${current.sec} Jackpot</arg>
<doc>Logs the given message to the console.</doc>
<status status="NOT RUN" starttime="20220711 17:48:16.956" endtime="20220711 17:48:16.956"/>
</kw>
<kw name="Exit For Loop If" library="BuiltIn">
<arg>${current.sec} == ${0}</arg>
<doc>Stops executing the enclosing FOR loop if the ``condition`` is true.</doc>
<status status="NOT RUN" starttime="20220711 17:48:16.956" endtime="20220711 17:48:16.956"/>
</kw>
<status status="NOT RUN" starttime="20220711 17:48:16.956" endtime="20220711 17:48:16.956"/>
</branch>
<status status="PASS" starttime="20220711 17:48:16.947" endtime="20220711 17:48:16.956"/>
</if>
<kw name="Sleep" library="BuiltIn">
<arg>0.5s</arg>
<doc>Pauses the test executed for the given time.</doc>
<msg timestamp="20220711 17:48:17.463" level="INFO">Slept 500 milliseconds</msg>
<status status="PASS" starttime="20220711 17:48:16.956" endtime="20220711 17:48:17.464"/>
</kw>
<status status="PASS" starttime="20220711 17:48:16.947" endtime="20220711 17:48:17.464"/>
</iter>
<iter>
<var name="${i}">13</var>
<kw name="Get current second">
<var>${current.sec}</var>
<tag>list4</tag>
<kw name="Get Current Date" library="DateTime">
<var>${current}</var>
<arg>result_format=DateTime</arg>
<doc>Returns current local or UTC time with an optional increment.</doc>
<msg timestamp="20220711 17:48:17.464" level="INFO">${current} = 2022-07-11 17:48:17.464006</msg>
<status status="PASS" starttime="20220711 17:48:17.464" endtime="20220711 17:48:17.464"/>
</kw>
<msg timestamp="20220711 17:48:17.464" level="INFO">${current.sec} = 17</msg>
<status status="PASS" starttime="20220711 17:48:17.464" endtime="20220711 17:48:17.464"/>
</kw>
<if>
<branch type="IF" condition="${current.sec} &lt;= ${30} and ${current.sec} &gt;= ${1}">
<kw name="Log To Console" library="BuiltIn">
<arg>${EMPTY}</arg>
<doc>Logs the given message to the console.</doc>
<status status="PASS" starttime="20220711 17:48:17.464" endtime="20220711 17:48:17.464"/>
</kw>
<kw name="Log To Console" library="BuiltIn">
<arg>Current second is ${current.sec} Low</arg>
<doc>Logs the given message to the console.</doc>
<status status="PASS" starttime="20220711 17:48:17.472" endtime="20220711 17:48:17.472"/>
</kw>
<status status="PASS" starttime="20220711 17:48:17.464" endtime="20220711 17:48:17.472"/>
</branch>
<branch type="ELSE IF" condition="${current.sec} &lt;= ${59} and ${current.sec} &gt;= ${31}">
<kw name="Log To Console" library="BuiltIn">
<arg>${EMPTY}</arg>
<doc>Logs the given message to the console.</doc>
<status status="NOT RUN" starttime="20220711 17:48:17.472" endtime="20220711 17:48:17.472"/>
</kw>
<kw name="Log To Console" library="BuiltIn">
<arg>Current second is ${current.sec} HIGH</arg>
<doc>Logs the given message to the console.</doc>
<status status="NOT RUN" starttime="20220711 17:48:17.472" endtime="20220711 17:48:17.472"/>
</kw>
<status status="NOT RUN" starttime="20220711 17:48:17.472" endtime="20220711 17:48:17.472"/>
</branch>
<branch type="ELSE">
<kw name="Log To Console" library="BuiltIn">
<arg>${EMPTY}</arg>
<doc>Logs the given message to the console.</doc>
<status status="NOT RUN" starttime="20220711 17:48:17.472" endtime="20220711 17:48:17.472"/>
</kw>
<kw name="Log To Console" library="BuiltIn">
<arg>Current second is ${current.sec} Jackpot</arg>
<doc>Logs the given message to the console.</doc>
<status status="NOT RUN" starttime="20220711 17:48:17.472" endtime="20220711 17:48:17.472"/>
</kw>
<kw name="Exit For Loop If" library="BuiltIn">
<arg>${current.sec} == ${0}</arg>
<doc>Stops executing the enclosing FOR loop if the ``condition`` is true.</doc>
<status status="NOT RUN" starttime="20220711 17:48:17.472" endtime="20220711 17:48:17.472"/>
</kw>
<status status="NOT RUN" starttime="20220711 17:48:17.472" endtime="20220711 17:48:17.472"/>
</branch>
<status status="PASS" starttime="20220711 17:48:17.464" endtime="20220711 17:48:17.472"/>
</if>
<kw name="Sleep" library="BuiltIn">
<arg>0.5s</arg>
<doc>Pauses the test executed for the given time.</doc>
<msg timestamp="20220711 17:48:17.980" level="INFO">Slept 500 milliseconds</msg>
<status status="PASS" starttime="20220711 17:48:17.472" endtime="20220711 17:48:17.981"/>
</kw>
<status status="PASS" starttime="20220711 17:48:17.464" endtime="20220711 17:48:17.981"/>
</iter>
<iter>
<var name="${i}">14</var>
<kw name="Get current second">
<var>${current.sec}</var>
<tag>list4</tag>
<kw name="Get Current Date" library="DateTime">
<var>${current}</var>
<arg>result_format=DateTime</arg>
<doc>Returns current local or UTC time with an optional increment.</doc>
<msg timestamp="20220711 17:48:17.981" level="INFO">${current} = 2022-07-11 17:48:17.980561</msg>
<status status="PASS" starttime="20220711 17:48:17.981" endtime="20220711 17:48:17.981"/>
</kw>
<msg timestamp="20220711 17:48:17.981" level="INFO">${current.sec} = 17</msg>
<status status="PASS" starttime="20220711 17:48:17.981" endtime="20220711 17:48:17.981"/>
</kw>
<if>
<branch type="IF" condition="${current.sec} &lt;= ${30} and ${current.sec} &gt;= ${1}">
<kw name="Log To Console" library="BuiltIn">
<arg>${EMPTY}</arg>
<doc>Logs the given message to the console.</doc>
<status status="PASS" starttime="20220711 17:48:17.981" endtime="20220711 17:48:17.981"/>
</kw>
<kw name="Log To Console" library="BuiltIn">
<arg>Current second is ${current.sec} Low</arg>
<doc>Logs the given message to the console.</doc>
<status status="PASS" starttime="20220711 17:48:17.981" endtime="20220711 17:48:17.989"/>
</kw>
<status status="PASS" starttime="20220711 17:48:17.981" endtime="20220711 17:48:17.989"/>
</branch>
<branch type="ELSE IF" condition="${current.sec} &lt;= ${59} and ${current.sec} &gt;= ${31}">
<kw name="Log To Console" library="BuiltIn">
<arg>${EMPTY}</arg>
<doc>Logs the given message to the console.</doc>
<status status="NOT RUN" starttime="20220711 17:48:17.989" endtime="20220711 17:48:17.989"/>
</kw>
<kw name="Log To Console" library="BuiltIn">
<arg>Current second is ${current.sec} HIGH</arg>
<doc>Logs the given message to the console.</doc>
<status status="NOT RUN" starttime="20220711 17:48:17.989" endtime="20220711 17:48:17.989"/>
</kw>
<status status="NOT RUN" starttime="20220711 17:48:17.989" endtime="20220711 17:48:17.989"/>
</branch>
<branch type="ELSE">
<kw name="Log To Console" library="BuiltIn">
<arg>${EMPTY}</arg>
<doc>Logs the given message to the console.</doc>
<status status="NOT RUN" starttime="20220711 17:48:17.989" endtime="20220711 17:48:17.989"/>
</kw>
<kw name="Log To Console" library="BuiltIn">
<arg>Current second is ${current.sec} Jackpot</arg>
<doc>Logs the given message to the console.</doc>
<status status="NOT RUN" starttime="20220711 17:48:17.989" endtime="20220711 17:48:17.989"/>
</kw>
<kw name="Exit For Loop If" library="BuiltIn">
<arg>${current.sec} == ${0}</arg>
<doc>Stops executing the enclosing FOR loop if the ``condition`` is true.</doc>
<status status="NOT RUN" starttime="20220711 17:48:17.989" endtime="20220711 17:48:17.989"/>
</kw>
<status status="NOT RUN" starttime="20220711 17:48:17.989" endtime="20220711 17:48:17.989"/>
</branch>
<status status="PASS" starttime="20220711 17:48:17.981" endtime="20220711 17:48:17.989"/>
</if>
<kw name="Sleep" library="BuiltIn">
<arg>0.5s</arg>
<doc>Pauses the test executed for the given time.</doc>
<msg timestamp="20220711 17:48:18.497" level="INFO">Slept 500 milliseconds</msg>
<status status="PASS" starttime="20220711 17:48:17.989" endtime="20220711 17:48:18.497"/>
</kw>
<status status="PASS" starttime="20220711 17:48:17.981" endtime="20220711 17:48:18.497"/>
</iter>
<iter>
<var name="${i}">15</var>
<kw name="Get current second">
<var>${current.sec}</var>
<tag>list4</tag>
<kw name="Get Current Date" library="DateTime">
<var>${current}</var>
<arg>result_format=DateTime</arg>
<doc>Returns current local or UTC time with an optional increment.</doc>
<msg timestamp="20220711 17:48:18.497" level="INFO">${current} = 2022-07-11 17:48:18.496612</msg>
<status status="PASS" starttime="20220711 17:48:18.497" endtime="20220711 17:48:18.497"/>
</kw>
<msg timestamp="20220711 17:48:18.497" level="INFO">${current.sec} = 18</msg>
<status status="PASS" starttime="20220711 17:48:18.497" endtime="20220711 17:48:18.497"/>
</kw>
<if>
<branch type="IF" condition="${current.sec} &lt;= ${30} and ${current.sec} &gt;= ${1}">
<kw name="Log To Console" library="BuiltIn">
<arg>${EMPTY}</arg>
<doc>Logs the given message to the console.</doc>
<status status="PASS" starttime="20220711 17:48:18.497" endtime="20220711 17:48:18.497"/>
</kw>
<kw name="Log To Console" library="BuiltIn">
<arg>Current second is ${current.sec} Low</arg>
<doc>Logs the given message to the console.</doc>
<status status="PASS" starttime="20220711 17:48:18.497" endtime="20220711 17:48:18.505"/>
</kw>
<status status="PASS" starttime="20220711 17:48:18.497" endtime="20220711 17:48:18.505"/>
</branch>
<branch type="ELSE IF" condition="${current.sec} &lt;= ${59} and ${current.sec} &gt;= ${31}">
<kw name="Log To Console" library="BuiltIn">
<arg>${EMPTY}</arg>
<doc>Logs the given message to the console.</doc>
<status status="NOT RUN" starttime="20220711 17:48:18.505" endtime="20220711 17:48:18.505"/>
</kw>
<kw name="Log To Console" library="BuiltIn">
<arg>Current second is ${current.sec} HIGH</arg>
<doc>Logs the given message to the console.</doc>
<status status="NOT RUN" starttime="20220711 17:48:18.505" endtime="20220711 17:48:18.505"/>
</kw>
<status status="NOT RUN" starttime="20220711 17:48:18.505" endtime="20220711 17:48:18.505"/>
</branch>
<branch type="ELSE">
<kw name="Log To Console" library="BuiltIn">
<arg>${EMPTY}</arg>
<doc>Logs the given message to the console.</doc>
<status status="NOT RUN" starttime="20220711 17:48:18.505" endtime="20220711 17:48:18.505"/>
</kw>
<kw name="Log To Console" library="BuiltIn">
<arg>Current second is ${current.sec} Jackpot</arg>
<doc>Logs the given message to the console.</doc>
<status status="NOT RUN" starttime="20220711 17:48:18.505" endtime="20220711 17:48:18.505"/>
</kw>
<kw name="Exit For Loop If" library="BuiltIn">
<arg>${current.sec} == ${0}</arg>
<doc>Stops executing the enclosing FOR loop if the ``condition`` is true.</doc>
<status status="NOT RUN" starttime="20220711 17:48:18.505" endtime="20220711 17:48:18.505"/>
</kw>
<status status="NOT RUN" starttime="20220711 17:48:18.505" endtime="20220711 17:48:18.505"/>
</branch>
<status status="PASS" starttime="20220711 17:48:18.497" endtime="20220711 17:48:18.505"/>
</if>
<kw name="Sleep" library="BuiltIn">
<arg>0.5s</arg>
<doc>Pauses the test executed for the given time.</doc>
<msg timestamp="20220711 17:48:19.005" level="INFO">Slept 500 milliseconds</msg>
<status status="PASS" starttime="20220711 17:48:18.505" endtime="20220711 17:48:19.005"/>
</kw>
<status status="PASS" starttime="20220711 17:48:18.497" endtime="20220711 17:48:19.005"/>
</iter>
<iter>
<var name="${i}">16</var>
<kw name="Get current second">
<var>${current.sec}</var>
<tag>list4</tag>
<kw name="Get Current Date" library="DateTime">
<var>${current}</var>
<arg>result_format=DateTime</arg>
<doc>Returns current local or UTC time with an optional increment.</doc>
<msg timestamp="20220711 17:48:19.005" level="INFO">${current} = 2022-07-11 17:48:19.005484</msg>
<status status="PASS" starttime="20220711 17:48:19.005" endtime="20220711 17:48:19.005"/>
</kw>
<msg timestamp="20220711 17:48:19.005" level="INFO">${current.sec} = 19</msg>
<status status="PASS" starttime="20220711 17:48:19.005" endtime="20220711 17:48:19.005"/>
</kw>
<if>
<branch type="IF" condition="${current.sec} &lt;= ${30} and ${current.sec} &gt;= ${1}">
<kw name="Log To Console" library="BuiltIn">
<arg>${EMPTY}</arg>
<doc>Logs the given message to the console.</doc>
<status status="PASS" starttime="20220711 17:48:19.005" endtime="20220711 17:48:19.014"/>
</kw>
<kw name="Log To Console" library="BuiltIn">
<arg>Current second is ${current.sec} Low</arg>
<doc>Logs the given message to the console.</doc>
<status status="PASS" starttime="20220711 17:48:19.014" endtime="20220711 17:48:19.014"/>
</kw>
<status status="PASS" starttime="20220711 17:48:19.005" endtime="20220711 17:48:19.014"/>
</branch>
<branch type="ELSE IF" condition="${current.sec} &lt;= ${59} and ${current.sec} &gt;= ${31}">
<kw name="Log To Console" library="BuiltIn">
<arg>${EMPTY}</arg>
<doc>Logs the given message to the console.</doc>
<status status="NOT RUN" starttime="20220711 17:48:19.014" endtime="20220711 17:48:19.014"/>
</kw>
<kw name="Log To Console" library="BuiltIn">
<arg>Current second is ${current.sec} HIGH</arg>
<doc>Logs the given message to the console.</doc>
<status status="NOT RUN" starttime="20220711 17:48:19.014" endtime="20220711 17:48:19.014"/>
</kw>
<status status="NOT RUN" starttime="20220711 17:48:19.014" endtime="20220711 17:48:19.014"/>
</branch>
<branch type="ELSE">
<kw name="Log To Console" library="BuiltIn">
<arg>${EMPTY}</arg>
<doc>Logs the given message to the console.</doc>
<status status="NOT RUN" starttime="20220711 17:48:19.014" endtime="20220711 17:48:19.014"/>
</kw>
<kw name="Log To Console" library="BuiltIn">
<arg>Current second is ${current.sec} Jackpot</arg>
<doc>Logs the given message to the console.</doc>
<status status="NOT RUN" starttime="20220711 17:48:19.014" endtime="20220711 17:48:19.014"/>
</kw>
<kw name="Exit For Loop If" library="BuiltIn">
<arg>${current.sec} == ${0}</arg>
<doc>Stops executing the enclosing FOR loop if the ``condition`` is true.</doc>
<status status="NOT RUN" starttime="20220711 17:48:19.014" endtime="20220711 17:48:19.014"/>
</kw>
<status status="NOT RUN" starttime="20220711 17:48:19.014" endtime="20220711 17:48:19.014"/>
</branch>
<status status="PASS" starttime="20220711 17:48:19.005" endtime="20220711 17:48:19.014"/>
</if>
<kw name="Sleep" library="BuiltIn">
<arg>0.5s</arg>
<doc>Pauses the test executed for the given time.</doc>
<msg timestamp="20220711 17:48:19.522" level="INFO">Slept 500 milliseconds</msg>
<status status="PASS" starttime="20220711 17:48:19.014" endtime="20220711 17:48:19.522"/>
</kw>
<status status="PASS" starttime="20220711 17:48:19.005" endtime="20220711 17:48:19.522"/>
</iter>
<iter>
<var name="${i}">17</var>
<kw name="Get current second">
<var>${current.sec}</var>
<tag>list4</tag>
<kw name="Get Current Date" library="DateTime">
<var>${current}</var>
<arg>result_format=DateTime</arg>
<doc>Returns current local or UTC time with an optional increment.</doc>
<msg timestamp="20220711 17:48:19.522" level="INFO">${current} = 2022-07-11 17:48:19.521530</msg>
<status status="PASS" starttime="20220711 17:48:19.522" endtime="20220711 17:48:19.522"/>
</kw>
<msg timestamp="20220711 17:48:19.522" level="INFO">${current.sec} = 19</msg>
<status status="PASS" starttime="20220711 17:48:19.522" endtime="20220711 17:48:19.522"/>
</kw>
<if>
<branch type="IF" condition="${current.sec} &lt;= ${30} and ${current.sec} &gt;= ${1}">
<kw name="Log To Console" library="BuiltIn">
<arg>${EMPTY}</arg>
<doc>Logs the given message to the console.</doc>
<status status="PASS" starttime="20220711 17:48:19.522" endtime="20220711 17:48:19.522"/>
</kw>
<kw name="Log To Console" library="BuiltIn">
<arg>Current second is ${current.sec} Low</arg>
<doc>Logs the given message to the console.</doc>
<status status="PASS" starttime="20220711 17:48:19.522" endtime="20220711 17:48:19.530"/>
</kw>
<status status="PASS" starttime="20220711 17:48:19.522" endtime="20220711 17:48:19.530"/>
</branch>
<branch type="ELSE IF" condition="${current.sec} &lt;= ${59} and ${current.sec} &gt;= ${31}">
<kw name="Log To Console" library="BuiltIn">
<arg>${EMPTY}</arg>
<doc>Logs the given message to the console.</doc>
<status status="NOT RUN" starttime="20220711 17:48:19.530" endtime="20220711 17:48:19.530"/>
</kw>
<kw name="Log To Console" library="BuiltIn">
<arg>Current second is ${current.sec} HIGH</arg>
<doc>Logs the given message to the console.</doc>
<status status="NOT RUN" starttime="20220711 17:48:19.530" endtime="20220711 17:48:19.530"/>
</kw>
<status status="NOT RUN" starttime="20220711 17:48:19.530" endtime="20220711 17:48:19.530"/>
</branch>
<branch type="ELSE">
<kw name="Log To Console" library="BuiltIn">
<arg>${EMPTY}</arg>
<doc>Logs the given message to the console.</doc>
<status status="NOT RUN" starttime="20220711 17:48:19.530" endtime="20220711 17:48:19.530"/>
</kw>
<kw name="Log To Console" library="BuiltIn">
<arg>Current second is ${current.sec} Jackpot</arg>
<doc>Logs the given message to the console.</doc>
<status status="NOT RUN" starttime="20220711 17:48:19.530" endtime="20220711 17:48:19.530"/>
</kw>
<kw name="Exit For Loop If" library="BuiltIn">
<arg>${current.sec} == ${0}</arg>
<doc>Stops executing the enclosing FOR loop if the ``condition`` is true.</doc>
<status status="NOT RUN" starttime="20220711 17:48:19.530" endtime="20220711 17:48:19.530"/>
</kw>
<status status="NOT RUN" starttime="20220711 17:48:19.530" endtime="20220711 17:48:19.530"/>
</branch>
<status status="PASS" starttime="20220711 17:48:19.522" endtime="20220711 17:48:19.530"/>
</if>
<kw name="Sleep" library="BuiltIn">
<arg>0.5s</arg>
<doc>Pauses the test executed for the given time.</doc>
<msg timestamp="20220711 17:48:20.038" level="INFO">Slept 500 milliseconds</msg>
<status status="PASS" starttime="20220711 17:48:19.530" endtime="20220711 17:48:20.038"/>
</kw>
<status status="PASS" starttime="20220711 17:48:19.522" endtime="20220711 17:48:20.038"/>
</iter>
<iter>
<var name="${i}">18</var>
<kw name="Get current second">
<var>${current.sec}</var>
<tag>list4</tag>
<kw name="Get Current Date" library="DateTime">
<var>${current}</var>
<arg>result_format=DateTime</arg>
<doc>Returns current local or UTC time with an optional increment.</doc>
<msg timestamp="20220711 17:48:20.038" level="INFO">${current} = 2022-07-11 17:48:20.038454</msg>
<status status="PASS" starttime="20220711 17:48:20.038" endtime="20220711 17:48:20.038"/>
</kw>
<msg timestamp="20220711 17:48:20.038" level="INFO">${current.sec} = 20</msg>
<status status="PASS" starttime="20220711 17:48:20.038" endtime="20220711 17:48:20.038"/>
</kw>
<if>
<branch type="IF" condition="${current.sec} &lt;= ${30} and ${current.sec} &gt;= ${1}">
<kw name="Log To Console" library="BuiltIn">
<arg>${EMPTY}</arg>
<doc>Logs the given message to the console.</doc>
<status status="PASS" starttime="20220711 17:48:20.038" endtime="20220711 17:48:20.038"/>
</kw>
<kw name="Log To Console" library="BuiltIn">
<arg>Current second is ${current.sec} Low</arg>
<doc>Logs the given message to the console.</doc>
<status status="PASS" starttime="20220711 17:48:20.038" endtime="20220711 17:48:20.038"/>
</kw>
<status status="PASS" starttime="20220711 17:48:20.038" endtime="20220711 17:48:20.038"/>
</branch>
<branch type="ELSE IF" condition="${current.sec} &lt;= ${59} and ${current.sec} &gt;= ${31}">
<kw name="Log To Console" library="BuiltIn">
<arg>${EMPTY}</arg>
<doc>Logs the given message to the console.</doc>
<status status="NOT RUN" starttime="20220711 17:48:20.038" endtime="20220711 17:48:20.038"/>
</kw>
<kw name="Log To Console" library="BuiltIn">
<arg>Current second is ${current.sec} HIGH</arg>
<doc>Logs the given message to the console.</doc>
<status status="NOT RUN" starttime="20220711 17:48:20.038" endtime="20220711 17:48:20.038"/>
</kw>
<status status="NOT RUN" starttime="20220711 17:48:20.038" endtime="20220711 17:48:20.038"/>
</branch>
<branch type="ELSE">
<kw name="Log To Console" library="BuiltIn">
<arg>${EMPTY}</arg>
<doc>Logs the given message to the console.</doc>
<status status="NOT RUN" starttime="20220711 17:48:20.038" endtime="20220711 17:48:20.038"/>
</kw>
<kw name="Log To Console" library="BuiltIn">
<arg>Current second is ${current.sec} Jackpot</arg>
<doc>Logs the given message to the console.</doc>
<status status="NOT RUN" starttime="20220711 17:48:20.038" endtime="20220711 17:48:20.038"/>
</kw>
<kw name="Exit For Loop If" library="BuiltIn">
<arg>${current.sec} == ${0}</arg>
<doc>Stops executing the enclosing FOR loop if the ``condition`` is true.</doc>
<status status="NOT RUN" starttime="20220711 17:48:20.038" endtime="20220711 17:48:20.038"/>
</kw>
<status status="NOT RUN" starttime="20220711 17:48:20.038" endtime="20220711 17:48:20.038"/>
</branch>
<status status="PASS" starttime="20220711 17:48:20.038" endtime="20220711 17:48:20.038"/>
</if>
<kw name="Sleep" library="BuiltIn">
<arg>0.5s</arg>
<doc>Pauses the test executed for the given time.</doc>
<msg timestamp="20220711 17:48:20.539" level="INFO">Slept 500 milliseconds</msg>
<status status="PASS" starttime="20220711 17:48:20.038" endtime="20220711 17:48:20.539"/>
</kw>
<status status="PASS" starttime="20220711 17:48:20.038" endtime="20220711 17:48:20.539"/>
</iter>
<iter>
<var name="${i}">19</var>
<kw name="Get current second">
<var>${current.sec}</var>
<tag>list4</tag>
<kw name="Get Current Date" library="DateTime">
<var>${current}</var>
<arg>result_format=DateTime</arg>
<doc>Returns current local or UTC time with an optional increment.</doc>
<msg timestamp="20220711 17:48:20.539" level="INFO">${current} = 2022-07-11 17:48:20.538644</msg>
<status status="PASS" starttime="20220711 17:48:20.539" endtime="20220711 17:48:20.539"/>
</kw>
<msg timestamp="20220711 17:48:20.539" level="INFO">${current.sec} = 20</msg>
<status status="PASS" starttime="20220711 17:48:20.539" endtime="20220711 17:48:20.539"/>
</kw>
<if>
<branch type="IF" condition="${current.sec} &lt;= ${30} and ${current.sec} &gt;= ${1}">
<kw name="Log To Console" library="BuiltIn">
<arg>${EMPTY}</arg>
<doc>Logs the given message to the console.</doc>
<status status="PASS" starttime="20220711 17:48:20.539" endtime="20220711 17:48:20.547"/>
</kw>
<kw name="Log To Console" library="BuiltIn">
<arg>Current second is ${current.sec} Low</arg>
<doc>Logs the given message to the console.</doc>
<status status="PASS" starttime="20220711 17:48:20.547" endtime="20220711 17:48:20.547"/>
</kw>
<status status="PASS" starttime="20220711 17:48:20.539" endtime="20220711 17:48:20.547"/>
</branch>
<branch type="ELSE IF" condition="${current.sec} &lt;= ${59} and ${current.sec} &gt;= ${31}">
<kw name="Log To Console" library="BuiltIn">
<arg>${EMPTY}</arg>
<doc>Logs the given message to the console.</doc>
<status status="NOT RUN" starttime="20220711 17:48:20.547" endtime="20220711 17:48:20.547"/>
</kw>
<kw name="Log To Console" library="BuiltIn">
<arg>Current second is ${current.sec} HIGH</arg>
<doc>Logs the given message to the console.</doc>
<status status="NOT RUN" starttime="20220711 17:48:20.547" endtime="20220711 17:48:20.547"/>
</kw>
<status status="NOT RUN" starttime="20220711 17:48:20.547" endtime="20220711 17:48:20.547"/>
</branch>
<branch type="ELSE">
<kw name="Log To Console" library="BuiltIn">
<arg>${EMPTY}</arg>
<doc>Logs the given message to the console.</doc>
<status status="NOT RUN" starttime="20220711 17:48:20.547" endtime="20220711 17:48:20.547"/>
</kw>
<kw name="Log To Console" library="BuiltIn">
<arg>Current second is ${current.sec} Jackpot</arg>
<doc>Logs the given message to the console.</doc>
<status status="NOT RUN" starttime="20220711 17:48:20.547" endtime="20220711 17:48:20.547"/>
</kw>
<kw name="Exit For Loop If" library="BuiltIn">
<arg>${current.sec} == ${0}</arg>
<doc>Stops executing the enclosing FOR loop if the ``condition`` is true.</doc>
<status status="NOT RUN" starttime="20220711 17:48:20.547" endtime="20220711 17:48:20.547"/>
</kw>
<status status="NOT RUN" starttime="20220711 17:48:20.547" endtime="20220711 17:48:20.547"/>
</branch>
<status status="PASS" starttime="20220711 17:48:20.539" endtime="20220711 17:48:20.547"/>
</if>
<kw name="Sleep" library="BuiltIn">
<arg>0.5s</arg>
<doc>Pauses the test executed for the given time.</doc>
<msg timestamp="20220711 17:48:21.056" level="INFO">Slept 500 milliseconds</msg>
<status status="PASS" starttime="20220711 17:48:20.547" endtime="20220711 17:48:21.056"/>
</kw>
<status status="PASS" starttime="20220711 17:48:20.539" endtime="20220711 17:48:21.056"/>
</iter>
<iter>
<var name="${i}">20</var>
<kw name="Get current second">
<var>${current.sec}</var>
<tag>list4</tag>
<kw name="Get Current Date" library="DateTime">
<var>${current}</var>
<arg>result_format=DateTime</arg>
<doc>Returns current local or UTC time with an optional increment.</doc>
<msg timestamp="20220711 17:48:21.057" level="INFO">${current} = 2022-07-11 17:48:21.057319</msg>
<status status="PASS" starttime="20220711 17:48:21.057" endtime="20220711 17:48:21.057"/>
</kw>
<msg timestamp="20220711 17:48:21.060" level="INFO">${current.sec} = 21</msg>
<status status="PASS" starttime="20220711 17:48:21.057" endtime="20220711 17:48:21.060"/>
</kw>
<if>
<branch type="IF" condition="${current.sec} &lt;= ${30} and ${current.sec} &gt;= ${1}">
<kw name="Log To Console" library="BuiltIn">
<arg>${EMPTY}</arg>
<doc>Logs the given message to the console.</doc>
<status status="PASS" starttime="20220711 17:48:21.060" endtime="20220711 17:48:21.060"/>
</kw>
<kw name="Log To Console" library="BuiltIn">
<arg>Current second is ${current.sec} Low</arg>
<doc>Logs the given message to the console.</doc>
<status status="PASS" starttime="20220711 17:48:21.060" endtime="20220711 17:48:21.063"/>
</kw>
<status status="PASS" starttime="20220711 17:48:21.060" endtime="20220711 17:48:21.063"/>
</branch>
<branch type="ELSE IF" condition="${current.sec} &lt;= ${59} and ${current.sec} &gt;= ${31}">
<kw name="Log To Console" library="BuiltIn">
<arg>${EMPTY}</arg>
<doc>Logs the given message to the console.</doc>
<status status="NOT RUN" starttime="20220711 17:48:21.063" endtime="20220711 17:48:21.063"/>
</kw>
<kw name="Log To Console" library="BuiltIn">
<arg>Current second is ${current.sec} HIGH</arg>
<doc>Logs the given message to the console.</doc>
<status status="NOT RUN" starttime="20220711 17:48:21.063" endtime="20220711 17:48:21.063"/>
</kw>
<status status="NOT RUN" starttime="20220711 17:48:21.063" endtime="20220711 17:48:21.063"/>
</branch>
<branch type="ELSE">
<kw name="Log To Console" library="BuiltIn">
<arg>${EMPTY}</arg>
<doc>Logs the given message to the console.</doc>
<status status="NOT RUN" starttime="20220711 17:48:21.063" endtime="20220711 17:48:21.063"/>
</kw>
<kw name="Log To Console" library="BuiltIn">
<arg>Current second is ${current.sec} Jackpot</arg>
<doc>Logs the given message to the console.</doc>
<status status="NOT RUN" starttime="20220711 17:48:21.063" endtime="20220711 17:48:21.063"/>
</kw>
<kw name="Exit For Loop If" library="BuiltIn">
<arg>${current.sec} == ${0}</arg>
<doc>Stops executing the enclosing FOR loop if the ``condition`` is true.</doc>
<status status="NOT RUN" starttime="20220711 17:48:21.063" endtime="20220711 17:48:21.063"/>
</kw>
<status status="NOT RUN" starttime="20220711 17:48:21.063" endtime="20220711 17:48:21.063"/>
</branch>
<status status="PASS" starttime="20220711 17:48:21.060" endtime="20220711 17:48:21.063"/>
</if>
<kw name="Sleep" library="BuiltIn">
<arg>0.5s</arg>
<doc>Pauses the test executed for the given time.</doc>
<msg timestamp="20220711 17:48:21.572" level="INFO">Slept 500 milliseconds</msg>
<status status="PASS" starttime="20220711 17:48:21.063" endtime="20220711 17:48:21.572"/>
</kw>
<status status="PASS" starttime="20220711 17:48:21.056" endtime="20220711 17:48:21.572"/>
</iter>
<iter>
<var name="${i}">21</var>
<kw name="Get current second">
<var>${current.sec}</var>
<tag>list4</tag>
<kw name="Get Current Date" library="DateTime">
<var>${current}</var>
<arg>result_format=DateTime</arg>
<doc>Returns current local or UTC time with an optional increment.</doc>
<msg timestamp="20220711 17:48:21.572" level="INFO">${current} = 2022-07-11 17:48:21.572229</msg>
<status status="PASS" starttime="20220711 17:48:21.572" endtime="20220711 17:48:21.572"/>
</kw>
<msg timestamp="20220711 17:48:21.572" level="INFO">${current.sec} = 21</msg>
<status status="PASS" starttime="20220711 17:48:21.572" endtime="20220711 17:48:21.572"/>
</kw>
<if>
<branch type="IF" condition="${current.sec} &lt;= ${30} and ${current.sec} &gt;= ${1}">
<kw name="Log To Console" library="BuiltIn">
<arg>${EMPTY}</arg>
<doc>Logs the given message to the console.</doc>
<status status="PASS" starttime="20220711 17:48:21.572" endtime="20220711 17:48:21.572"/>
</kw>
<kw name="Log To Console" library="BuiltIn">
<arg>Current second is ${current.sec} Low</arg>
<doc>Logs the given message to the console.</doc>
<status status="PASS" starttime="20220711 17:48:21.572" endtime="20220711 17:48:21.577"/>
</kw>
<status status="PASS" starttime="20220711 17:48:21.572" endtime="20220711 17:48:21.577"/>
</branch>
<branch type="ELSE IF" condition="${current.sec} &lt;= ${59} and ${current.sec} &gt;= ${31}">
<kw name="Log To Console" library="BuiltIn">
<arg>${EMPTY}</arg>
<doc>Logs the given message to the console.</doc>
<status status="NOT RUN" starttime="20220711 17:48:21.577" endtime="20220711 17:48:21.577"/>
</kw>
<kw name="Log To Console" library="BuiltIn">
<arg>Current second is ${current.sec} HIGH</arg>
<doc>Logs the given message to the console.</doc>
<status status="NOT RUN" starttime="20220711 17:48:21.577" endtime="20220711 17:48:21.577"/>
</kw>
<status status="NOT RUN" starttime="20220711 17:48:21.577" endtime="20220711 17:48:21.577"/>
</branch>
<branch type="ELSE">
<kw name="Log To Console" library="BuiltIn">
<arg>${EMPTY}</arg>
<doc>Logs the given message to the console.</doc>
<status status="NOT RUN" starttime="20220711 17:48:21.577" endtime="20220711 17:48:21.577"/>
</kw>
<kw name="Log To Console" library="BuiltIn">
<arg>Current second is ${current.sec} Jackpot</arg>
<doc>Logs the given message to the console.</doc>
<status status="NOT RUN" starttime="20220711 17:48:21.577" endtime="20220711 17:48:21.577"/>
</kw>
<kw name="Exit For Loop If" library="BuiltIn">
<arg>${current.sec} == ${0}</arg>
<doc>Stops executing the enclosing FOR loop if the ``condition`` is true.</doc>
<status status="NOT RUN" starttime="20220711 17:48:21.577" endtime="20220711 17:48:21.577"/>
</kw>
<status status="NOT RUN" starttime="20220711 17:48:21.577" endtime="20220711 17:48:21.577"/>
</branch>
<status status="PASS" starttime="20220711 17:48:21.572" endtime="20220711 17:48:21.577"/>
</if>
<kw name="Sleep" library="BuiltIn">
<arg>0.5s</arg>
<doc>Pauses the test executed for the given time.</doc>
<msg timestamp="20220711 17:48:22.089" level="INFO">Slept 500 milliseconds</msg>
<status status="PASS" starttime="20220711 17:48:21.577" endtime="20220711 17:48:22.089"/>
</kw>
<status status="PASS" starttime="20220711 17:48:21.572" endtime="20220711 17:48:22.089"/>
</iter>
<iter>
<var name="${i}">22</var>
<kw name="Get current second">
<var>${current.sec}</var>
<tag>list4</tag>
<kw name="Get Current Date" library="DateTime">
<var>${current}</var>
<arg>result_format=DateTime</arg>
<doc>Returns current local or UTC time with an optional increment.</doc>
<msg timestamp="20220711 17:48:22.089" level="INFO">${current} = 2022-07-11 17:48:22.088647</msg>
<status status="PASS" starttime="20220711 17:48:22.089" endtime="20220711 17:48:22.089"/>
</kw>
<msg timestamp="20220711 17:48:22.089" level="INFO">${current.sec} = 22</msg>
<status status="PASS" starttime="20220711 17:48:22.089" endtime="20220711 17:48:22.089"/>
</kw>
<if>
<branch type="IF" condition="${current.sec} &lt;= ${30} and ${current.sec} &gt;= ${1}">
<kw name="Log To Console" library="BuiltIn">
<arg>${EMPTY}</arg>
<doc>Logs the given message to the console.</doc>
<status status="PASS" starttime="20220711 17:48:22.094" endtime="20220711 17:48:22.096"/>
</kw>
<kw name="Log To Console" library="BuiltIn">
<arg>Current second is ${current.sec} Low</arg>
<doc>Logs the given message to the console.</doc>
<status status="PASS" starttime="20220711 17:48:22.097" endtime="20220711 17:48:22.097"/>
</kw>
<status status="PASS" starttime="20220711 17:48:22.094" endtime="20220711 17:48:22.097"/>
</branch>
<branch type="ELSE IF" condition="${current.sec} &lt;= ${59} and ${current.sec} &gt;= ${31}">
<kw name="Log To Console" library="BuiltIn">
<arg>${EMPTY}</arg>
<doc>Logs the given message to the console.</doc>
<status status="NOT RUN" starttime="20220711 17:48:22.097" endtime="20220711 17:48:22.097"/>
</kw>
<kw name="Log To Console" library="BuiltIn">
<arg>Current second is ${current.sec} HIGH</arg>
<doc>Logs the given message to the console.</doc>
<status status="NOT RUN" starttime="20220711 17:48:22.097" endtime="20220711 17:48:22.097"/>
</kw>
<status status="NOT RUN" starttime="20220711 17:48:22.097" endtime="20220711 17:48:22.097"/>
</branch>
<branch type="ELSE">
<kw name="Log To Console" library="BuiltIn">
<arg>${EMPTY}</arg>
<doc>Logs the given message to the console.</doc>
<status status="NOT RUN" starttime="20220711 17:48:22.097" endtime="20220711 17:48:22.097"/>
</kw>
<kw name="Log To Console" library="BuiltIn">
<arg>Current second is ${current.sec} Jackpot</arg>
<doc>Logs the given message to the console.</doc>
<status status="NOT RUN" starttime="20220711 17:48:22.097" endtime="20220711 17:48:22.097"/>
</kw>
<kw name="Exit For Loop If" library="BuiltIn">
<arg>${current.sec} == ${0}</arg>
<doc>Stops executing the enclosing FOR loop if the ``condition`` is true.</doc>
<status status="NOT RUN" starttime="20220711 17:48:22.097" endtime="20220711 17:48:22.097"/>
</kw>
<status status="NOT RUN" starttime="20220711 17:48:22.097" endtime="20220711 17:48:22.097"/>
</branch>
<status status="PASS" starttime="20220711 17:48:22.089" endtime="20220711 17:48:22.097"/>
</if>
<kw name="Sleep" library="BuiltIn">
<arg>0.5s</arg>
<doc>Pauses the test executed for the given time.</doc>
<msg timestamp="20220711 17:48:22.605" level="INFO">Slept 500 milliseconds</msg>
<status status="PASS" starttime="20220711 17:48:22.097" endtime="20220711 17:48:22.605"/>
</kw>
<status status="PASS" starttime="20220711 17:48:22.089" endtime="20220711 17:48:22.605"/>
</iter>
<iter>
<var name="${i}">23</var>
<kw name="Get current second">
<var>${current.sec}</var>
<tag>list4</tag>
<kw name="Get Current Date" library="DateTime">
<var>${current}</var>
<arg>result_format=DateTime</arg>
<doc>Returns current local or UTC time with an optional increment.</doc>
<msg timestamp="20220711 17:48:22.605" level="INFO">${current} = 2022-07-11 17:48:22.604886</msg>
<status status="PASS" starttime="20220711 17:48:22.605" endtime="20220711 17:48:22.605"/>
</kw>
<msg timestamp="20220711 17:48:22.605" level="INFO">${current.sec} = 22</msg>
<status status="PASS" starttime="20220711 17:48:22.605" endtime="20220711 17:48:22.605"/>
</kw>
<if>
<branch type="IF" condition="${current.sec} &lt;= ${30} and ${current.sec} &gt;= ${1}">
<kw name="Log To Console" library="BuiltIn">
<arg>${EMPTY}</arg>
<doc>Logs the given message to the console.</doc>
<status status="PASS" starttime="20220711 17:48:22.605" endtime="20220711 17:48:22.613"/>
</kw>
<kw name="Log To Console" library="BuiltIn">
<arg>Current second is ${current.sec} Low</arg>
<doc>Logs the given message to the console.</doc>
<status status="PASS" starttime="20220711 17:48:22.613" endtime="20220711 17:48:22.613"/>
</kw>
<status status="PASS" starttime="20220711 17:48:22.605" endtime="20220711 17:48:22.613"/>
</branch>
<branch type="ELSE IF" condition="${current.sec} &lt;= ${59} and ${current.sec} &gt;= ${31}">
<kw name="Log To Console" library="BuiltIn">
<arg>${EMPTY}</arg>
<doc>Logs the given message to the console.</doc>
<status status="NOT RUN" starttime="20220711 17:48:22.613" endtime="20220711 17:48:22.613"/>
</kw>
<kw name="Log To Console" library="BuiltIn">
<arg>Current second is ${current.sec} HIGH</arg>
<doc>Logs the given message to the console.</doc>
<status status="NOT RUN" starttime="20220711 17:48:22.613" endtime="20220711 17:48:22.613"/>
</kw>
<status status="NOT RUN" starttime="20220711 17:48:22.613" endtime="20220711 17:48:22.613"/>
</branch>
<branch type="ELSE">
<kw name="Log To Console" library="BuiltIn">
<arg>${EMPTY}</arg>
<doc>Logs the given message to the console.</doc>
<status status="NOT RUN" starttime="20220711 17:48:22.613" endtime="20220711 17:48:22.613"/>
</kw>
<kw name="Log To Console" library="BuiltIn">
<arg>Current second is ${current.sec} Jackpot</arg>
<doc>Logs the given message to the console.</doc>
<status status="NOT RUN" starttime="20220711 17:48:22.613" endtime="20220711 17:48:22.613"/>
</kw>
<kw name="Exit For Loop If" library="BuiltIn">
<arg>${current.sec} == ${0}</arg>
<doc>Stops executing the enclosing FOR loop if the ``condition`` is true.</doc>
<status status="NOT RUN" starttime="20220711 17:48:22.613" endtime="20220711 17:48:22.613"/>
</kw>
<status status="NOT RUN" starttime="20220711 17:48:22.613" endtime="20220711 17:48:22.613"/>
</branch>
<status status="PASS" starttime="20220711 17:48:22.605" endtime="20220711 17:48:22.613"/>
</if>
<kw name="Sleep" library="BuiltIn">
<arg>0.5s</arg>
<doc>Pauses the test executed for the given time.</doc>
<msg timestamp="20220711 17:48:23.121" level="INFO">Slept 500 milliseconds</msg>
<status status="PASS" starttime="20220711 17:48:22.613" endtime="20220711 17:48:23.121"/>
</kw>
<status status="PASS" starttime="20220711 17:48:22.605" endtime="20220711 17:48:23.121"/>
</iter>
<iter>
<var name="${i}">24</var>
<kw name="Get current second">
<var>${current.sec}</var>
<tag>list4</tag>
<kw name="Get Current Date" library="DateTime">
<var>${current}</var>
<arg>result_format=DateTime</arg>
<doc>Returns current local or UTC time with an optional increment.</doc>
<msg timestamp="20220711 17:48:23.121" level="INFO">${current} = 2022-07-11 17:48:23.121086</msg>
<status status="PASS" starttime="20220711 17:48:23.121" endtime="20220711 17:48:23.121"/>
</kw>
<msg timestamp="20220711 17:48:23.121" level="INFO">${current.sec} = 23</msg>
<status status="PASS" starttime="20220711 17:48:23.121" endtime="20220711 17:48:23.121"/>
</kw>
<if>
<branch type="IF" condition="${current.sec} &lt;= ${30} and ${current.sec} &gt;= ${1}">
<kw name="Log To Console" library="BuiltIn">
<arg>${EMPTY}</arg>
<doc>Logs the given message to the console.</doc>
<status status="PASS" starttime="20220711 17:48:23.121" endtime="20220711 17:48:23.129"/>
</kw>
<kw name="Log To Console" library="BuiltIn">
<arg>Current second is ${current.sec} Low</arg>
[...]
<msg timestamp="20220711 17:48:57.795" level="INFO">${current} = 2022-07-11 17:48:57.794603</msg>
<status status="PASS" starttime="20220711 17:48:57.795" endtime="20220711 17:48:57.795"/>
</kw>
<msg timestamp="20220711 17:48:57.795" level="INFO">${current.sec} = 57</msg>
<status status="PASS" starttime="20220711 17:48:57.794" endtime="20220711 17:48:57.795"/>
</kw>
<if>
<branch type="IF" condition="${current.sec} &lt;= ${30} and ${current.sec} &gt;= ${1}">
<kw name="Log To Console" library="BuiltIn">
<arg>${EMPTY}</arg>
<doc>Logs the given message to the console.</doc>
<status status="NOT RUN" starttime="20220711 17:48:57.795" endtime="20220711 17:48:57.795"/>
</kw>
<kw name="Log To Console" library="BuiltIn">
<arg>Current second is ${current.sec} Low</arg>
<doc>Logs the given message to the console.</doc>
<status status="NOT RUN" starttime="20220711 17:48:57.795" endtime="20220711 17:48:57.795"/>
</kw>
<status status="NOT RUN" starttime="20220711 17:48:57.795" endtime="20220711 17:48:57.795"/>
</branch>
<branch type="ELSE IF" condition="${current.sec} &lt;= ${59} and ${current.sec} &gt;= ${31}">
<kw name="Log To Console" library="BuiltIn">
<arg>${EMPTY}</arg>
<doc>Logs the given message to the console.</doc>
<status status="PASS" starttime="20220711 17:48:57.795" endtime="20220711 17:48:57.803"/>
</kw>
<kw name="Log To Console" library="BuiltIn">
<arg>Current second is ${current.sec} HIGH</arg>
<doc>Logs the given message to the console.</doc>
<status status="PASS" starttime="20220711 17:48:57.803" endtime="20220711 17:48:57.803"/>
</kw>
<status status="PASS" starttime="20220711 17:48:57.795" endtime="20220711 17:48:57.803"/>
</branch>
<branch type="ELSE">
<kw name="Log To Console" library="BuiltIn">
<arg>${EMPTY}</arg>
<doc>Logs the given message to the console.</doc>
<status status="NOT RUN" starttime="20220711 17:48:57.803" endtime="20220711 17:48:57.803"/>
</kw>
<kw name="Log To Console" library="BuiltIn">
<arg>Current second is ${current.sec} Jackpot</arg>
<doc>Logs the given message to the console.</doc>
<status status="NOT RUN" starttime="20220711 17:48:57.803" endtime="20220711 17:48:57.803"/>
</kw>
<kw name="Exit For Loop If" library="BuiltIn">
<arg>${current.sec} == ${0}</arg>
<doc>Stops executing the enclosing FOR loop if the ``condition`` is true.</doc>
<status status="NOT RUN" starttime="20220711 17:48:57.803" endtime="20220711 17:48:57.803"/>
</kw>
<status status="NOT RUN" starttime="20220711 17:48:57.803" endtime="20220711 17:48:57.803"/>
</branch>
<status status="PASS" starttime="20220711 17:48:57.795" endtime="20220711 17:48:57.803"/>
</if>
<kw name="Sleep" library="BuiltIn">
<arg>0.5s</arg>
<doc>Pauses the test executed for the given time.</doc>
<msg timestamp="20220711 17:48:58.322" level="INFO">Slept 500 milliseconds</msg>
<status status="PASS" starttime="20220711 17:48:57.803" endtime="20220711 17:48:58.323"/>
</kw>
<status status="PASS" starttime="20220711 17:48:57.794" endtime="20220711 17:48:58.323"/>
</iter>
<iter>
<var name="${i}">92</var>
<kw name="Get current second">
<var>${current.sec}</var>
<tag>list4</tag>
<kw name="Get Current Date" library="DateTime">
<var>${current}</var>
<arg>result_format=DateTime</arg>
<doc>Returns current local or UTC time with an optional increment.</doc>
<msg timestamp="20220711 17:48:58.324" level="INFO">${current} = 2022-07-11 17:48:58.323532</msg>
<status status="PASS" starttime="20220711 17:48:58.324" endtime="20220711 17:48:58.324"/>
</kw>
<msg timestamp="20220711 17:48:58.326" level="INFO">${current.sec} = 58</msg>
<status status="PASS" starttime="20220711 17:48:58.323" endtime="20220711 17:48:58.326"/>
</kw>
<if>
<branch type="IF" condition="${current.sec} &lt;= ${30} and ${current.sec} &gt;= ${1}">
<kw name="Log To Console" library="BuiltIn">
<arg>${EMPTY}</arg>
<doc>Logs the given message to the console.</doc>
<status status="NOT RUN" starttime="20220711 17:48:58.326" endtime="20220711 17:48:58.326"/>
</kw>
<kw name="Log To Console" library="BuiltIn">
<arg>Current second is ${current.sec} Low</arg>
<doc>Logs the given message to the console.</doc>
<status status="NOT RUN" starttime="20220711 17:48:58.326" endtime="20220711 17:48:58.326"/>
</kw>
<status status="NOT RUN" starttime="20220711 17:48:58.326" endtime="20220711 17:48:58.326"/>
</branch>
<branch type="ELSE IF" condition="${current.sec} &lt;= ${59} and ${current.sec} &gt;= ${31}">
<kw name="Log To Console" library="BuiltIn">
<arg>${EMPTY}</arg>
<doc>Logs the given message to the console.</doc>
<status status="PASS" starttime="20220711 17:48:58.330" endtime="20220711 17:48:58.330"/>
</kw>
<kw name="Log To Console" library="BuiltIn">
<arg>Current second is ${current.sec} HIGH</arg>
<doc>Logs the given message to the console.</doc>
<status status="PASS" starttime="20220711 17:48:58.330" endtime="20220711 17:48:58.334"/>
</kw>
<status status="PASS" starttime="20220711 17:48:58.330" endtime="20220711 17:48:58.334"/>
</branch>
<branch type="ELSE">
<kw name="Log To Console" library="BuiltIn">
<arg>${EMPTY}</arg>
<doc>Logs the given message to the console.</doc>
<status status="NOT RUN" starttime="20220711 17:48:58.335" endtime="20220711 17:48:58.335"/>
</kw>
<kw name="Log To Console" library="BuiltIn">
<arg>Current second is ${current.sec} Jackpot</arg>
<doc>Logs the given message to the console.</doc>
<status status="NOT RUN" starttime="20220711 17:48:58.335" endtime="20220711 17:48:58.335"/>
</kw>
<kw name="Exit For Loop If" library="BuiltIn">
<arg>${current.sec} == ${0}</arg>
<doc>Stops executing the enclosing FOR loop if the ``condition`` is true.</doc>
<status status="NOT RUN" starttime="20220711 17:48:58.335" endtime="20220711 17:48:58.335"/>
</kw>
<status status="NOT RUN" starttime="20220711 17:48:58.334" endtime="20220711 17:48:58.335"/>
</branch>
<status status="PASS" starttime="20220711 17:48:58.326" endtime="20220711 17:48:58.335"/>
</if>
<kw name="Sleep" library="BuiltIn">
<arg>0.5s</arg>
<doc>Pauses the test executed for the given time.</doc>
<msg timestamp="20220711 17:48:58.846" level="INFO">Slept 500 milliseconds</msg>
<status status="PASS" starttime="20220711 17:48:58.336" endtime="20220711 17:48:58.847"/>
</kw>
<status status="PASS" starttime="20220711 17:48:58.323" endtime="20220711 17:48:58.847"/>
</iter>
<iter>
<var name="${i}">93</var>
<kw name="Get current second">
<var>${current.sec}</var>
<tag>list4</tag>
<kw name="Get Current Date" library="DateTime">
<var>${current}</var>
<arg>result_format=DateTime</arg>
<doc>Returns current local or UTC time with an optional increment.</doc>
<msg timestamp="20220711 17:48:58.847" level="INFO">${current} = 2022-07-11 17:48:58.847265</msg>
<status status="PASS" starttime="20220711 17:48:58.847" endtime="20220711 17:48:58.847"/>
</kw>
<msg timestamp="20220711 17:48:58.847" level="INFO">${current.sec} = 58</msg>
<status status="PASS" starttime="20220711 17:48:58.847" endtime="20220711 17:48:58.847"/>
</kw>
<if>
<branch type="IF" condition="${current.sec} &lt;= ${30} and ${current.sec} &gt;= ${1}">
<kw name="Log To Console" library="BuiltIn">
<arg>${EMPTY}</arg>
<doc>Logs the given message to the console.</doc>
<status status="NOT RUN" starttime="20220711 17:48:58.847" endtime="20220711 17:48:58.847"/>
</kw>
<kw name="Log To Console" library="BuiltIn">
<arg>Current second is ${current.sec} Low</arg>
<doc>Logs the given message to the console.</doc>
<status status="NOT RUN" starttime="20220711 17:48:58.847" endtime="20220711 17:48:58.847"/>
</kw>
<status status="NOT RUN" starttime="20220711 17:48:58.847" endtime="20220711 17:48:58.847"/>
</branch>
<branch type="ELSE IF" condition="${current.sec} &lt;= ${59} and ${current.sec} &gt;= ${31}">
<kw name="Log To Console" library="BuiltIn">
<arg>${EMPTY}</arg>
<doc>Logs the given message to the console.</doc>
<status status="PASS" starttime="20220711 17:48:58.847" endtime="20220711 17:48:58.856"/>
</kw>
<kw name="Log To Console" library="BuiltIn">
<arg>Current second is ${current.sec} HIGH</arg>
<doc>Logs the given message to the console.</doc>
<status status="PASS" starttime="20220711 17:48:58.856" endtime="20220711 17:48:58.856"/>
</kw>
<status status="PASS" starttime="20220711 17:48:58.847" endtime="20220711 17:48:58.856"/>
</branch>
<branch type="ELSE">
<kw name="Log To Console" library="BuiltIn">
<arg>${EMPTY}</arg>
<doc>Logs the given message to the console.</doc>
<status status="NOT RUN" starttime="20220711 17:48:58.856" endtime="20220711 17:48:58.856"/>
</kw>
<kw name="Log To Console" library="BuiltIn">
<arg>Current second is ${current.sec} Jackpot</arg>
<doc>Logs the given message to the console.</doc>
<status status="NOT RUN" starttime="20220711 17:48:58.856" endtime="20220711 17:48:58.856"/>
</kw>
<kw name="Exit For Loop If" library="BuiltIn">
<arg>${current.sec} == ${0}</arg>
<doc>Stops executing the enclosing FOR loop if the ``condition`` is true.</doc>
<status status="NOT RUN" starttime="20220711 17:48:58.856" endtime="20220711 17:48:58.856"/>
</kw>
<status status="NOT RUN" starttime="20220711 17:48:58.856" endtime="20220711 17:48:58.856"/>
</branch>
<status status="PASS" starttime="20220711 17:48:58.847" endtime="20220711 17:48:58.856"/>
</if>
<kw name="Sleep" library="BuiltIn">
<arg>0.5s</arg>
<doc>Pauses the test executed for the given time.</doc>
<msg timestamp="20220711 17:48:59.365" level="INFO">Slept 500 milliseconds</msg>
<status status="PASS" starttime="20220711 17:48:58.856" endtime="20220711 17:48:59.365"/>
</kw>
<status status="PASS" starttime="20220711 17:48:58.847" endtime="20220711 17:48:59.365"/>
</iter>
<iter>
<var name="${i}">94</var>
<kw name="Get current second">
<var>${current.sec}</var>
<tag>list4</tag>
<kw name="Get Current Date" library="DateTime">
<var>${current}</var>
<arg>result_format=DateTime</arg>
<doc>Returns current local or UTC time with an optional increment.</doc>
<msg timestamp="20220711 17:48:59.366" level="INFO">${current} = 2022-07-11 17:48:59.365970</msg>
<status status="PASS" starttime="20220711 17:48:59.366" endtime="20220711 17:48:59.366"/>
</kw>
<msg timestamp="20220711 17:48:59.366" level="INFO">${current.sec} = 59</msg>
<status status="PASS" starttime="20220711 17:48:59.365" endtime="20220711 17:48:59.366"/>
</kw>
<if>
<branch type="IF" condition="${current.sec} &lt;= ${30} and ${current.sec} &gt;= ${1}">
<kw name="Log To Console" library="BuiltIn">
<arg>${EMPTY}</arg>
<doc>Logs the given message to the console.</doc>
<status status="NOT RUN" starttime="20220711 17:48:59.366" endtime="20220711 17:48:59.366"/>
</kw>
<kw name="Log To Console" library="BuiltIn">
<arg>Current second is ${current.sec} Low</arg>
<doc>Logs the given message to the console.</doc>
<status status="NOT RUN" starttime="20220711 17:48:59.366" endtime="20220711 17:48:59.366"/>
</kw>
<status status="NOT RUN" starttime="20220711 17:48:59.366" endtime="20220711 17:48:59.366"/>
</branch>
<branch type="ELSE IF" condition="${current.sec} &lt;= ${59} and ${current.sec} &gt;= ${31}">
<kw name="Log To Console" library="BuiltIn">
<arg>${EMPTY}</arg>
<doc>Logs the given message to the console.</doc>
<status status="PASS" starttime="20220711 17:48:59.366" endtime="20220711 17:48:59.369"/>
</kw>
<kw name="Log To Console" library="BuiltIn">
<arg>Current second is ${current.sec} HIGH</arg>
<doc>Logs the given message to the console.</doc>
<status status="PASS" starttime="20220711 17:48:59.369" endtime="20220711 17:48:59.369"/>
</kw>
<status status="PASS" starttime="20220711 17:48:59.366" endtime="20220711 17:48:59.369"/>
</branch>
<branch type="ELSE">
<kw name="Log To Console" library="BuiltIn">
<arg>${EMPTY}</arg>
<doc>Logs the given message to the console.</doc>
<status status="NOT RUN" starttime="20220711 17:48:59.369" endtime="20220711 17:48:59.369"/>
</kw>
<kw name="Log To Console" library="BuiltIn">
<arg>Current second is ${current.sec} Jackpot</arg>
<doc>Logs the given message to the console.</doc>
<status status="NOT RUN" starttime="20220711 17:48:59.369" endtime="20220711 17:48:59.369"/>
</kw>
<kw name="Exit For Loop If" library="BuiltIn">
<arg>${current.sec} == ${0}</arg>
<doc>Stops executing the enclosing FOR loop if the ``condition`` is true.</doc>
<status status="NOT RUN" starttime="20220711 17:48:59.369" endtime="20220711 17:48:59.369"/>
</kw>
<status status="NOT RUN" starttime="20220711 17:48:59.369" endtime="20220711 17:48:59.369"/>
</branch>
<status status="PASS" starttime="20220711 17:48:59.366" endtime="20220711 17:48:59.369"/>
</if>
<kw name="Sleep" library="BuiltIn">
<arg>0.5s</arg>
<doc>Pauses the test executed for the given time.</doc>
<msg timestamp="20220711 17:48:59.873" level="INFO">Slept 500 milliseconds</msg>
<status status="PASS" starttime="20220711 17:48:59.369" endtime="20220711 17:48:59.873"/>
</kw>
<status status="PASS" starttime="20220711 17:48:59.365" endtime="20220711 17:48:59.873"/>
</iter>
<iter>
<var name="${i}">95</var>
<kw name="Get current second">
<var>${current.sec}</var>
<tag>list4</tag>
<kw name="Get Current Date" library="DateTime">
<var>${current}</var>
<arg>result_format=DateTime</arg>
<doc>Returns current local or UTC time with an optional increment.</doc>
<msg timestamp="20220711 17:48:59.875" level="INFO">${current} = 2022-07-11 17:48:59.875391</msg>
<status status="PASS" starttime="20220711 17:48:59.873" endtime="20220711 17:48:59.875"/>
</kw>
<msg timestamp="20220711 17:48:59.876" level="INFO">${current.sec} = 59</msg>
<status status="PASS" starttime="20220711 17:48:59.873" endtime="20220711 17:48:59.876"/>
</kw>
<if>
<branch type="IF" condition="${current.sec} &lt;= ${30} and ${current.sec} &gt;= ${1}">
<kw name="Log To Console" library="BuiltIn">
<arg>${EMPTY}</arg>
<doc>Logs the given message to the console.</doc>
<status status="NOT RUN" starttime="20220711 17:48:59.876" endtime="20220711 17:48:59.876"/>
</kw>
<kw name="Log To Console" library="BuiltIn">
<arg>Current second is ${current.sec} Low</arg>
<doc>Logs the given message to the console.</doc>
<status status="NOT RUN" starttime="20220711 17:48:59.876" endtime="20220711 17:48:59.876"/>
</kw>
<status status="NOT RUN" starttime="20220711 17:48:59.876" endtime="20220711 17:48:59.876"/>
</branch>
<branch type="ELSE IF" condition="${current.sec} &lt;= ${59} and ${current.sec} &gt;= ${31}">
<kw name="Log To Console" library="BuiltIn">
<arg>${EMPTY}</arg>
<doc>Logs the given message to the console.</doc>
<status status="PASS" starttime="20220711 17:48:59.876" endtime="20220711 17:48:59.876"/>
</kw>
<kw name="Log To Console" library="BuiltIn">
<arg>Current second is ${current.sec} HIGH</arg>
<doc>Logs the given message to the console.</doc>
<status status="PASS" starttime="20220711 17:48:59.876" endtime="20220711 17:48:59.884"/>
</kw>
<status status="PASS" starttime="20220711 17:48:59.876" endtime="20220711 17:48:59.884"/>
</branch>
<branch type="ELSE">
<kw name="Log To Console" library="BuiltIn">
<arg>${EMPTY}</arg>
<doc>Logs the given message to the console.</doc>
<status status="NOT RUN" starttime="20220711 17:48:59.884" endtime="20220711 17:48:59.884"/>
</kw>
<kw name="Log To Console" library="BuiltIn">
<arg>Current second is ${current.sec} Jackpot</arg>
<doc>Logs the given message to the console.</doc>
<status status="NOT RUN" starttime="20220711 17:48:59.884" endtime="20220711 17:48:59.884"/>
</kw>
<kw name="Exit For Loop If" library="BuiltIn">
<arg>${current.sec} == ${0}</arg>
<doc>Stops executing the enclosing FOR loop if the ``condition`` is true.</doc>
<status status="NOT RUN" starttime="20220711 17:48:59.884" endtime="20220711 17:48:59.884"/>
</kw>
<status status="NOT RUN" starttime="20220711 17:48:59.884" endtime="20220711 17:48:59.884"/>
</branch>
<status status="PASS" starttime="20220711 17:48:59.876" endtime="20220711 17:48:59.884"/>
</if>
<kw name="Sleep" library="BuiltIn">
<arg>0.5s</arg>
<doc>Pauses the test executed for the given time.</doc>
<msg timestamp="20220711 17:49:00.385" level="INFO">Slept 500 milliseconds</msg>
<status status="PASS" starttime="20220711 17:48:59.884" endtime="20220711 17:49:00.385"/>
</kw>
<status status="PASS" starttime="20220711 17:48:59.873" endtime="20220711 17:49:00.385"/>
</iter>
<iter>
<var name="${i}">96</var>
<kw name="Get current second">
<var>${current.sec}</var>
<tag>list4</tag>
<kw name="Get Current Date" library="DateTime">
<var>${current}</var>
<arg>result_format=DateTime</arg>
<doc>Returns current local or UTC time with an optional increment.</doc>
<msg timestamp="20220711 17:49:00.386" level="INFO">${current} = 2022-07-11 17:49:00.385602</msg>
<status status="PASS" starttime="20220711 17:49:00.386" endtime="20220711 17:49:00.386"/>
</kw>
<msg timestamp="20220711 17:49:00.387" level="INFO">${current.sec} = 0</msg>
<status status="PASS" starttime="20220711 17:49:00.386" endtime="20220711 17:49:00.387"/>
</kw>
<if>
<branch type="IF" condition="${current.sec} &lt;= ${30} and ${current.sec} &gt;= ${1}">
<kw name="Log To Console" library="BuiltIn">
<arg>${EMPTY}</arg>
<doc>Logs the given message to the console.</doc>
<status status="NOT RUN" starttime="20220711 17:49:00.388" endtime="20220711 17:49:00.388"/>
</kw>
<kw name="Log To Console" library="BuiltIn">
<arg>Current second is ${current.sec} Low</arg>
<doc>Logs the given message to the console.</doc>
<status status="NOT RUN" starttime="20220711 17:49:00.388" endtime="20220711 17:49:00.388"/>
</kw>
<status status="NOT RUN" starttime="20220711 17:49:00.388" endtime="20220711 17:49:00.388"/>
</branch>
<branch type="ELSE IF" condition="${current.sec} &lt;= ${59} and ${current.sec} &gt;= ${31}">
<kw name="Log To Console" library="BuiltIn">
<arg>${EMPTY}</arg>
<doc>Logs the given message to the console.</doc>
<status status="NOT RUN" starttime="20220711 17:49:00.388" endtime="20220711 17:49:00.388"/>
</kw>
<kw name="Log To Console" library="BuiltIn">
<arg>Current second is ${current.sec} HIGH</arg>
<doc>Logs the given message to the console.</doc>
<status status="NOT RUN" starttime="20220711 17:49:00.388" endtime="20220711 17:49:00.389"/>
</kw>
<status status="NOT RUN" starttime="20220711 17:49:00.388" endtime="20220711 17:49:00.389"/>
</branch>
<branch type="ELSE">
<kw name="Log To Console" library="BuiltIn">
<arg>${EMPTY}</arg>
<doc>Logs the given message to the console.</doc>
<status status="PASS" starttime="20220711 17:49:00.389" endtime="20220711 17:49:00.389"/>
</kw>
<kw name="Log To Console" library="BuiltIn">
<arg>Current second is ${current.sec} Jackpot</arg>
<doc>Logs the given message to the console.</doc>
<status status="PASS" starttime="20220711 17:49:00.389" endtime="20220711 17:49:00.391"/>
</kw>
<kw name="Exit For Loop If" library="BuiltIn">
<arg>${current.sec} == ${0}</arg>
<doc>Stops executing the enclosing FOR loop if the ``condition`` is true.</doc>
<msg timestamp="20220711 17:49:00.392" level="INFO">Exiting for loop altogether.</msg>
<status status="PASS" starttime="20220711 17:49:00.391" endtime="20220711 17:49:00.393"/>
</kw>
<status status="PASS" starttime="20220711 17:49:00.389" endtime="20220711 17:49:00.393"/>
</branch>
<status status="PASS" starttime="20220711 17:49:00.387" endtime="20220711 17:49:00.393"/>
</if>
<kw name="Sleep" library="BuiltIn">
<arg>0.5s</arg>
<doc>Pauses the test executed for the given time.</doc>
<status status="NOT RUN" starttime="20220711 17:49:00.393" endtime="20220711 17:49:00.393"/>
</kw>
<status status="PASS" starttime="20220711 17:49:00.385" endtime="20220711 17:49:00.394"/>
</iter>
<status status="PASS" starttime="20220711 17:48:10.706" endtime="20220711 17:49:00.403"/>
</for>
<tag>if1</tag>
<status status="PASS" starttime="20220711 17:48:10.706" endtime="20220711 17:49:00.403"/>
</test>
<status status="PASS" starttime="20220711 17:48:09.976" endtime="20220711 17:49:00.406"/>
</suite>
<statistics>
<total>
<stat pass="1" fail="0" skip="0">All Tasks</stat>
</total>
<tag>
<stat pass="1" fail="0" skip="0">if1</stat>
</tag>
<suite>
<stat pass="1" fail="0" skip="0" id="s1" name="Test If For Loop03">Test If For Loop03</stat>
</suite>
</statistics>
<errors>
</errors>
</robot>
