<?xml version="1.0" encoding="UTF-8"?>
<robot generator="Robot 5.0.1 (Python 3.10.5 on win32)" generated="20220721 13:48:19.474" rpa="false" schemaversion="3">
<suite id="s1" name="Test Ebay" source="D:\SourceT\Robot\Test3\testcase\test_ebay.robot">
<test id="s1-t1" name="test1" line="12">
<kw name="openEbay" library="common">
<kw name="Open Browser" library="SeleniumLibrary">
<arg>${browser['url']}</arg>
<arg>${browser['type']}</arg>
<doc>Opens a new browser instance to the optional ``url``.</doc>
<msg timestamp="20220721 13:48:19.982" level="INFO">Opening browser 'chrome' to base url 'https://www.ebay.com/'.</msg>
<status status="PASS" starttime="20220721 13:48:19.982" endtime="20220721 13:48:26.240"/>
</kw>
<kw name="Wait until element is visible by locator" library="common">
<arg>${Main Content}</arg>
<arg>30</arg>
<kw name="Wait Until Element Is Visible" library="SeleniumLibrary">
<arg>${locator}</arg>
<arg>30s</arg>
<doc>Waits until the element ``locator`` is visible.</doc>
<status status="PASS" starttime="20220721 13:48:26.241" endtime="20220721 13:48:26.278"/>
</kw>
<status status="PASS" starttime="20220721 13:48:26.240" endtime="20220721 13:48:26.278"/>
</kw>
<status status="PASS" starttime="20220721 13:48:19.981" endtime="20220721 13:48:26.278"/>
</kw>
<kw name="Search products by keyword" library="home_page">
<arg>${tc_01['search_keyword']}</arg>
<kw name="Input text by locator" library="common">
<arg>${Search lo}</arg>
<arg>${keyword}</arg>
<kw name="Input Text" library="SeleniumLibrary">
<arg>${locator}</arg>
<arg>${keyword}</arg>
<doc>Types the given ``text`` into the text field identified by ``locator``.</doc>
<msg timestamp="20220721 13:48:26.281" level="INFO">Typing text 'speaker' into text field 'id=gh-ac'.</msg>
<status status="PASS" starttime="20220721 13:48:26.280" endtime="20220721 13:48:26.749"/>
</kw>
<status status="PASS" starttime="20220721 13:48:26.280" endtime="20220721 13:48:26.750"/>
</kw>
<kw name="Click element by locator" library="common">
<arg>${Search Botton}</arg>
<kw name="Click Element" library="SeleniumLibrary">
<arg>${locator}</arg>
<doc>Click the element identified by ``locator``.</doc>
<msg timestamp="20220721 13:48:26.752" level="INFO">Clicking element 'id=gh-btn'.</msg>
<status status="PASS" starttime="20220721 13:48:26.751" endtime="20220721 13:48:29.285"/>
</kw>
<status status="PASS" starttime="20220721 13:48:26.750" endtime="20220721 13:48:29.286"/>
</kw>
<status status="PASS" starttime="20220721 13:48:26.279" endtime="20220721 13:48:29.286"/>
</kw>
<kw name="Wait Until Element Is Visible" library="SeleniumLibrary">
<arg>xpath=//div[@id='mainContent']//li[contains(@class,'s-item')]</arg>
<doc>Waits until the element ``locator`` is visible.</doc>
<status status="PASS" starttime="20220721 13:48:29.287" endtime="20220721 13:48:29.501"/>
</kw>
<kw name="Get Text" library="SeleniumLibrary">
<var>${result}</var>
<arg>//h1[@class='srp-controls__count-heading']//span[2]</arg>
<doc>Returns the text value of the element identified by ``locator``.</doc>
<msg timestamp="20220721 13:48:29.546" level="INFO">${result} = speaker</msg>
<status status="PASS" starttime="20220721 13:48:29.502" endtime="20220721 13:48:29.546"/>
</kw>
<kw name="Should Be Equal" library="BuiltIn">
<arg>speaker</arg>
<arg>${result}</arg>
<doc>Fails if the given objects are unequal.</doc>
<status status="PASS" starttime="20220721 13:48:29.546" endtime="20220721 13:48:29.547"/>
</kw>
<kw name="Get WebElements" library="SeleniumLibrary">
<var>${all_product}</var>
<arg>//div[@id='srp-river-results']//h3[@class='s-item__title']</arg>
<doc>Returns a list of WebElement objects matching the ``locator``.</doc>
<msg timestamp="20220721 13:48:29.563" level="INFO">${all_product} = [&lt;selenium.webdriver.remote.webelement.WebElement (session="b6f987d3ae78052767770a1601d49230", element="503d19d3-5972-416b-96d9-d21e368236b8")&gt;, &lt;selenium.webdriver.remote.webelement.WebElement (sessi...</msg>
<status status="PASS" starttime="20220721 13:48:29.547" endtime="20220721 13:48:29.563"/>
</kw>
<for flavor="IN">
<var>${products}</var>
<value>@{all_product}</value>
<iter>
<var name="${products}">&lt;selenium.webdriver.remote.webelement.WebElement (session="b6f987d3ae78052767770a1601d49230", element="503d19d3-5972-416b-96d9-d21e368236b8")&gt;</var>
<kw name="Get Text" library="SeleniumLibrary">
<var>${products_name}</var>
<arg>${products}</arg>
<doc>Returns the text value of the element identified by ``locator``.</doc>
<msg timestamp="20220721 13:48:29.583" level="INFO">${products_name} = 2x8" 4600W Portable Bluetooth Speaker Sub woofer Heavy Bass Sound System Party</msg>
<status status="PASS" starttime="20220721 13:48:29.564" endtime="20220721 13:48:29.583"/>
</kw>
<kw name="Log To Console" library="BuiltIn">
<arg>${EMPTY}</arg>
<doc>Logs the given message to the console.</doc>
<status status="PASS" starttime="20220721 13:48:29.583" endtime="20220721 13:48:29.584"/>
</kw>
<kw name="Log To Console" library="BuiltIn">
<arg>PRODUCT IS ${products_name}</arg>
<doc>Logs the given message to the console.</doc>
<status status="PASS" starttime="20220721 13:48:29.584" endtime="20220721 13:48:29.585"/>
</kw>
<status status="PASS" starttime="20220721 13:48:29.564" endtime="20220721 13:48:29.585"/>
</iter>
<iter>
<var name="${products}">&lt;selenium.webdriver.remote.webelement.WebElement (session="b6f987d3ae78052767770a1601d49230", element="dc3c5ccc-996b-4599-aa60-35bf947e2cfa")&gt;</var>
<kw name="Get Text" library="SeleniumLibrary">
<var>${products_name}</var>
<arg>${products}</arg>
<doc>Returns the text value of the element identified by ``locator``.</doc>
<msg timestamp="20220721 13:48:29.598" level="INFO">${products_name} = High Bass Bluetooth Wireless Speaker Loud Portable Outdoor Indoor Party Speakers</msg>
<status status="PASS" starttime="20220721 13:48:29.585" endtime="20220721 13:48:29.598"/>
</kw>
<kw name="Log To Console" library="BuiltIn">
<arg>${EMPTY}</arg>
<doc>Logs the given message to the console.</doc>
<status status="PASS" starttime="20220721 13:48:29.598" endtime="20220721 13:48:29.599"/>
</kw>
<kw name="Log To Console" library="BuiltIn">
<arg>PRODUCT IS ${products_name}</arg>
<doc>Logs the given message to the console.</doc>
<status status="PASS" starttime="20220721 13:48:29.599" endtime="20220721 13:48:29.601"/>
</kw>
<status status="PASS" starttime="20220721 13:48:29.585" endtime="20220721 13:48:29.602"/>
</iter>
<iter>
<var name="${products}">&lt;selenium.webdriver.remote.webelement.WebElement (session="b6f987d3ae78052767770a1601d49230", element="6de5f292-1fe1-4ccc-ba12-efb9f5bd63b6")&gt;</var>
<kw name="Get Text" library="SeleniumLibrary">
<var>${products_name}</var>
<arg>${products}</arg>
<doc>Returns the text value of the element identified by ``locator``.</doc>
<msg timestamp="20220721 13:48:29.619" level="INFO">${products_name} = Mini Retro Wireless bluetooth Speaker Music Player Portable Stereo TF Card USB</msg>
<status status="PASS" starttime="20220721 13:48:29.602" endtime="20220721 13:48:29.619"/>
</kw>
<kw name="Log To Console" library="BuiltIn">
<arg>${EMPTY}</arg>
<doc>Logs the given message to the console.</doc>
<status status="PASS" starttime="20220721 13:48:29.619" endtime="20220721 13:48:29.622"/>
</kw>
<kw name="Log To Console" library="BuiltIn">
<arg>PRODUCT IS ${products_name}</arg>
<doc>Logs the given message to the console.</doc>
<status status="PASS" starttime="20220721 13:48:29.622" endtime="20220721 13:48:29.624"/>
</kw>
<status status="PASS" starttime="20220721 13:48:29.602" endtime="20220721 13:48:29.624"/>
</iter>
<iter>
<var name="${products}">&lt;selenium.webdriver.remote.webelement.WebElement (session="b6f987d3ae78052767770a1601d49230", element="8d60fef6-298b-4704-a668-02f681fd472b")&gt;</var>
<kw name="Get Text" library="SeleniumLibrary">
<var>${products_name}</var>
<arg>${products}</arg>
<doc>Returns the text value of the element identified by ``locator``.</doc>
<msg timestamp="20220721 13:48:29.646" level="INFO">${products_name} = New Samsung EO-SG930 Level Box Slim Wireless Portable Bluetooth Speaker BLUE</msg>
<status status="PASS" starttime="20220721 13:48:29.624" endtime="20220721 13:48:29.646"/>
</kw>
<kw name="Log To Console" library="BuiltIn">
<arg>${EMPTY}</arg>
<doc>Logs the given message to the console.</doc>
<status status="PASS" starttime="20220721 13:48:29.646" endtime="20220721 13:48:29.648"/>
</kw>
<kw name="Log To Console" library="BuiltIn">
<arg>PRODUCT IS ${products_name}</arg>
<doc>Logs the given message to the console.</doc>
<status status="PASS" starttime="20220721 13:48:29.648" endtime="20220721 13:48:29.649"/>
</kw>
<status status="PASS" starttime="20220721 13:48:29.624" endtime="20220721 13:48:29.649"/>
</iter>
<iter>
<var name="${products}">&lt;selenium.webdriver.remote.webelement.WebElement (session="b6f987d3ae78052767770a1601d49230", element="50e2cd60-0793-426a-b2e6-d633700f69a2")&gt;</var>
<kw name="Get Text" library="SeleniumLibrary">
<var>${products_name}</var>
<arg>${products}</arg>
<doc>Returns the text value of the element identified by ``locator``.</doc>
<msg timestamp="20220721 13:48:29.713" level="INFO">${products_name} = 40W Portable Wireless Bluetooth Speaker Waterproof Stereo Loud USB AUX MP3 su</msg>
<status status="PASS" starttime="20220721 13:48:29.649" endtime="20220721 13:48:29.713"/>
</kw>
<kw name="Log To Console" library="BuiltIn">
<arg>${EMPTY}</arg>
<doc>Logs the given message to the console.</doc>
<status status="PASS" starttime="20220721 13:48:29.713" endtime="20220721 13:48:29.714"/>
</kw>
<kw name="Log To Console" library="BuiltIn">
<arg>PRODUCT IS ${products_name}</arg>
<doc>Logs the given message to the console.</doc>
<status status="PASS" starttime="20220721 13:48:29.714" endtime="20220721 13:48:29.717"/>
</kw>
<status status="PASS" starttime="20220721 13:48:29.649" endtime="20220721 13:48:29.717"/>
</iter>
<iter>
<var name="${products}">&lt;selenium.webdriver.remote.webelement.WebElement (session="b6f987d3ae78052767770a1601d49230", element="1bf1f66f-47a5-453a-ae5b-a0a303ff3379")&gt;</var>
<kw name="Get Text" library="SeleniumLibrary">
<var>${products_name}</var>
<arg>${products}</arg>
<doc>Returns the text value of the element identified by ``locator``.</doc>
<msg timestamp="20220721 13:48:29.779" level="INFO">${products_name} = JBL Xtreme Portable Bluetooth Speaker Genuine PARTS</msg>
<status status="PASS" starttime="20220721 13:48:29.717" endtime="20220721 13:48:29.779"/>
</kw>
<kw name="Log To Console" library="BuiltIn">
<arg>${EMPTY}</arg>
<doc>Logs the given message to the console.</doc>
<status status="PASS" starttime="20220721 13:48:29.780" endtime="20220721 13:48:29.781"/>
</kw>
<kw name="Log To Console" library="BuiltIn">
<arg>PRODUCT IS ${products_name}</arg>
<doc>Logs the given message to the console.</doc>
<status status="PASS" starttime="20220721 13:48:29.782" endtime="20220721 13:48:29.784"/>
</kw>
<status status="PASS" starttime="20220721 13:48:29.717" endtime="20220721 13:48:29.784"/>
</iter>
<iter>
<var name="${products}">&lt;selenium.webdriver.remote.webelement.WebElement (session="b6f987d3ae78052767770a1601d49230", element="2a66d14c-6460-4a16-ab87-7a84e4c19cbd")&gt;</var>
<kw name="Get Text" library="SeleniumLibrary">
<var>${products_name}</var>
<arg>${products}</arg>
<doc>Returns the text value of the element identified by ``locator``.</doc>
<msg timestamp="20220721 13:48:29.814" level="INFO">${products_name} = NEW LISTINGAnker Soundcore 2 Bluetooth Portable Speaker Great Condition AUX In</msg>
<status status="PASS" starttime="20220721 13:48:29.784" endtime="20220721 13:48:29.814"/>
</kw>
<kw name="Log To Console" library="BuiltIn">
<arg>${EMPTY}</arg>
<doc>Logs the given message to the console.</doc>
<status status="PASS" starttime="20220721 13:48:29.815" endtime="20220721 13:48:29.816"/>
</kw>
<kw name="Log To Console" library="BuiltIn">
<arg>PRODUCT IS ${products_name}</arg>
<doc>Logs the given message to the console.</doc>
<status status="PASS" starttime="20220721 13:48:29.816" endtime="20220721 13:48:29.817"/>
</kw>
<status status="PASS" starttime="20220721 13:48:29.784" endtime="20220721 13:48:29.817"/>
</iter>
<iter>
<var name="${products}">&lt;selenium.webdriver.remote.webelement.WebElement (session="b6f987d3ae78052767770a1601d49230", element="ea2fdef6-b2e6-42de-8bb7-e2b73782860b")&gt;</var>
<kw name="Get Text" library="SeleniumLibrary">
<var>${products_name}</var>
<arg>${products}</arg>
<doc>Returns the text value of the element identified by ``locator``.</doc>
<msg timestamp="20220721 13:48:29.854" level="INFO">${products_name} = NEW LISTINGUltimate Ears Wonderboom 2 Portable Wireless Bluetooth Speaker - Black</msg>
<status status="PASS" starttime="20220721 13:48:29.817" endtime="20220721 13:48:29.854"/>
</kw>
<kw name="Log To Console" library="BuiltIn">
<arg>${EMPTY}</arg>
<doc>Logs the given message to the console.</doc>
<status status="PASS" starttime="20220721 13:48:29.855" endtime="20220721 13:48:29.857"/>
</kw>
<kw name="Log To Console" library="BuiltIn">
<arg>PRODUCT IS ${products_name}</arg>
<doc>Logs the given message to the console.</doc>
<status status="PASS" starttime="20220721 13:48:29.859" endtime="20220721 13:48:29.860"/>
</kw>
<status status="PASS" starttime="20220721 13:48:29.817" endtime="20220721 13:48:29.860"/>
</iter>
<iter>
<var name="${products}">&lt;selenium.webdriver.remote.webelement.WebElement (session="b6f987d3ae78052767770a1601d49230", element="6fd83a00-d40b-4347-9dd6-e2b487e66833")&gt;</var>
<kw name="Get Text" library="SeleniumLibrary">
<var>${products_name}</var>
<arg>${products}</arg>
<doc>Returns the text value of the element identified by ``locator``.</doc>
<msg timestamp="20220721 13:48:29.898" level="INFO">${products_name} = Shoulder Speaker Mic FOR Motorola Radio GP88 GP300 GP3688 CP200 as PMMN4029A</msg>
<status status="PASS" starttime="20220721 13:48:29.861" endtime="20220721 13:48:29.898"/>
</kw>
<kw name="Log To Console" library="BuiltIn">
<arg>${EMPTY}</arg>
<doc>Logs the given message to the console.</doc>
<status status="PASS" starttime="20220721 13:48:29.898" endtime="20220721 13:48:29.900"/>
</kw>
<kw name="Log To Console" library="BuiltIn">
<arg>PRODUCT IS ${products_name}</arg>
<doc>Logs the given message to the console.</doc>
<status status="PASS" starttime="20220721 13:48:29.900" endtime="20220721 13:48:29.901"/>
</kw>
<status status="PASS" starttime="20220721 13:48:29.860" endtime="20220721 13:48:29.901"/>
</iter>
<iter>
<var name="${products}">&lt;selenium.webdriver.remote.webelement.WebElement (session="b6f987d3ae78052767770a1601d49230", element="6da4b4e8-4cff-421d-94b2-ec04f7797e01")&gt;</var>
<kw name="Get Text" library="SeleniumLibrary">
<var>${products_name}</var>
<arg>${products}</arg>
<doc>Returns the text value of the element identified by ``locator``.</doc>
<msg timestamp="20220721 13:48:30.044" level="INFO">${products_name} = 2 Pin DIN Hi-Fi Speaker Plug Cable Audio Connector PACK of 2 - Screw Connections</msg>
<status status="PASS" starttime="20220721 13:48:29.901" endtime="20220721 13:48:30.044"/>
</kw>
<kw name="Log To Console" library="BuiltIn">
<arg>${EMPTY}</arg>
<doc>Logs the given message to the console.</doc>
<status status="PASS" starttime="20220721 13:48:30.045" endtime="20220721 13:48:30.046"/>
</kw>
<kw name="Log To Console" library="BuiltIn">
<arg>PRODUCT IS ${products_name}</arg>
<doc>Logs the given message to the console.</doc>
<status status="PASS" starttime="20220721 13:48:30.046" endtime="20220721 13:48:30.047"/>
</kw>
<status status="PASS" starttime="20220721 13:48:29.901" endtime="20220721 13:48:30.047"/>
</iter>
<iter>
<var name="${products}">&lt;selenium.webdriver.remote.webelement.WebElement (session="b6f987d3ae78052767770a1601d49230", element="068a7bf0-4074-4f3e-a967-88851a87053b")&gt;</var>
<kw name="Get Text" library="SeleniumLibrary">
<var>${products_name}</var>
<arg>${products}</arg>
<doc>Returns the text value of the element identified by ``locator``.</doc>
<msg timestamp="20220721 13:48:30.083" level="INFO">${products_name} = Bluetooth speaker jbl flip 6 new satisfaction guaranteed black</msg>
<status status="PASS" starttime="20220721 13:48:30.047" endtime="20220721 13:48:30.083"/>
</kw>
<kw name="Log To Console" library="BuiltIn">
<arg>${EMPTY}</arg>
<doc>Logs the given message to the console.</doc>
<status status="PASS" starttime="20220721 13:48:30.083" endtime="20220721 13:48:30.085"/>
</kw>
<kw name="Log To Console" library="BuiltIn">
<arg>PRODUCT IS ${products_name}</arg>
<doc>Logs the given message to the console.</doc>
<status status="PASS" starttime="20220721 13:48:30.085" endtime="20220721 13:48:30.086"/>
</kw>
<status status="PASS" starttime="20220721 13:48:30.047" endtime="20220721 13:48:30.086"/>
</iter>
<iter>
<var name="${products}">&lt;selenium.webdriver.remote.webelement.WebElement (session="b6f987d3ae78052767770a1601d49230", element="35efc25c-9849-4f32-a033-917789fe7618")&gt;</var>
<kw name="Get Text" library="SeleniumLibrary">
<var>${products_name}</var>
<arg>${products}</arg>
<doc>Returns the text value of the element identified by ``locator``.</doc>
<msg timestamp="20220721 13:48:30.184" level="INFO">${products_name} = NEW Flip 5 Wireless Bluetooth Portable IPX7 Waterproof Lightweight Speaker BLACK</msg>
<status status="PASS" starttime="20220721 13:48:30.086" endtime="20220721 13:48:30.185"/>
</kw>
<kw name="Log To Console" library="BuiltIn">
<arg>${EMPTY}</arg>
<doc>Logs the given message to the console.</doc>
<status status="PASS" starttime="20220721 13:48:30.185" endtime="20220721 13:48:30.186"/>
</kw>
<kw name="Log To Console" library="BuiltIn">
<arg>PRODUCT IS ${products_name}</arg>
<doc>Logs the given message to the console.</doc>
<status status="PASS" starttime="20220721 13:48:30.186" endtime="20220721 13:48:30.187"/>
</kw>
<status status="PASS" starttime="20220721 13:48:30.086" endtime="20220721 13:48:30.187"/>
</iter>
<iter>
<var name="${products}">&lt;selenium.webdriver.remote.webelement.WebElement (session="b6f987d3ae78052767770a1601d49230", element="4abe0713-d2dd-45c3-95d5-7850e4e0b9ae")&gt;</var>
<kw name="Get Text" library="SeleniumLibrary">
<var>${products_name}</var>
<arg>${products}</arg>
<doc>Returns the text value of the element identified by ``locator``.</doc>
<msg timestamp="20220721 13:48:30.211" level="INFO">${products_name} = Bluetooth Speaker Miniso</msg>
<status status="PASS" starttime="20220721 13:48:30.187" endtime="20220721 13:48:30.211"/>
</kw>
<kw name="Log To Console" library="BuiltIn">
<arg>${EMPTY}</arg>
<doc>Logs the given message to the console.</doc>
<status status="PASS" starttime="20220721 13:48:30.211" endtime="20220721 13:48:30.212"/>
</kw>
<kw name="Log To Console" library="BuiltIn">
<arg>PRODUCT IS ${products_name}</arg>
<doc>Logs the given message to the console.</doc>
<status status="PASS" starttime="20220721 13:48:30.212" endtime="20220721 13:48:30.213"/>
</kw>
<status status="PASS" starttime="20220721 13:48:30.187" endtime="20220721 13:48:30.213"/>
</iter>
<iter>
<var name="${products}">&lt;selenium.webdriver.remote.webelement.WebElement (session="b6f987d3ae78052767770a1601d49230", element="596f7e98-31c8-4cac-ab3d-ff1f9cfad91b")&gt;</var>
<kw name="Get Text" library="SeleniumLibrary">
<var>${products_name}</var>
<arg>${products}</arg>
<doc>Returns the text value of the element identified by ``locator``.</doc>
<msg timestamp="20220721 13:48:30.236" level="INFO">${products_name} = Cash Bluetooth Amplified Mini Speaker Portable Speaker Wireless WiFi</msg>
<status status="PASS" starttime="20220721 13:48:30.213" endtime="20220721 13:48:30.236"/>
</kw>
<kw name="Log To Console" library="BuiltIn">
<arg>${EMPTY}</arg>
<doc>Logs the given message to the console.</doc>
<status status="PASS" starttime="20220721 13:48:30.236" endtime="20220721 13:48:30.238"/>
</kw>
<kw name="Log To Console" library="BuiltIn">
<arg>PRODUCT IS ${products_name}</arg>
<doc>Logs the given message to the console.</doc>
<status status="PASS" starttime="20220721 13:48:30.238" endtime="20220721 13:48:30.239"/>
</kw>
<status status="PASS" starttime="20220721 13:48:30.213" endtime="20220721 13:48:30.239"/>
</iter>
<iter>
<var name="${products}">&lt;selenium.webdriver.remote.webelement.WebElement (session="b6f987d3ae78052767770a1601d49230", element="eba28a92-3d53-443f-8ad3-ec891028d563")&gt;</var>
<kw name="Get Text" library="SeleniumLibrary">
<var>${products_name}</var>
<arg>${products}</arg>
<doc>Returns the text value of the element identified by ``locator``.</doc>
<msg timestamp="20220721 13:48:30.264" level="INFO">${products_name} = For Bose-AC-2 Bare Speaker Wire Adapter / Connector Jewel Cube Black</msg>
<status status="PASS" starttime="20220721 13:48:30.240" endtime="20220721 13:48:30.264"/>
</kw>
<kw name="Log To Console" library="BuiltIn">
<arg>${EMPTY}</arg>
<doc>Logs the given message to the console.</doc>
<status status="PASS" starttime="20220721 13:48:30.264" endtime="20220721 13:48:30.265"/>
</kw>
<kw name="Log To Console" library="BuiltIn">
<arg>PRODUCT IS ${products_name}</arg>
<doc>Logs the given message to the console.</doc>
<status status="PASS" starttime="20220721 13:48:30.266" endtime="20220721 13:48:30.267"/>
</kw>
<status status="PASS" starttime="20220721 13:48:30.239" endtime="20220721 13:48:30.267"/>
</iter>
<iter>
<var name="${products}">&lt;selenium.webdriver.remote.webelement.WebElement (session="b6f987d3ae78052767770a1601d49230", element="abfe55c3-4bec-4f2a-86c7-a750250803de")&gt;</var>
<kw name="Get Text" library="SeleniumLibrary">
<var>${products_name}</var>
<arg>${products}</arg>
<doc>Returns the text value of the element identified by ``locator``.</doc>
<msg timestamp="20220721 13:48:30.293" level="INFO">${products_name} = Music MP3 Player Speaker Pocket Weather Radio World Receiver Mini Radio AM/FM</msg>
<status status="PASS" starttime="20220721 13:48:30.268" endtime="20220721 13:48:30.293"/>
</kw>
<kw name="Log To Console" library="BuiltIn">
<arg>${EMPTY}</arg>
<doc>Logs the given message to the console.</doc>
<status status="PASS" starttime="20220721 13:48:30.293" endtime="20220721 13:48:30.295"/>
</kw>
<kw name="Log To Console" library="BuiltIn">
<arg>PRODUCT IS ${products_name}</arg>
<doc>Logs the given message to the console.</doc>
<status status="PASS" starttime="20220721 13:48:30.295" endtime="20220721 13:48:30.296"/>
</kw>
<status status="PASS" starttime="20220721 13:48:30.268" endtime="20220721 13:48:30.296"/>
</iter>
<iter>
<var name="${products}">&lt;selenium.webdriver.remote.webelement.WebElement (session="b6f987d3ae78052767770a1601d49230", element="fb193990-27ac-4dce-b539-83ceff67a1c5")&gt;</var>
<kw name="Get Text" library="SeleniumLibrary">
<var>${products_name}</var>
<arg>${products}</arg>
<doc>Returns the text value of the element identified by ``locator``.</doc>
<msg timestamp="20220721 13:48:30.314" level="INFO">${products_name} = Cash Bluetooth Portable USB mp3 Speaker Smartphone Tablet Music Speakerphone 40w</msg>
<status status="PASS" starttime="20220721 13:48:30.296" endtime="20220721 13:48:30.314"/>
</kw>
<kw name="Log To Console" library="BuiltIn">
<arg>${EMPTY}</arg>
<doc>Logs the given message to the console.</doc>
<status status="PASS" starttime="20220721 13:48:30.314" endtime="20220721 13:48:30.316"/>
</kw>
<kw name="Log To Console" library="BuiltIn">
<arg>PRODUCT IS ${products_name}</arg>
<doc>Logs the given message to the console.</doc>
<status status="PASS" starttime="20220721 13:48:30.316" endtime="20220721 13:48:30.316"/>
</kw>
<status status="PASS" starttime="20220721 13:48:30.296" endtime="20220721 13:48:30.316"/>
</iter>
<iter>
<var name="${products}">&lt;selenium.webdriver.remote.webelement.WebElement (session="b6f987d3ae78052767770a1601d49230", element="f560b7bc-584d-4f1e-aae6-fe663f0660e4")&gt;</var>
<kw name="Get Text" library="SeleniumLibrary">
<var>${products_name}</var>
<arg>${products}</arg>
<doc>Returns the text value of the element identified by ``locator``.</doc>
<msg timestamp="20220721 13:48:30.511" level="INFO">${products_name} = Genuine JBL Link 10 Speaker Charger Port Only Replacement Repair - PARTS</msg>
<status status="PASS" starttime="20220721 13:48:30.317" endtime="20220721 13:48:30.511"/>
</kw>
<kw name="Log To Console" library="BuiltIn">
<arg>${EMPTY}</arg>
<doc>Logs the given message to the console.</doc>
<status status="PASS" starttime="20220721 13:48:30.511" endtime="20220721 13:48:30.512"/>
</kw>
<kw name="Log To Console" library="BuiltIn">
<arg>PRODUCT IS ${products_name}</arg>
<doc>Logs the given message to the console.</doc>
<status status="PASS" starttime="20220721 13:48:30.512" endtime="20220721 13:48:30.513"/>
</kw>
<status status="PASS" starttime="20220721 13:48:30.317" endtime="20220721 13:48:30.513"/>
</iter>
<iter>
<var name="${products}">&lt;selenium.webdriver.remote.webelement.WebElement (session="b6f987d3ae78052767770a1601d49230", element="6224646a-947e-4e50-ac8f-263be13d00d2")&gt;</var>
<kw name="Get Text" library="SeleniumLibrary">
<var>${products_name}</var>
<arg>${products}</arg>
<doc>Returns the text value of the element identified by ``locator``.</doc>
<msg timestamp="20220721 13:48:30.530" level="INFO">${products_name} = NEW LISTINGJBL Flip 5 Portable Bluetooth Speaker Black Brand New Sealed</msg>
<status status="PASS" starttime="20220721 13:48:30.513" endtime="20220721 13:48:30.530"/>
</kw>
<kw name="Log To Console" library="BuiltIn">
<arg>${EMPTY}</arg>
<doc>Logs the given message to the console.</doc>
<status status="PASS" starttime="20220721 13:48:30.531" endtime="20220721 13:48:30.531"/>
</kw>
<kw name="Log To Console" library="BuiltIn">
<arg>PRODUCT IS ${products_name}</arg>
<doc>Logs the given message to the console.</doc>
<status status="PASS" starttime="20220721 13:48:30.531" endtime="20220721 13:48:30.532"/>
</kw>
<status status="PASS" starttime="20220721 13:48:30.513" endtime="20220721 13:48:30.532"/>
</iter>
<iter>
<var name="${products}">&lt;selenium.webdriver.remote.webelement.WebElement (session="b6f987d3ae78052767770a1601d49230", element="c3f21d42-bff5-4613-9ae9-76913f37b770")&gt;</var>
<kw name="Get Text" library="SeleniumLibrary">
<var>${products_name}</var>
<arg>${products}</arg>
<doc>Returns the text value of the element identified by ``locator``.</doc>
<msg timestamp="20220721 13:48:30.554" level="INFO">${products_name} = DENON DSB-250BT Wireless Portable Bluetooth Speaker Black Envaya Series IPX7</msg>
<status status="PASS" starttime="20220721 13:48:30.533" endtime="20220721 13:48:30.554"/>
</kw>
<kw name="Log To Console" library="BuiltIn">
<arg>${EMPTY}</arg>
<doc>Logs the given message to the console.</doc>
<status status="PASS" starttime="20220721 13:48:30.554" endtime="20220721 13:48:30.555"/>
</kw>
<kw name="Log To Console" library="BuiltIn">
<arg>PRODUCT IS ${products_name}</arg>
<doc>Logs the given message to the console.</doc>
<status status="PASS" starttime="20220721 13:48:30.555" endtime="20220721 13:48:30.557"/>
</kw>
<status status="PASS" starttime="20220721 13:48:30.532" endtime="20220721 13:48:30.557"/>
</iter>
<iter>
<var name="${products}">&lt;selenium.webdriver.remote.webelement.WebElement (session="b6f987d3ae78052767770a1601d49230", element="8ff2ba3a-0ae4-4465-8b30-7af227cd0f48")&gt;</var>
<kw name="Get Text" library="SeleniumLibrary">
<var>${products_name}</var>
<arg>${products}</arg>
<doc>Returns the text value of the element identified by ``locator``.</doc>
<msg timestamp="20220721 13:48:30.575" level="INFO">${products_name} = Mini USB Bluetooth Speaker Case water Resistant Speaker WiFi Radio</msg>
<status status="PASS" starttime="20220721 13:48:30.558" endtime="20220721 13:48:30.575"/>
</kw>
<kw name="Log To Console" library="BuiltIn">
<arg>${EMPTY}</arg>
<doc>Logs the given message to the console.</doc>
<status status="PASS" starttime="20220721 13:48:30.576" endtime="20220721 13:48:30.580"/>
</kw>
<kw name="Log To Console" library="BuiltIn">
<arg>PRODUCT IS ${products_name}</arg>
<doc>Logs the given message to the console.</doc>
<status status="PASS" starttime="20220721 13:48:30.580" endtime="20220721 13:48:30.581"/>
</kw>
<status status="PASS" starttime="20220721 13:48:30.557" endtime="20220721 13:48:30.581"/>
</iter>
<iter>
<var name="${products}">&lt;selenium.webdriver.remote.webelement.WebElement (session="b6f987d3ae78052767770a1601d49230", element="8339463a-cbd8-4570-ace8-4d03cdfd7723")&gt;</var>
<kw name="Get Text" library="SeleniumLibrary">
<var>${products_name}</var>
<arg>${products}</arg>
<doc>Returns the text value of the element identified by ``locator``.</doc>
<msg timestamp="20220721 13:48:30.599" level="INFO">${products_name} = Mini USB Bluetooth Speaker Case water Resistant Speaker WiFi Radio</msg>
<status status="PASS" starttime="20220721 13:48:30.582" endtime="20220721 13:48:30.599"/>
</kw>
<kw name="Log To Console" library="BuiltIn">
<arg>${EMPTY}</arg>
<doc>Logs the given message to the console.</doc>
<status status="PASS" starttime="20220721 13:48:30.599" endtime="20220721 13:48:30.600"/>
</kw>
<kw name="Log To Console" library="BuiltIn">
<arg>PRODUCT IS ${products_name}</arg>
<doc>Logs the given message to the console.</doc>
<status status="PASS" starttime="20220721 13:48:30.601" endtime="20220721 13:48:30.601"/>
</kw>
<status status="PASS" starttime="20220721 13:48:30.581" endtime="20220721 13:48:30.601"/>
</iter>
<iter>
<var name="${products}">&lt;selenium.webdriver.remote.webelement.WebElement (session="b6f987d3ae78052767770a1601d49230", element="04799490-7963-4809-8842-f66410ce2b02")&gt;</var>
<kw name="Get Text" library="SeleniumLibrary">
<var>${products_name}</var>
<arg>${products}</arg>
<doc>Returns the text value of the element identified by ``locator``.</doc>
<msg timestamp="20220721 13:48:30.630" level="INFO">${products_name} = JBL Charge 3 Portable Speaker System-Black</msg>
<status status="PASS" starttime="20220721 13:48:30.601" endtime="20220721 13:48:30.630"/>
</kw>
<kw name="Log To Console" library="BuiltIn">
<arg>${EMPTY}</arg>
<doc>Logs the given message to the console.</doc>
<status status="PASS" starttime="20220721 13:48:30.630" endtime="20220721 13:48:30.631"/>
</kw>
<kw name="Log To Console" library="BuiltIn">
<arg>PRODUCT IS ${products_name}</arg>
<doc>Logs the given message to the console.</doc>
<status status="PASS" starttime="20220721 13:48:30.631" endtime="20220721 13:48:30.632"/>
</kw>
<status status="PASS" starttime="20220721 13:48:30.601" endtime="20220721 13:48:30.632"/>
</iter>
<iter>
<var name="${products}">&lt;selenium.webdriver.remote.webelement.WebElement (session="b6f987d3ae78052767770a1601d49230", element="3183c634-dec2-47dd-ae0a-6531b287e2ff")&gt;</var>
<kw name="Get Text" library="SeleniumLibrary">
<var>${products_name}</var>
<arg>${products}</arg>
<doc>Returns the text value of the element identified by ``locator``.</doc>
<msg timestamp="20220721 13:48:30.652" level="INFO">${products_name} = Cash Bluetooth Portable 40 w RMS USB mp3 Speaker Waterproof Smartphone Music</msg>
<status status="PASS" starttime="20220721 13:48:30.633" endtime="20220721 13:48:30.652"/>
</kw>
<kw name="Log To Console" library="BuiltIn">
<arg>${EMPTY}</arg>
<doc>Logs the given message to the console.</doc>
<status status="PASS" starttime="20220721 13:48:30.653" endtime="20220721 13:48:30.654"/>
</kw>
<kw name="Log To Console" library="BuiltIn">
<arg>PRODUCT IS ${products_name}</arg>
<doc>Logs the given message to the console.</doc>
<status status="PASS" starttime="20220721 13:48:30.654" endtime="20220721 13:48:30.655"/>
</kw>
<status status="PASS" starttime="20220721 13:48:30.632" endtime="20220721 13:48:30.655"/>
</iter>
<iter>
<var name="${products}">&lt;selenium.webdriver.remote.webelement.WebElement (session="b6f987d3ae78052767770a1601d49230", element="c53ffa49-dda1-4bc4-b35f-b5bdd1b11a4b")&gt;</var>
<kw name="Get Text" library="SeleniumLibrary">
<var>${products_name}</var>
<arg>${products}</arg>
<doc>Returns the text value of the element identified by ``locator``.</doc>
<msg timestamp="20220721 13:48:30.670" level="INFO">${products_name} = Cash Bluetooth Portable Speaker Speaker Cases Waterproof boomboxes</msg>
<status status="PASS" starttime="20220721 13:48:30.656" endtime="20220721 13:48:30.671"/>
</kw>
<kw name="Log To Console" library="BuiltIn">
<arg>${EMPTY}</arg>
<doc>Logs the given message to the console.</doc>
<status status="PASS" starttime="20220721 13:48:30.671" endtime="20220721 13:48:30.672"/>
</kw>
<kw name="Log To Console" library="BuiltIn">
<arg>PRODUCT IS ${products_name}</arg>
<doc>Logs the given message to the console.</doc>
<status status="PASS" starttime="20220721 13:48:30.672" endtime="20220721 13:48:30.675"/>
</kw>
<status status="PASS" starttime="20220721 13:48:30.656" endtime="20220721 13:48:30.675"/>
</iter>
<iter>
<var name="${products}">&lt;selenium.webdriver.remote.webelement.WebElement (session="b6f987d3ae78052767770a1601d49230", element="b7169a23-b7f0-4400-a2dd-2e8aeb244ba0")&gt;</var>
<kw name="Get Text" library="SeleniumLibrary">
<var>${products_name}</var>
<arg>${products}</arg>
<doc>Returns the text value of the element identified by ``locator``.</doc>
<msg timestamp="20220721 13:48:30.691" level="INFO">${products_name} = Speaker box bluetooth Speaker charge 3 USB Mini WiFi 20w Waterproof</msg>
<status status="PASS" starttime="20220721 13:48:30.676" endtime="20220721 13:48:30.691"/>
</kw>
<kw name="Log To Console" library="BuiltIn">
<arg>${EMPTY}</arg>
<doc>Logs the given message to the console.</doc>
<status status="PASS" starttime="20220721 13:48:30.691" endtime="20220721 13:48:30.696"/>
</kw>
<kw name="Log To Console" library="BuiltIn">
<arg>PRODUCT IS ${products_name}</arg>
<doc>Logs the given message to the console.</doc>
<status status="PASS" starttime="20220721 13:48:30.696" endtime="20220721 13:48:30.697"/>
</kw>
<status status="PASS" starttime="20220721 13:48:30.676" endtime="20220721 13:48:30.697"/>
</iter>
<iter>
<var name="${products}">&lt;selenium.webdriver.remote.webelement.WebElement (session="b6f987d3ae78052767770a1601d49230", element="681db05b-bf0f-4cd6-a028-ec1897b23ceb")&gt;</var>
<kw name="Get Text" library="SeleniumLibrary">
<var>${products_name}</var>
<arg>${products}</arg>
<doc>Returns the text value of the element identified by ``locator``.</doc>
<msg timestamp="20220721 13:48:30.710" level="INFO">${products_name} = Sony SRS-X33 Bluetooth Personal Audio System Speaker - Tested -Blue</msg>
<status status="PASS" starttime="20220721 13:48:30.697" endtime="20220721 13:48:30.710"/>
</kw>
<kw name="Log To Console" library="BuiltIn">
<arg>${EMPTY}</arg>
<doc>Logs the given message to the console.</doc>
<status status="PASS" starttime="20220721 13:48:30.710" endtime="20220721 13:48:30.711"/>
</kw>
<kw name="Log To Console" library="BuiltIn">
<arg>PRODUCT IS ${products_name}</arg>
<doc>Logs the given message to the console.</doc>
<status status="PASS" starttime="20220721 13:48:30.711" endtime="20220721 13:48:30.712"/>
</kw>
<status status="PASS" starttime="20220721 13:48:30.697" endtime="20220721 13:48:30.712"/>
</iter>
<iter>
<var name="${products}">&lt;selenium.webdriver.remote.webelement.WebElement (session="b6f987d3ae78052767770a1601d49230", element="e1f4da19-da01-436f-95f3-46a8665d42e3")&gt;</var>
<kw name="Get Text" library="SeleniumLibrary">
<var>${products_name}</var>
<arg>${products}</arg>
<doc>Returns the text value of the element identified by ``locator``.</doc>
<msg timestamp="20220721 13:48:30.726" level="INFO">${products_name} = Cash Bluetooth Portable 40 w RMS USB mp3 Speaker Waterproof Smartphone Music</msg>
<status status="PASS" starttime="20220721 13:48:30.712" endtime="20220721 13:48:30.726"/>
</kw>
<kw name="Log To Console" library="BuiltIn">
<arg>${EMPTY}</arg>
<doc>Logs the given message to the console.</doc>
<status status="PASS" starttime="20220721 13:48:30.727" endtime="20220721 13:48:30.729"/>
</kw>
<kw name="Log To Console" library="BuiltIn">
<arg>PRODUCT IS ${products_name}</arg>
<doc>Logs the given message to the console.</doc>
<status status="PASS" starttime="20220721 13:48:30.729" endtime="20220721 13:48:30.730"/>
</kw>
<status status="PASS" starttime="20220721 13:48:30.712" endtime="20220721 13:48:30.730"/>
</iter>
<iter>
<var name="${products}">&lt;selenium.webdriver.remote.webelement.WebElement (session="b6f987d3ae78052767770a1601d49230", element="5741c4a8-feaa-4dd0-9765-1952575b9503")&gt;</var>
<kw name="Get Text" library="SeleniumLibrary">
<var>${products_name}</var>
<arg>${products}</arg>
<doc>Returns the text value of the element identified by ``locator``.</doc>
<msg timestamp="20220721 13:48:30.742" level="INFO">${products_name} = Bose SoundLink Color Bluetooth Speaker II, Certified Refurbished</msg>
<status status="PASS" starttime="20220721 13:48:30.730" endtime="20220721 13:48:30.742"/>
</kw>
<kw name="Log To Console" library="BuiltIn">
<arg>${EMPTY}</arg>
<doc>Logs the given message to the console.</doc>
<status status="PASS" starttime="20220721 13:48:30.742" endtime="20220721 13:48:30.745"/>
</kw>
<kw name="Log To Console" library="BuiltIn">
<arg>PRODUCT IS ${products_name}</arg>
<doc>Logs the given message to the console.</doc>
<status status="PASS" starttime="20220721 13:48:30.745" endtime="20220721 13:48:30.746"/>
</kw>
<status status="PASS" starttime="20220721 13:48:30.730" endtime="20220721 13:48:30.746"/>
</iter>
<iter>
<var name="${products}">&lt;selenium.webdriver.remote.webelement.WebElement (session="b6f987d3ae78052767770a1601d49230", element="2d0e6a23-36f2-4a46-aed1-6caf5fc0bc94")&gt;</var>
<kw name="Get Text" library="SeleniumLibrary">
<var>${products_name}</var>
<arg>${products}</arg>
<doc>Returns the text value of the element identified by ``locator``.</doc>
<msg timestamp="20220721 13:48:30.764" level="INFO">${products_name} = Portable Crate with FM Radio USB SD mp3 Bluetooth Tablet PC Smartphone Speaker</msg>
<status status="PASS" starttime="20220721 13:48:30.747" endtime="20220721 13:48:30.764"/>
</kw>
<kw name="Log To Console" library="BuiltIn">
<arg>${EMPTY}</arg>
<doc>Logs the given message to the console.</doc>
<status status="PASS" starttime="20220721 13:48:30.764" endtime="20220721 13:48:30.765"/>
</kw>
<kw name="Log To Console" library="BuiltIn">
<arg>PRODUCT IS ${products_name}</arg>
<doc>Logs the given message to the console.</doc>
<status status="PASS" starttime="20220721 13:48:30.765" endtime="20220721 13:48:30.766"/>
</kw>
<status status="PASS" starttime="20220721 13:48:30.746" endtime="20220721 13:48:30.766"/>
</iter>
<iter>
<var name="${products}">&lt;selenium.webdriver.remote.webelement.WebElement (session="b6f987d3ae78052767770a1601d49230", element="0f5c3416-6848-40a1-b667-121470e853bc")&gt;</var>
<kw name="Get Text" library="SeleniumLibrary">
<var>${products_name}</var>
<arg>${products}</arg>
<doc>Returns the text value of the element identified by ``locator``.</doc>
<msg timestamp="20220721 13:48:30.780" level="INFO">${products_name} = NEW Bluetooth Speaker Wireless Rechargeable Stereo Home Wood Powerful USB/TF/AUX</msg>
<status status="PASS" starttime="20220721 13:48:30.766" endtime="20220721 13:48:30.780"/>
</kw>
<kw name="Log To Console" library="BuiltIn">
<arg>${EMPTY}</arg>
<doc>Logs the given message to the console.</doc>
<status status="PASS" starttime="20220721 13:48:30.781" endtime="20220721 13:48:30.781"/>
</kw>
<kw name="Log To Console" library="BuiltIn">
<arg>PRODUCT IS ${products_name}</arg>
<doc>Logs the given message to the console.</doc>
<status status="PASS" starttime="20220721 13:48:30.781" endtime="20220721 13:48:30.782"/>
</kw>
<status status="PASS" starttime="20220721 13:48:30.766" endtime="20220721 13:48:30.782"/>
</iter>
<iter>
<var name="${products}">&lt;selenium.webdriver.remote.webelement.WebElement (session="b6f987d3ae78052767770a1601d49230", element="bf6f1b72-658a-4ede-88e1-262ed9bb3b23")&gt;</var>
<kw name="Get Text" library="SeleniumLibrary">
<var>${products_name}</var>
<arg>${products}</arg>
<doc>Returns the text value of the element identified by ``locator``.</doc>
<msg timestamp="20220721 13:48:30.800" level="INFO">${products_name} = Tablepro mg2 Speaker Wireless Portable Bluetooth Mini Subwoofer Cash FM TF USB</msg>
<status status="PASS" starttime="20220721 13:48:30.782" endtime="20220721 13:48:30.800"/>
</kw>
<kw name="Log To Console" library="BuiltIn">
<arg>${EMPTY}</arg>
<doc>Logs the given message to the console.</doc>
<status status="PASS" starttime="20220721 13:48:30.800" endtime="20220721 13:48:30.802"/>
</kw>
<kw name="Log To Console" library="BuiltIn">
<arg>PRODUCT IS ${products_name}</arg>
<doc>Logs the given message to the console.</doc>
<status status="PASS" starttime="20220721 13:48:30.802" endtime="20220721 13:48:30.803"/>
</kw>
<status status="PASS" starttime="20220721 13:48:30.782" endtime="20220721 13:48:30.803"/>
</iter>
<iter>
<var name="${products}">&lt;selenium.webdriver.remote.webelement.WebElement (session="b6f987d3ae78052767770a1601d49230", element="841606b2-1629-4ac0-bd65-58f7e42ca8b1")&gt;</var>
<kw name="Get Text" library="SeleniumLibrary">
<var>${products_name}</var>
<arg>${products}</arg>
<doc>Returns the text value of the element identified by ``locator``.</doc>
<msg timestamp="20220721 13:48:30.818" level="INFO">${products_name} = NEW LISTINGJBL Clip 4 Black Portable Bluetooth Speaker</msg>
<status status="PASS" starttime="20220721 13:48:30.804" endtime="20220721 13:48:30.818"/>
</kw>
<kw name="Log To Console" library="BuiltIn">
<arg>${EMPTY}</arg>
<doc>Logs the given message to the console.</doc>
<status status="PASS" starttime="20220721 13:48:30.818" endtime="20220721 13:48:30.819"/>
</kw>
<kw name="Log To Console" library="BuiltIn">
<arg>PRODUCT IS ${products_name}</arg>
<doc>Logs the given message to the console.</doc>
<status status="PASS" starttime="20220721 13:48:30.819" endtime="20220721 13:48:30.820"/>
</kw>
<status status="PASS" starttime="20220721 13:48:30.803" endtime="20220721 13:48:30.820"/>
</iter>
<iter>
<var name="${products}">&lt;selenium.webdriver.remote.webelement.WebElement (session="b6f987d3ae78052767770a1601d49230", element="ecdc9c32-81ca-4c56-b4df-bcfa18ec9bc2")&gt;</var>
<kw name="Get Text" library="SeleniumLibrary">
<var>${products_name}</var>
<arg>${products}</arg>
<doc>Returns the text value of the element identified by ``locator``.</doc>
<msg timestamp="20220721 13:48:30.837" level="INFO">${products_name} = Cash Bluetooth Portable USB mp3 Speaker Smartphone Music Speaker 40 W RMS</msg>
<status status="PASS" starttime="20220721 13:48:30.820" endtime="20220721 13:48:30.837"/>
</kw>
<kw name="Log To Console" library="BuiltIn">
<arg>${EMPTY}</arg>
<doc>Logs the given message to the console.</doc>
<status status="PASS" starttime="20220721 13:48:30.837" endtime="20220721 13:48:30.838"/>
</kw>
<kw name="Log To Console" library="BuiltIn">
<arg>PRODUCT IS ${products_name}</arg>
<doc>Logs the given message to the console.</doc>
<status status="PASS" starttime="20220721 13:48:30.839" endtime="20220721 13:48:30.840"/>
</kw>
<status status="PASS" starttime="20220721 13:48:30.820" endtime="20220721 13:48:30.840"/>
</iter>
<iter>
<var name="${products}">&lt;selenium.webdriver.remote.webelement.WebElement (session="b6f987d3ae78052767770a1601d49230", element="dd19499d-feff-44bb-8ade-5ba7977cdfbf")&gt;</var>
<kw name="Get Text" library="SeleniumLibrary">
<var>${products_name}</var>
<arg>${products}</arg>
<doc>Returns the text value of the element identified by ``locator``.</doc>
<msg timestamp="20220721 13:48:30.860" level="INFO">${products_name} = Cash Bluetooth Speaker FM Radio Handsfree Speaker Waterproof USB Micro SD</msg>
<status status="PASS" starttime="20220721 13:48:30.841" endtime="20220721 13:48:30.860"/>
</kw>
<kw name="Log To Console" library="BuiltIn">
<arg>${EMPTY}</arg>
<doc>Logs the given message to the console.</doc>
<status status="PASS" starttime="20220721 13:48:30.861" endtime="20220721 13:48:30.862"/>
</kw>
<kw name="Log To Console" library="BuiltIn">
<arg>PRODUCT IS ${products_name}</arg>
<doc>Logs the given message to the console.</doc>
<status status="PASS" starttime="20220721 13:48:30.863" endtime="20220721 13:48:30.863"/>
</kw>
<status status="PASS" starttime="20220721 13:48:30.841" endtime="20220721 13:48:30.863"/>
</iter>
<iter>
<var name="${products}">&lt;selenium.webdriver.remote.webelement.WebElement (session="b6f987d3ae78052767770a1601d49230", element="04f2a6ba-10e6-401f-a669-b567c6ebddcb")&gt;</var>
<kw name="Get Text" library="SeleniumLibrary">
<var>${products_name}</var>
<arg>${products}</arg>
<doc>Returns the text value of the element identified by ``locator``.</doc>
<msg timestamp="20220721 13:48:30.933" level="INFO">${products_name} = JBL Clip Speaker Bluetooth Portable 4, Cash Bluetooth ipx67 White</msg>
<status status="PASS" starttime="20220721 13:48:30.863" endtime="20220721 13:48:30.933"/>
</kw>
<kw name="Log To Console" library="BuiltIn">
<arg>${EMPTY}</arg>
<doc>Logs the given message to the console.</doc>
<status status="PASS" starttime="20220721 13:48:30.934" endtime="20220721 13:48:30.936"/>
</kw>
<kw name="Log To Console" library="BuiltIn">
<arg>PRODUCT IS ${products_name}</arg>
<doc>Logs the given message to the console.</doc>
<status status="PASS" starttime="20220721 13:48:30.936" endtime="20220721 13:48:30.936"/>
</kw>
<status status="PASS" starttime="20220721 13:48:30.863" endtime="20220721 13:48:30.936"/>
</iter>
<iter>
<var name="${products}">&lt;selenium.webdriver.remote.webelement.WebElement (session="b6f987d3ae78052767770a1601d49230", element="3d5f70c5-5637-4b8b-b173-fa729717a0c8")&gt;</var>
<kw name="Get Text" library="SeleniumLibrary">
<var>${products_name}</var>
<arg>${products}</arg>
<doc>Returns the text value of the element identified by ``locator``.</doc>
<msg timestamp="20220721 13:48:30.952" level="INFO">${products_name} = Cash Stereo Speaker From Vintage Design</msg>
<status status="PASS" starttime="20220721 13:48:30.937" endtime="20220721 13:48:30.952"/>
</kw>
<kw name="Log To Console" library="BuiltIn">
<arg>${EMPTY}</arg>
<doc>Logs the given message to the console.</doc>
<status status="PASS" starttime="20220721 13:48:30.952" endtime="20220721 13:48:30.954"/>
</kw>
<kw name="Log To Console" library="BuiltIn">
<arg>PRODUCT IS ${products_name}</arg>
<doc>Logs the given message to the console.</doc>
<status status="PASS" starttime="20220721 13:48:30.954" endtime="20220721 13:48:30.954"/>
</kw>
<status status="PASS" starttime="20220721 13:48:30.937" endtime="20220721 13:48:30.954"/>
</iter>
<iter>
<var name="${products}">&lt;selenium.webdriver.remote.webelement.WebElement (session="b6f987d3ae78052767770a1601d49230", element="30c05009-d3a7-4b66-a88d-a0302dfab3ef")&gt;</var>
<kw name="Get Text" library="SeleniumLibrary">
<var>${products_name}</var>
<arg>${products}</arg>
<doc>Returns the text value of the element identified by ``locator``.</doc>
<msg timestamp="20220721 13:48:30.971" level="INFO">${products_name} = Portable Case with USB SD FM Radio Bluetooth mp3 Smartphone Speaker Waterproof</msg>
<status status="PASS" starttime="20220721 13:48:30.955" endtime="20220721 13:48:30.972"/>
</kw>
<kw name="Log To Console" library="BuiltIn">
<arg>${EMPTY}</arg>
<doc>Logs the given message to the console.</doc>
<status status="PASS" starttime="20220721 13:48:30.972" endtime="20220721 13:48:30.975"/>
</kw>
<kw name="Log To Console" library="BuiltIn">
<arg>PRODUCT IS ${products_name}</arg>
<doc>Logs the given message to the console.</doc>
<status status="PASS" starttime="20220721 13:48:30.975" endtime="20220721 13:48:30.978"/>
</kw>
<status status="PASS" starttime="20220721 13:48:30.955" endtime="20220721 13:48:30.979"/>
</iter>
<iter>
<var name="${products}">&lt;selenium.webdriver.remote.webelement.WebElement (session="b6f987d3ae78052767770a1601d49230", element="96919dd9-81b6-495a-b47a-cf7e51f32003")&gt;</var>
<kw name="Get Text" library="SeleniumLibrary">
<var>${products_name}</var>
<arg>${products}</arg>
<doc>Returns the text value of the element identified by ``locator``.</doc>
<msg timestamp="20220721 13:48:31.003" level="INFO">${products_name} = Bose SoundLink Mini II Special Edition, Certified Refurbished</msg>
<status status="PASS" starttime="20220721 13:48:30.979" endtime="20220721 13:48:31.003"/>
</kw>
<kw name="Log To Console" library="BuiltIn">
<arg>${EMPTY}</arg>
<doc>Logs the given message to the console.</doc>
<status status="PASS" starttime="20220721 13:48:31.003" endtime="20220721 13:48:31.005"/>
</kw>
<kw name="Log To Console" library="BuiltIn">
<arg>PRODUCT IS ${products_name}</arg>
<doc>Logs the given message to the console.</doc>
<status status="PASS" starttime="20220721 13:48:31.005" endtime="20220721 13:48:31.006"/>
</kw>
<status status="PASS" starttime="20220721 13:48:30.979" endtime="20220721 13:48:31.006"/>
</iter>
<iter>
<var name="${products}">&lt;selenium.webdriver.remote.webelement.WebElement (session="b6f987d3ae78052767770a1601d49230", element="ddead657-c9ee-4126-bfde-4d5b09d7fc5f")&gt;</var>
<kw name="Get Text" library="SeleniumLibrary">
<var>${products_name}</var>
<arg>${products}</arg>
<doc>Returns the text value of the element identified by ``locator``.</doc>
<msg timestamp="20220721 13:48:31.032" level="INFO">${products_name} = Bose TV Speaker, Certified Refurbished</msg>
<status status="PASS" starttime="20220721 13:48:31.006" endtime="20220721 13:48:31.033"/>
</kw>
<kw name="Log To Console" library="BuiltIn">
<arg>${EMPTY}</arg>
<doc>Logs the given message to the console.</doc>
<status status="PASS" starttime="20220721 13:48:31.033" endtime="20220721 13:48:31.034"/>
</kw>
<kw name="Log To Console" library="BuiltIn">
<arg>PRODUCT IS ${products_name}</arg>
<doc>Logs the given message to the console.</doc>
<status status="PASS" starttime="20220721 13:48:31.034" endtime="20220721 13:48:31.035"/>
</kw>
<status status="PASS" starttime="20220721 13:48:31.006" endtime="20220721 13:48:31.035"/>
</iter>
<iter>
<var name="${products}">&lt;selenium.webdriver.remote.webelement.WebElement (session="b6f987d3ae78052767770a1601d49230", element="4eff9a3d-22fc-4132-8095-63f57af8ae22")&gt;</var>
<kw name="Get Text" library="SeleniumLibrary">
<var>${products_name}</var>
<arg>${products}</arg>
<doc>Returns the text value of the element identified by ``locator``.</doc>
<msg timestamp="20220721 13:48:31.054" level="INFO">${products_name} = Cash Bluetooth WiFi Speaker Speaker USB 1000w Portable Wireles kimiso 824</msg>
<status status="PASS" starttime="20220721 13:48:31.036" endtime="20220721 13:48:31.054"/>
</kw>
<kw name="Log To Console" library="BuiltIn">
<arg>${EMPTY}</arg>
<doc>Logs the given message to the console.</doc>
<status status="PASS" starttime="20220721 13:48:31.054" endtime="20220721 13:48:31.055"/>
</kw>
<kw name="Log To Console" library="BuiltIn">
<arg>PRODUCT IS ${products_name}</arg>
<doc>Logs the given message to the console.</doc>
<status status="PASS" starttime="20220721 13:48:31.056" endtime="20220721 13:48:31.057"/>
</kw>
<status status="PASS" starttime="20220721 13:48:31.035" endtime="20220721 13:48:31.058"/>
</iter>
<iter>
<var name="${products}">&lt;selenium.webdriver.remote.webelement.WebElement (session="b6f987d3ae78052767770a1601d49230", element="6f3caa29-b41a-47e1-aec1-2285314a4a45")&gt;</var>
<kw name="Get Text" library="SeleniumLibrary">
<var>${products_name}</var>
<arg>${products}</arg>
<doc>Returns the text value of the element identified by ``locator``.</doc>
<msg timestamp="20220721 13:48:31.082" level="INFO">${products_name} = Pillow Speaker Pair Stereo Mini 3.5mm Plug For Mobile UK CD Tablet</msg>
<status status="PASS" starttime="20220721 13:48:31.060" endtime="20220721 13:48:31.082"/>
</kw>
<kw name="Log To Console" library="BuiltIn">
<arg>${EMPTY}</arg>
<doc>Logs the given message to the console.</doc>
<status status="PASS" starttime="20220721 13:48:31.082" endtime="20220721 13:48:31.083"/>
</kw>
<kw name="Log To Console" library="BuiltIn">
<arg>PRODUCT IS ${products_name}</arg>
<doc>Logs the given message to the console.</doc>
<status status="PASS" starttime="20220721 13:48:31.083" endtime="20220721 13:48:31.083"/>
</kw>
<status status="PASS" starttime="20220721 13:48:31.059" endtime="20220721 13:48:31.083"/>
</iter>
<iter>
<var name="${products}">&lt;selenium.webdriver.remote.webelement.WebElement (session="b6f987d3ae78052767770a1601d49230", element="8479f3a5-3c80-4b1d-b441-a67517e7f5f9")&gt;</var>
<kw name="Get Text" library="SeleniumLibrary">
<var>${products_name}</var>
<arg>${products}</arg>
<doc>Returns the text value of the element identified by ``locator``.</doc>
<msg timestamp="20220721 13:48:31.101" level="INFO">${products_name} = JBL Xtreme 3 Bluetooth Speaker | Portable | Waterproof | Dealer | Like New</msg>
<status status="PASS" starttime="20220721 13:48:31.084" endtime="20220721 13:48:31.101"/>
</kw>
<kw name="Log To Console" library="BuiltIn">
<arg>${EMPTY}</arg>
<doc>Logs the given message to the console.</doc>
<status status="PASS" starttime="20220721 13:48:31.101" endtime="20220721 13:48:31.103"/>
</kw>
<kw name="Log To Console" library="BuiltIn">
<arg>PRODUCT IS ${products_name}</arg>
<doc>Logs the given message to the console.</doc>
<status status="PASS" starttime="20220721 13:48:31.103" endtime="20220721 13:48:31.103"/>
</kw>
<status status="PASS" starttime="20220721 13:48:31.083" endtime="20220721 13:48:31.103"/>
</iter>
<iter>
<var name="${products}">&lt;selenium.webdriver.remote.webelement.WebElement (session="b6f987d3ae78052767770a1601d49230", element="774f0572-1574-48fe-adc6-149e35efa626")&gt;</var>
<kw name="Get Text" library="SeleniumLibrary">
<var>${products_name}</var>
<arg>${products}</arg>
<doc>Returns the text value of the element identified by ``locator``.</doc>
<msg timestamp="20220721 13:48:31.118" level="INFO">${products_name} = Marshall Stanmore II Bluetooth Speakers White (BRAND NEW SEALED)</msg>
<status status="PASS" starttime="20220721 13:48:31.104" endtime="20220721 13:48:31.118"/>
</kw>
<kw name="Log To Console" library="BuiltIn">
<arg>${EMPTY}</arg>
<doc>Logs the given message to the console.</doc>
<status status="PASS" starttime="20220721 13:48:31.119" endtime="20220721 13:48:31.119"/>
</kw>
<kw name="Log To Console" library="BuiltIn">
<arg>PRODUCT IS ${products_name}</arg>
<doc>Logs the given message to the console.</doc>
<status status="PASS" starttime="20220721 13:48:31.120" endtime="20220721 13:48:31.121"/>
</kw>
<status status="PASS" starttime="20220721 13:48:31.103" endtime="20220721 13:48:31.121"/>
</iter>
<iter>
<var name="${products}">&lt;selenium.webdriver.remote.webelement.WebElement (session="b6f987d3ae78052767770a1601d49230", element="84ad62d8-c752-41ce-b403-64f806369118")&gt;</var>
<kw name="Get Text" library="SeleniumLibrary">
<var>${products_name}</var>
<arg>${products}</arg>
<doc>Returns the text value of the element identified by ``locator``.</doc>
<msg timestamp="20220721 13:48:31.139" level="INFO">${products_name} = Waterproof Bluetooth Speaker Mini Stereo Speakers with Speakerphone and Microphone</msg>
<status status="PASS" starttime="20220721 13:48:31.121" endtime="20220721 13:48:31.139"/>
</kw>
<kw name="Log To Console" library="BuiltIn">
<arg>${EMPTY}</arg>
<doc>Logs the given message to the console.</doc>
<status status="PASS" starttime="20220721 13:48:31.139" endtime="20220721 13:48:31.140"/>
</kw>
<kw name="Log To Console" library="BuiltIn">
<arg>PRODUCT IS ${products_name}</arg>
<doc>Logs the given message to the console.</doc>
<status status="PASS" starttime="20220721 13:48:31.140" endtime="20220721 13:48:31.141"/>
</kw>
<status status="PASS" starttime="20220721 13:48:31.121" endtime="20220721 13:48:31.141"/>
</iter>
<iter>
<var name="${products}">&lt;selenium.webdriver.remote.webelement.WebElement (session="b6f987d3ae78052767770a1601d49230", element="4298ab5e-31e4-4a1e-add1-9471380a1eed")&gt;</var>
<kw name="Get Text" library="SeleniumLibrary">
<var>${products_name}</var>
<arg>${products}</arg>
<doc>Returns the text value of the element identified by ``locator``.</doc>
<msg timestamp="20220721 13:48:31.159" level="INFO">${products_name} = 1pcs Portable 3.5mm AUX Pillow mini Speaker For MP3 MP4 CD Player Cell Phone</msg>
<status status="PASS" starttime="20220721 13:48:31.141" endtime="20220721 13:48:31.160"/>
</kw>
<kw name="Log To Console" library="BuiltIn">
<arg>${EMPTY}</arg>
<doc>Logs the given message to the console.</doc>
<status status="PASS" starttime="20220721 13:48:31.160" endtime="20220721 13:48:31.161"/>
</kw>
<kw name="Log To Console" library="BuiltIn">
<arg>PRODUCT IS ${products_name}</arg>
<doc>Logs the given message to the console.</doc>
<status status="PASS" starttime="20220721 13:48:31.162" endtime="20220721 13:48:31.163"/>
</kw>
<status status="PASS" starttime="20220721 13:48:31.141" endtime="20220721 13:48:31.163"/>
</iter>
<iter>
<var name="${products}">&lt;selenium.webdriver.remote.webelement.WebElement (session="b6f987d3ae78052767770a1601d49230", element="9664cf53-38c6-497a-9a2b-9be4048766b6")&gt;</var>
<kw name="Get Text" library="SeleniumLibrary">
<var>${products_name}</var>
<arg>${products}</arg>
<doc>Returns the text value of the element identified by ``locator``.</doc>
<msg timestamp="20220721 13:48:31.182" level="INFO">${products_name} = NEW LISTINGbose soundlink micro bluetooth speaker</msg>
<status status="PASS" starttime="20220721 13:48:31.163" endtime="20220721 13:48:31.182"/>
</kw>
<kw name="Log To Console" library="BuiltIn">
<arg>${EMPTY}</arg>
<doc>Logs the given message to the console.</doc>
<status status="PASS" starttime="20220721 13:48:31.182" endtime="20220721 13:48:31.183"/>
</kw>
<kw name="Log To Console" library="BuiltIn">
<arg>PRODUCT IS ${products_name}</arg>
<doc>Logs the given message to the console.</doc>
<status status="PASS" starttime="20220721 13:48:31.183" endtime="20220721 13:48:31.184"/>
</kw>
<status status="PASS" starttime="20220721 13:48:31.163" endtime="20220721 13:48:31.184"/>
</iter>
<iter>
<var name="${products}">&lt;selenium.webdriver.remote.webelement.WebElement (session="b6f987d3ae78052767770a1601d49230", element="d4eb6e15-8d9d-40e5-abc8-84e7d5c1cff9")&gt;</var>
<kw name="Get Text" library="SeleniumLibrary">
<var>${products_name}</var>
<arg>${products}</arg>
<doc>Returns the text value of the element identified by ``locator``.</doc>
<msg timestamp="20220721 13:48:31.200" level="INFO">${products_name} = H2GO Waterproof Bluetooth Speaker</msg>
<status status="PASS" starttime="20220721 13:48:31.184" endtime="20220721 13:48:31.200"/>
</kw>
<kw name="Log To Console" library="BuiltIn">
<arg>${EMPTY}</arg>
<doc>Logs the given message to the console.</doc>
<status status="PASS" starttime="20220721 13:48:31.200" endtime="20220721 13:48:31.201"/>
</kw>
<kw name="Log To Console" library="BuiltIn">
<arg>PRODUCT IS ${products_name}</arg>
<doc>Logs the given message to the console.</doc>
<status status="PASS" starttime="20220721 13:48:31.202" endtime="20220721 13:48:31.203"/>
</kw>
<status status="PASS" starttime="20220721 13:48:31.184" endtime="20220721 13:48:31.203"/>
</iter>
<iter>
<var name="${products}">&lt;selenium.webdriver.remote.webelement.WebElement (session="b6f987d3ae78052767770a1601d49230", element="3b9b0e3a-bfff-40c9-848a-5df4b5d0bdab")&gt;</var>
<kw name="Get Text" library="SeleniumLibrary">
<var>${products_name}</var>
<arg>${products}</arg>
<doc>Returns the text value of the element identified by ``locator``.</doc>
<msg timestamp="20220721 13:48:31.218" level="INFO">${products_name} = XXL Party Speaker Bluetooth Battery MP3 Music uSB Microphone Garden Box</msg>
<status status="PASS" starttime="20220721 13:48:31.203" endtime="20220721 13:48:31.218"/>
</kw>
<kw name="Log To Console" library="BuiltIn">
<arg>${EMPTY}</arg>
<doc>Logs the given message to the console.</doc>
<status status="PASS" starttime="20220721 13:48:31.218" endtime="20220721 13:48:31.219"/>
</kw>
<kw name="Log To Console" library="BuiltIn">
<arg>PRODUCT IS ${products_name}</arg>
<doc>Logs the given message to the console.</doc>
<status status="PASS" starttime="20220721 13:48:31.219" endtime="20220721 13:48:31.220"/>
</kw>
<status status="PASS" starttime="20220721 13:48:31.203" endtime="20220721 13:48:31.220"/>
</iter>
<iter>
<var name="${products}">&lt;selenium.webdriver.remote.webelement.WebElement (session="b6f987d3ae78052767770a1601d49230", element="55e63c29-7c14-4aa9-bd26-b27756fd1808")&gt;</var>
<kw name="Get Text" library="SeleniumLibrary">
<var>${products_name}</var>
<arg>${products}</arg>
<doc>Returns the text value of the element identified by ``locator``.</doc>
<msg timestamp="20220721 13:48:31.237" level="INFO">${products_name} = Bose Home Speaker 300, Certified Refurbished</msg>
<status status="PASS" starttime="20220721 13:48:31.220" endtime="20220721 13:48:31.237"/>
</kw>
<kw name="Log To Console" library="BuiltIn">
<arg>${EMPTY}</arg>
<doc>Logs the given message to the console.</doc>
<status status="PASS" starttime="20220721 13:48:31.237" endtime="20220721 13:48:31.238"/>
</kw>
<kw name="Log To Console" library="BuiltIn">
<arg>PRODUCT IS ${products_name}</arg>
<doc>Logs the given message to the console.</doc>
<status status="PASS" starttime="20220721 13:48:31.239" endtime="20220721 13:48:31.240"/>
</kw>
<status status="PASS" starttime="20220721 13:48:31.220" endtime="20220721 13:48:31.240"/>
</iter>
<iter>
<var name="${products}">&lt;selenium.webdriver.remote.webelement.WebElement (session="b6f987d3ae78052767770a1601d49230", element="0a176aab-bc2f-4c65-a004-a622842b98e3")&gt;</var>
<kw name="Get Text" library="SeleniumLibrary">
<var>${products_name}</var>
<arg>${products}</arg>
<doc>Returns the text value of the element identified by ``locator``.</doc>
<msg timestamp="20220721 13:48:31.253" level="INFO">${products_name} = Bluetooth Headphones Portable Around Neckband Wearable Stereo Wireless Speaker</msg>
<status status="PASS" starttime="20220721 13:48:31.240" endtime="20220721 13:48:31.253"/>
</kw>
<kw name="Log To Console" library="BuiltIn">
<arg>${EMPTY}</arg>
<doc>Logs the given message to the console.</doc>
<status status="PASS" starttime="20220721 13:48:31.254" endtime="20220721 13:48:31.255"/>
</kw>
<kw name="Log To Console" library="BuiltIn">
<arg>PRODUCT IS ${products_name}</arg>
<doc>Logs the given message to the console.</doc>
<status status="PASS" starttime="20220721 13:48:31.255" endtime="20220721 13:48:31.257"/>
</kw>
<status status="PASS" starttime="20220721 13:48:31.240" endtime="20220721 13:48:31.257"/>
</iter>
<iter>
<var name="${products}">&lt;selenium.webdriver.remote.webelement.WebElement (session="b6f987d3ae78052767770a1601d49230", element="d40019b2-e499-41cc-9be4-d06cdcce4c53")&gt;</var>
<kw name="Get Text" library="SeleniumLibrary">
<var>${products_name}</var>
<arg>${products}</arg>
<doc>Returns the text value of the element identified by ``locator``.</doc>
<msg timestamp="20220721 13:48:31.279" level="INFO">${products_name} = Portable Bluetooth Speaker Mount for Golf Cart Accessories ATV UTV Bike Strap</msg>
<status status="PASS" starttime="20220721 13:48:31.258" endtime="20220721 13:48:31.279"/>
</kw>
<kw name="Log To Console" library="BuiltIn">
<arg>${EMPTY}</arg>
<doc>Logs the given message to the console.</doc>
<status status="PASS" starttime="20220721 13:48:31.279" endtime="20220721 13:48:31.281"/>
</kw>
<kw name="Log To Console" library="BuiltIn">
<arg>PRODUCT IS ${products_name}</arg>
<doc>Logs the given message to the console.</doc>
<status status="PASS" starttime="20220721 13:48:31.281" endtime="20220721 13:48:31.281"/>
</kw>
<status status="PASS" starttime="20220721 13:48:31.257" endtime="20220721 13:48:31.281"/>
</iter>
<iter>
<var name="${products}">&lt;selenium.webdriver.remote.webelement.WebElement (session="b6f987d3ae78052767770a1601d49230", element="9226c93e-eb51-4dc0-8d8e-4d82778b5fbb")&gt;</var>
<kw name="Get Text" library="SeleniumLibrary">
<var>${products_name}</var>
<arg>${products}</arg>
<doc>Returns the text value of the element identified by ``locator``.</doc>
<msg timestamp="20220721 13:48:31.298" level="INFO">${products_name} = Bose SoundLink Revolve II Bluetooth Speaker, Certified Refurbished</msg>
<status status="PASS" starttime="20220721 13:48:31.282" endtime="20220721 13:48:31.298"/>
</kw>
<kw name="Log To Console" library="BuiltIn">
<arg>${EMPTY}</arg>
<doc>Logs the given message to the console.</doc>
<status status="PASS" starttime="20220721 13:48:31.298" endtime="20220721 13:48:31.299"/>
</kw>
<kw name="Log To Console" library="BuiltIn">
<arg>PRODUCT IS ${products_name}</arg>
<doc>Logs the given message to the console.</doc>
<status status="PASS" starttime="20220721 13:48:31.300" endtime="20220721 13:48:31.300"/>
</kw>
<status status="PASS" starttime="20220721 13:48:31.282" endtime="20220721 13:48:31.300"/>
</iter>
<iter>
<var name="${products}">&lt;selenium.webdriver.remote.webelement.WebElement (session="b6f987d3ae78052767770a1601d49230", element="409886d0-61e3-46e4-9d8b-4ab270131ba9")&gt;</var>
<kw name="Get Text" library="SeleniumLibrary">
<var>${products_name}</var>
<arg>${products}</arg>
<doc>Returns the text value of the element identified by ``locator``.</doc>
<msg timestamp="20220721 13:48:31.318" level="INFO">${products_name} = Mini Speaker Powerful Outdoor Portable Sound Box - New</msg>
<status status="PASS" starttime="20220721 13:48:31.301" endtime="20220721 13:48:31.319"/>
</kw>
<kw name="Log To Console" library="BuiltIn">
<arg>${EMPTY}</arg>
<doc>Logs the given message to the console.</doc>
<status status="PASS" starttime="20220721 13:48:31.319" endtime="20220721 13:48:31.320"/>
</kw>
<kw name="Log To Console" library="BuiltIn">
<arg>PRODUCT IS ${products_name}</arg>
<doc>Logs the given message to the console.</doc>
<status status="PASS" starttime="20220721 13:48:31.321" endtime="20220721 13:48:31.321"/>
</kw>
<status status="PASS" starttime="20220721 13:48:31.300" endtime="20220721 13:48:31.321"/>
</iter>
<iter>
<var name="${products}">&lt;selenium.webdriver.remote.webelement.WebElement (session="b6f987d3ae78052767770a1601d49230", element="223f7ec6-3a69-4a04-b1a8-5e760cf06d08")&gt;</var>
<kw name="Get Text" library="SeleniumLibrary">
<var>${products_name}</var>
<arg>${products}</arg>
<doc>Returns the text value of the element identified by ``locator``.</doc>
<msg timestamp="20220721 13:48:31.341" level="INFO">${products_name} = Solar Powered Wireless Speaker Radio LED Flashlight Wireless Outdoor D5H3</msg>
<status status="PASS" starttime="20220721 13:48:31.322" endtime="20220721 13:48:31.341"/>
</kw>
<kw name="Log To Console" library="BuiltIn">
<arg>${EMPTY}</arg>
<doc>Logs the given message to the console.</doc>
<status status="PASS" starttime="20220721 13:48:31.341" endtime="20220721 13:48:31.343"/>
</kw>
<kw name="Log To Console" library="BuiltIn">
<arg>PRODUCT IS ${products_name}</arg>
<doc>Logs the given message to the console.</doc>
<status status="PASS" starttime="20220721 13:48:31.343" endtime="20220721 13:48:31.344"/>
</kw>
<status status="PASS" starttime="20220721 13:48:31.321" endtime="20220721 13:48:31.344"/>
</iter>
<iter>
<var name="${products}">&lt;selenium.webdriver.remote.webelement.WebElement (session="b6f987d3ae78052767770a1601d49230", element="6ffc9d59-be5c-4a4d-b55b-bd5e4b38828b")&gt;</var>
<kw name="Get Text" library="SeleniumLibrary">
<var>${products_name}</var>
<arg>${products}</arg>
<doc>Returns the text value of the element identified by ``locator``.</doc>
<msg timestamp="20220721 13:48:31.363" level="INFO">${products_name} = NEW LISTINGJBL Xtreme 3 Portable Bluetooth Speaker - (DAMAGED) (NONWORKING)</msg>
<status status="PASS" starttime="20220721 13:48:31.345" endtime="20220721 13:48:31.363"/>
</kw>
<kw name="Log To Console" library="BuiltIn">
<arg>${EMPTY}</arg>
<doc>Logs the given message to the console.</doc>
<status status="PASS" starttime="20220721 13:48:31.363" endtime="20220721 13:48:31.365"/>
</kw>
<kw name="Log To Console" library="BuiltIn">
<arg>PRODUCT IS ${products_name}</arg>
<doc>Logs the given message to the console.</doc>
<status status="PASS" starttime="20220721 13:48:31.365" endtime="20220721 13:48:31.366"/>
</kw>
<status status="PASS" starttime="20220721 13:48:31.345" endtime="20220721 13:48:31.366"/>
</iter>
<iter>
<var name="${products}">&lt;selenium.webdriver.remote.webelement.WebElement (session="b6f987d3ae78052767770a1601d49230", element="d59cd596-2acd-4d42-a46e-3ce4c4363565")&gt;</var>
<kw name="Get Text" library="SeleniumLibrary">
<var>${products_name}</var>
<arg>${products}</arg>
<doc>Returns the text value of the element identified by ``locator``.</doc>
<msg timestamp="20220721 13:48:31.400" level="INFO">${products_name} = JBL Flip 4 Bluetooth Speaker FOR PARTS</msg>
<status status="PASS" starttime="20220721 13:48:31.367" endtime="20220721 13:48:31.400"/>
</kw>
<kw name="Log To Console" library="BuiltIn">
<arg>${EMPTY}</arg>
<doc>Logs the given message to the console.</doc>
<status status="PASS" starttime="20220721 13:48:31.400" endtime="20220721 13:48:31.401"/>
</kw>
<kw name="Log To Console" library="BuiltIn">
<arg>PRODUCT IS ${products_name}</arg>
<doc>Logs the given message to the console.</doc>
<status status="PASS" starttime="20220721 13:48:31.401" endtime="20220721 13:48:31.402"/>
</kw>
<status status="PASS" starttime="20220721 13:48:31.366" endtime="20220721 13:48:31.402"/>
</iter>
<iter>
<var name="${products}">&lt;selenium.webdriver.remote.webelement.WebElement (session="b6f987d3ae78052767770a1601d49230", element="af610328-a39e-4d5a-9bda-ee015ec375cf")&gt;</var>
<kw name="Get Text" library="SeleniumLibrary">
<var>${products_name}</var>
<arg>${products}</arg>
<doc>Returns the text value of the element identified by ``locator``.</doc>
<msg timestamp="20220721 13:48:31.429" level="INFO">${products_name} = Digital AM FM Radio Audio Receiver Music Player w/LCD Screen Clear Loud Speaker</msg>
<status status="PASS" starttime="20220721 13:48:31.402" endtime="20220721 13:48:31.430"/>
</kw>
<kw name="Log To Console" library="BuiltIn">
<arg>${EMPTY}</arg>
<doc>Logs the given message to the console.</doc>
<status status="PASS" starttime="20220721 13:48:31.430" endtime="20220721 13:48:31.430"/>
</kw>
<kw name="Log To Console" library="BuiltIn">
<arg>PRODUCT IS ${products_name}</arg>
<doc>Logs the given message to the console.</doc>
<status status="PASS" starttime="20220721 13:48:31.430" endtime="20220721 13:48:31.431"/>
</kw>
<status status="PASS" starttime="20220721 13:48:31.402" endtime="20220721 13:48:31.431"/>
</iter>
<iter>
<var name="${products}">&lt;selenium.webdriver.remote.webelement.WebElement (session="b6f987d3ae78052767770a1601d49230", element="a05fd3f2-469e-4c1d-88cb-e72c87d40fdc")&gt;</var>
<kw name="Get Text" library="SeleniumLibrary">
<var>${products_name}</var>
<arg>${products}</arg>
<doc>Returns the text value of the element identified by ``locator``.</doc>
<msg timestamp="20220721 13:48:31.447" level="INFO">${products_name} = COMISO X16 Wireless Bluetooth Speaker</msg>
<status status="PASS" starttime="20220721 13:48:31.431" endtime="20220721 13:48:31.447"/>
</kw>
<kw name="Log To Console" library="BuiltIn">
<arg>${EMPTY}</arg>
<doc>Logs the given message to the console.</doc>
<status status="PASS" starttime="20220721 13:48:31.447" endtime="20220721 13:48:31.448"/>
</kw>
<kw name="Log To Console" library="BuiltIn">
<arg>PRODUCT IS ${products_name}</arg>
<doc>Logs the given message to the console.</doc>
<status status="PASS" starttime="20220721 13:48:31.449" endtime="20220721 13:48:31.449"/>
</kw>
<status status="PASS" starttime="20220721 13:48:31.431" endtime="20220721 13:48:31.449"/>
</iter>
<iter>
<var name="${products}">&lt;selenium.webdriver.remote.webelement.WebElement (session="b6f987d3ae78052767770a1601d49230", element="b5869e2f-81da-4c80-aff2-d99c1d37085f")&gt;</var>
<kw name="Get Text" library="SeleniumLibrary">
<var>${products_name}</var>
<arg>${products}</arg>
<doc>Returns the text value of the element identified by ``locator``.</doc>
<msg timestamp="20220721 13:48:31.463" level="INFO">${products_name} = Bluetooth 4.2 Wireless Speaker 380mah Large Capacity Battery Card Mobile</msg>
<status status="PASS" starttime="20220721 13:48:31.450" endtime="20220721 13:48:31.463"/>
</kw>
<kw name="Log To Console" library="BuiltIn">
<arg>${EMPTY}</arg>
<doc>Logs the given message to the console.</doc>
<status status="PASS" starttime="20220721 13:48:31.463" endtime="20220721 13:48:31.464"/>
</kw>
<kw name="Log To Console" library="BuiltIn">
<arg>PRODUCT IS ${products_name}</arg>
<doc>Logs the given message to the console.</doc>
<status status="PASS" starttime="20220721 13:48:31.464" endtime="20220721 13:48:31.465"/>
</kw>
<status status="PASS" starttime="20220721 13:48:31.449" endtime="20220721 13:48:31.465"/>
</iter>
<status status="PASS" starttime="20220721 13:48:29.564" endtime="20220721 13:48:31.465"/>
</for>
<kw name="Close All Browsers" library="SeleniumLibrary">
<doc>Closes all open browsers and resets the browser cache.</doc>
<status status="PASS" starttime="20220721 13:48:31.465" endtime="20220721 13:48:34.510"/>
</kw>
<tag>no_structures</tag>
<status status="PASS" starttime="20220721 13:48:19.975" endtime="20220721 13:48:34.511"/>
</test>
<status status="PASS" starttime="20220721 13:48:19.487" endtime="20220721 13:48:34.513"/>
</suite>
<statistics>
<total>
<stat pass="1" fail="0" skip="0">All Tests</stat>
</total>
<tag>
<stat pass="1" fail="0" skip="0">no_structures</stat>
</tag>
<suite>
<stat pass="1" fail="0" skip="0" id="s1" name="Test Ebay">Test Ebay</stat>
</suite>
</statistics>
<errors>
</errors>
</robot>
