<?xml version="1.0" encoding="UTF-8"?>
<robot generator="Robot 5.0.1 (Python 3.10.5 on win32)" generated="20220725 15:22:57.237" rpa="false" schemaversion="3">
<suite id="s1" name="RO API" source="D:\SourceT\Robot\API_Robot\RO_API.robot">
<test id="s1-t1" name="TC01 Get all assets" line="10">
<kw name="GET" library="RequestsLibrary">
<var>${resources}</var>
<arg>url=${api.root.endpoint}</arg>
<arg>expected_status=200</arg>
<doc>Sends a GET request.</doc>
<msg timestamp="20220725 15:22:57.627" level="INFO">GET Request : url=https://pokeapi.co/api/v2/pokemon/ditto 
 path_url=/api/v2/pokemon/ditto 
 headers={'User-Agent': 'python-requests/2.28.1', 'Accept-Encoding': 'gzip, deflate', 'Accept': '*/*', 'Connection': 'keep-alive'} 
 body=None 
 </msg>
<msg timestamp="20220725 15:22:57.627" level="INFO">GET Response : url=https://pokeapi.co/api/v2/pokemon/ditto 
 status=200, reason=OK 
 headers={'Date': 'Mon, 25 Jul 2022 08:22:57 GMT', 'Content-Type': 'application/json; charset=utf-8', 'Content-Length': '1899', 'Connection': 'keep-alive', 'alt-svc': 'h3=":443"; ma=86400, h3-29=":443"; ma=86400', 'access-control-allow-origin': '*', 'Cache-Control': 'public, max-age=86400, s-maxage=86400', 'Content-Encoding': 'gzip', 'etag': 'W/"58bb-khjytaRJ2VTv7w+cZFFTaIZuuC0"', 'function-execution-id': 'tvcszaff08iu', 'strict-transport-security': 'max-age=31556926', 'x-cloud-trace-context': '037b0602efba22fc466b1e4311716616', 'x-country-code': 'SG', 'x-orig-accept-language': 'zh-CN,zh;q=0.9', 'x-powered-by': 'Express', 'x-served-by': 'cache-qpg1278-QPG', 'x-cache': 'HIT', 'x-cache-hits': '1', 'x-timer': 'S1658679078.003337,VS0,VE1', 'vary': 'Accept-Encoding,cookie,need-authorization, x-fh-requested-host, accept-encoding', 'CF-Cache-Status': 'HIT', 'Age': '58300', 'Accept-Ranges': 'bytes', 'Expect-CT': 'max-age=604800, report-uri="https://report-uri.cloudflare.com/cdn-cgi/beacon/expect-ct"', 'Report-To': '{"endpoints":[{"url":"https:\\/\\/a.nel.cloudflare.com\\/report\\/v3?s=he68pZLHAogSbZdRlvkUBh8A34UEvS5ECcm0MZCJEKX%2FQZk0%2FZzzp33P0LsBagC9IpLIhkS94HQqm2oWe2nhXQag%2BsBJjO%2FxpX19MYiLhoJxcWkbtSMSwXQrpTQ5"}],"group":"cf-nel","max_age":604800}', 'NEL': '{"success_fraction":0,"report_to":"cf-nel","max_age":604800}', 'Server': 'cloudflare', 'CF-RAY': '73037da1ea8237d6-BKK'} 
 body={"abilities":[{"ability":{"name":"limber","url":"https://pokeapi.co/api/v2/ability/7/"},"is_hidden":false,"slot":1},{"ability":{"name":"imposter","url":"https://pokeapi.co/api/v2/ability/150/"},"is_hidden":true,"slot":3}],"base_experience":101,"forms":[{"name":"ditto","url":"https://pokeapi.co/api/v2/pokemon-form/132/"}],"game_indices":[{"game_index":76,"version":{"name":"red","url":"https://pokeapi.co/api/v2/version/1/"}},{"game_index":76,"version":{"name":"blue","url":"https://pokeapi.co/api/v2/version/2/"}},{"game_index":76,"version":{"name":"yellow","url":"https://pokeapi.co/api/v2/version/3/"}},{"game_index":132,"version":{"name":"gold","url":"https://pokeapi.co/api/v2/version/4/"}},{"game_index":132,"version":{"name":"silver","url":"https://pokeapi.co/api/v2/version/5/"}},{"game_index":132,"version":{"name":"crystal","url":"https://pokeapi.co/api/v2/version/6/"}},{"game_index":132,"version":{"name":"ruby","url":"https://pokeapi.co/api/v2/version/7/"}},{"game_index":132,"version":{"name":"sapphire","url":"https://pokeapi.co/api/v2/version/8/"}},{"game_index":132,"version":{"name":"emerald","url":"https://pokeapi.co/api/v2/version/9/"}},{"game_index":132,"version":{"name":"firered","url":"https://pokeapi.co/api/v2/version/10/"}},{"game_index":132,"version":{"name":"leafgreen","url":"https://pokeapi.co/api/v2/version/11/"}},{"game_index":132,"version":{"name":"diamond","url":"https://pokeapi.co/api/v2/version/12/"}},{"game_index":132,"version":{"name":"pearl","url":"https://pokeapi.co/api/v2/version/13/"}},{"game_index":132,"version":{"name":"platinum","url":"https://pokeapi.co/api/v2/version/14/"}},{"game_index":132,"version":{"name":"heartgold","url":"https://pokeapi.co/api/v2/version/15/"}},{"game_index":132,"version":{"name":"soulsilver","url":"https://pokeapi.co/api/v2/version/16/"}},{"game_index":132,"version":{"name":"black","url":"https://pokeapi.co/api/v2/version/17/"}},{"game_index":132,"version":{"name":"white","url":"https://pokeapi.co/api/v2/version/18/"}},{"game_index":132,"version":{"name":"black-2","url":"https://pokeapi.co/api/v2/version/21/"}},{"game_index":132,"version":{"name":"white-2","url":"https://pokeapi.co/api/v2/version/22/"}}],"height":3,"held_items":[{"item":{"name":"metal-powder","url":"https://pokeapi.co/api/v2/item/234/"},"version_details":[{"rarity":5,"version":{"name":"ruby","url":"https://pokeapi.co/api/v2/version/7/"}},{"rarity":5,"version":{"name":"sapphire","url":"https://pokeapi.co/api/v2/version/8/"}},{"rarity":5,"version":{"name":"emerald","url":"https://pokeapi.co/api/v2/version/9/"}},{"rarity":5,"version":{"name":"firered","url":"https://pokeapi.co/api/v2/version/10/"}},{"rarity":5,"version":{"name":"leafgreen","url":"https://pokeapi.co/api/v2/version/11/"}},{"rarity":5,"version":{"name":"diamond","url":"https://pokeapi.co/api/v2/version/12/"}},{"rarity":5,"version":{"name":"pearl","url":"https://pokeapi.co/api/v2/version/13/"}},{"rarity":5,"version":{"name":"platinum","url":"https://pokeapi.co/api/v2/version/14/"}},{"rarity":5,"version":{"name":"heartgold","url":"https://pokeapi.co/api/v2/version/15/"}},{"rarity":5,"version":{"name":"soulsilver","url":"https://pokeapi.co/api/v2/version/16/"}},{"rarity":5,"version":{"name":"black","url":"https://pokeapi.co/api/v2/version/17/"}},{"rarity":5,"version":{"name":"white","url":"https://pokeapi.co/api/v2/version/18/"}},{"rarity":5,"version":{"name":"black-2","url":"https://pokeapi.co/api/v2/version/21/"}},{"rarity":5,"version":{"name":"white-2","url":"https://pokeapi.co/api/v2/version/22/"}},{"rarity":5,"version":{"name":"x","url":"https://pokeapi.co/api/v2/version/23/"}},{"rarity":5,"version":{"name":"y","url":"https://pokeapi.co/api/v2/version/24/"}},{"rarity":5,"version":{"name":"omega-ruby","url":"https://pokeapi.co/api/v2/version/25/"}},{"rarity":5,"version":{"name":"alpha-sapphire","url":"https://pokeapi.co/api/v2/version/26/"}},{"rarity":5,"version":{"name":"sun","url":"https://pokeapi.co/api/v2/version/27/"}},{"rarity":5,"version":{"name":"moon","url":"https://pokeapi.co/api/v2/version/28/"}},{"rarity":5,"version":{"name":"ultra-sun","url":"https://pokeapi.co/api/v2/version/29/"}},{"rarity":5,"version":{"name":"ultra-moon","url":"https://pokeapi.co/api/v2/version/30/"}}]},{"item":{"name":"quick-powder","url":"https://pokeapi.co/api/v2/item/251/"},"version_details":[{"rarity":50,"version":{"name":"diamond","url":"https://pokeapi.co/api/v2/version/12/"}},{"rarity":50,"version":{"name":"pearl","url":"https://pokeapi.co/api/v2/version/13/"}},{"rarity":50,"version":{"name":"platinum","url":"https://pokeapi.co/api/v2/version/14/"}},{"rarity":50,"version":{"name":"heartgold","url":"https://pokeapi.co/api/v2/version/15/"}},{"rarity":50,"version":{"name":"soulsilver","url":"https://pokeapi.co/api/v2/version/16/"}},{"rarity":50,"version":{"name":"black","url":"https://pokeapi.co/api/v2/version/17/"}},{"rarity":50,"version":{"name":"white","url":"https://pokeapi.co/api/v2/version/18/"}},{"rarity":50,"version":{"name":"black-2","url":"https://pokeapi.co/api/v2/version/21/"}},{"rarity":50,"version":{"name":"white-2","url":"https://pokeapi.co/api/v2/version/22/"}},{"rarity":50,"version":{"name":"x","url":"https://pokeapi.co/api/v2/version/23/"}},{"rarity":50,"version":{"name":"y","url":"https://pokeapi.co/api/v2/version/24/"}},{"rarity":50,"version":{"name":"omega-ruby","url":"https://pokeapi.co/api/v2/version/25/"}},{"rarity":50,"version":{"name":"alpha-sapphire","url":"https://pokeapi.co/api/v2/version/26/"}},{"rarity":50,"version":{"name":"sun","url":"https://pokeapi.co/api/v2/version/27/"}},{"rarity":50,"version":{"name":"moon","url":"https://pokeapi.co/api/v2/version/28/"}},{"rarity":50,"version":{"name":"ultra-sun","url":"https://pokeapi.co/api/v2/version/29/"}},{"rarity":50,"version":{"name":"ultra-moon","url":"https://pokeapi.co/api/v2/version/30/"}}]}],"id":132,"is_default":true,"location_area_encounters":"https://pokeapi.co/api/v2/pokemon/132/encounters","moves":[{"move":{"name":"transform","url":"https://pokeapi.co/api/v2/move/144/"},"version_group_details":[{"level_learned_at":1,"move_learn_method":{"name":"level-up","url":"https://pokeapi.co/api/v2/move-learn-method/1/"},"version_group":{"name":"red-blue","url":"https://pokeapi.co/api/v2/version-group/1/"}},{"level_learned_at":1,"move_learn_method":{"name":"level-up","url":"https://pokeapi.co/api/v2/move-learn-method/1/"},"version_group":{"name":"yellow","url":"https://pokeapi.co/api/v2/version-group/2/"}},{"level_learned_at":1,"move_learn_method":{"name":"level-up","url":"https://pokeapi.co/api/v2/move-learn-method/1/"},"version_group":{"name":"gold-silver","url":"https://pokeapi.co/api/v2/version-group/3/"}},{"level_learned_at":1,"move_learn_method":{"name":"level-up","url":"https://pokeapi.co/api/v2/move-learn-method/1/"},"version_group":{"name":"crystal","url":"https://pokeapi.co/api/v2/version-group/4/"}},{"level_learned_at":1,"move_learn_method":{"name":"level-up","url":"https://pokeapi.co/api/v2/move-learn-method/1/"},"version_group":{"name":"ruby-sapphire","url":"https://pokeapi.co/api/v2/version-group/5/"}},{"level_learned_at":1,"move_learn_method":{"name":"level-up","url":"https://pokeapi.co/api/v2/move-learn-method/1/"},"version_group":{"name":"emerald","url":"https://pokeapi.co/api/v2/version-group/6/"}},{"level_learned_at":1,"move_learn_method":{"name":"level-up","url":"https://pokeapi.co/api/v2/move-learn-method/1/"},"version_group":{"name":"firered-leafgreen","url":"https://pokeapi.co/api/v2/version-group/7/"}},{"level_learned_at":1,"move_learn_method":{"name":"level-up","url":"https://pokeapi.co/api/v2/move-learn-method/1/"},"version_group":{"name":"diamond-pearl","url":"https://pokeapi.co/api/v2/version-group/8/"}},{"level_learned_at":1,"move_learn_method":{"name":"level-up","url":"https://pokeapi.co/api/v2/move-learn-method/1/"},"version_group":{"name":"platinum","url":"https://pokeapi.co/api/v2/version-group/9/"}},{"level_learned_at":1,"move_learn_method":{"name":"level-up","url":"https://pokeapi.co/api/v2/move-learn-method/1/"},"version_group":{"name":"heartgold-soulsilver","url":"https://pokeapi.co/api/v2/version-group/10/"}},{"level_learned_at":1,"move_learn_method":{"name":"level-up","url":"https://pokeapi.co/api/v2/move-learn-method/1/"},"version_group":{"name":"black-white","url":"https://pokeapi.co/api/v2/version-group/11/"}},{"level_learned_at":1,"move_learn_method":{"name":"level-up","url":"https://pokeapi.co/api/v2/move-learn-method/1/"},"version_group":{"name":"colosseum","url":"https://pokeapi.co/api/v2/version-group/12/"}},{"level_learned_at":1,"move_learn_method":{"name":"level-up","url":"https://pokeapi.co/api/v2/move-learn-method/1/"},"version_group":{"name":"xd","url":"https://pokeapi.co/api/v2/version-group/13/"}},{"level_learned_at":1,"move_learn_method":{"name":"level-up","url":"https://pokeapi.co/api/v2/move-learn-method/1/"},"version_group":{"name":"black-2-white-2","url":"https://pokeapi.co/api/v2/version-group/14/"}},{"level_learned_at":1,"move_learn_method":{"name":"level-up","url":"https://pokeapi.co/api/v2/move-learn-method/1/"},"version_group":{"name":"x-y","url":"https://pokeapi.co/api/v2/version-group/15/"}},{"level_learned_at":1,"move_learn_method":{"name":"level-up","url":"https://pokeapi.co/api/v2/move-learn-method/1/"},"version_group":{"name":"omega-ruby-alpha-sapphire","url":"https://pokeapi.co/api/v2/version-group/16/"}},{"level_learned_at":1,"move_learn_method":{"name":"level-up","url":"https://pokeapi.co/api/v2/move-learn-method/1/"},"version_group":{"name":"sun-moon","url":"https://pokeapi.co/api/v2/version-group/17/"}},{"level_learned_at":1,"move_learn_method":{"name":"level-up","url":"https://pokeapi.co/api/v2/move-learn-method/1/"},"version_group":{"name":"ultra-sun-ultra-moon","url":"https://pokeapi.co/api/v2/version-group/18/"}},{"level_learned_at":1,"move_learn_method":{"name":"level-up","url":"https://pokeapi.co/api/v2/move-learn-method/1/"},"version_group":{"name":"lets-go-pikachu-lets-go-eevee","ur... (set the log level to DEBUG or TRACE to see the full content) 
 </msg>
<msg timestamp="20220725 15:22:57.627" level="INFO">${resources} = &lt;Response [200]&gt;</msg>
<status status="PASS" starttime="20220725 15:22:57.451" endtime="20220725 15:22:57.627"/>
</kw>
<kw name="Log To Console" library="BuiltIn">
<arg>${resources.json()}</arg>
<doc>Logs the given message to the console.</doc>
<status status="PASS" starttime="20220725 15:22:57.627" endtime="20220725 15:22:57.653"/>
</kw>
<kw name="Should Be Equal As Strings" library="BuiltIn">
<arg>${resources.status_code}</arg>
<arg>200</arg>
<doc>Fails if objects are unequal after converting them to strings.</doc>
<msg timestamp="20220725 15:22:57.655" level="INFO">Argument types are:
&lt;class 'int'&gt;
&lt;class 'str'&gt;</msg>
<status status="PASS" starttime="20220725 15:22:57.654" endtime="20220725 15:22:57.655"/>
</kw>
<tag>01</tag>
<status status="PASS" starttime="20220725 15:22:57.447" endtime="20220725 15:22:57.655"/>
</test>
<test id="s1-t2" name="TC02 GET" line="17">
<kw name="GET" library="RequestsLibrary">
<var>${resources}</var>
<arg>url=${api.root.endpoint}</arg>
<arg>expected_status=200</arg>
<doc>Sends a GET request.</doc>
<msg timestamp="20220725 15:22:57.755" level="INFO">GET Request : url=https://pokeapi.co/api/v2/pokemon/ditto 
 path_url=/api/v2/pokemon/ditto 
 headers={'User-Agent': 'python-requests/2.28.1', 'Accept-Encoding': 'gzip, deflate', 'Accept': '*/*', 'Connection': 'keep-alive'} 
 body=None 
 </msg>
<msg timestamp="20220725 15:22:57.755" level="INFO">GET Response : url=https://pokeapi.co/api/v2/pokemon/ditto 
 status=200, reason=OK 
 headers={'Date': 'Mon, 25 Jul 2022 08:22:57 GMT', 'Content-Type': 'application/json; charset=utf-8', 'Content-Length': '1899', 'Connection': 'keep-alive', 'alt-svc': 'h3=":443"; ma=86400, h3-29=":443"; ma=86400', 'access-control-allow-origin': '*', 'Cache-Control': 'public, max-age=86400, s-maxage=86400', 'Content-Encoding': 'gzip', 'etag': 'W/"58bb-khjytaRJ2VTv7w+cZFFTaIZuuC0"', 'function-execution-id': 'tvcszaff08iu', 'strict-transport-security': 'max-age=31556926', 'x-cloud-trace-context': '037b0602efba22fc466b1e4311716616', 'x-country-code': 'SG', 'x-orig-accept-language': 'zh-CN,zh;q=0.9', 'x-powered-by': 'Express', 'x-served-by': 'cache-qpg1278-QPG', 'x-cache': 'HIT', 'x-cache-hits': '1', 'x-timer': 'S1658679078.003337,VS0,VE1', 'vary': 'Accept-Encoding,cookie,need-authorization, x-fh-requested-host, accept-encoding', 'CF-Cache-Status': 'HIT', 'Age': '58300', 'Accept-Ranges': 'bytes', 'Expect-CT': 'max-age=604800, report-uri="https://report-uri.cloudflare.com/cdn-cgi/beacon/expect-ct"', 'Report-To': '{"endpoints":[{"url":"https:\\/\\/a.nel.cloudflare.com\\/report\\/v3?s=twjYcz8XcBztR70a5RLWkxYx3mj%2FGGmzrgLrcKzUf87i1onaG9nMJ%2BWjEKNkNuVjK8OZrkGCHJ%2BGUQyfOKvXQxqXqDPZXhoHMG7pWaAZdhnxpm6gjgRfGLHtDegj"}],"group":"cf-nel","max_age":604800}', 'NEL': '{"success_fraction":0,"report_to":"cf-nel","max_age":604800}', 'Server': 'cloudflare', 'CF-RAY': '73037da2ab795ad2-BKK'} 
 body={"abilities":[{"ability":{"name":"limber","url":"https://pokeapi.co/api/v2/ability/7/"},"is_hidden":false,"slot":1},{"ability":{"name":"imposter","url":"https://pokeapi.co/api/v2/ability/150/"},"is_hidden":true,"slot":3}],"base_experience":101,"forms":[{"name":"ditto","url":"https://pokeapi.co/api/v2/pokemon-form/132/"}],"game_indices":[{"game_index":76,"version":{"name":"red","url":"https://pokeapi.co/api/v2/version/1/"}},{"game_index":76,"version":{"name":"blue","url":"https://pokeapi.co/api/v2/version/2/"}},{"game_index":76,"version":{"name":"yellow","url":"https://pokeapi.co/api/v2/version/3/"}},{"game_index":132,"version":{"name":"gold","url":"https://pokeapi.co/api/v2/version/4/"}},{"game_index":132,"version":{"name":"silver","url":"https://pokeapi.co/api/v2/version/5/"}},{"game_index":132,"version":{"name":"crystal","url":"https://pokeapi.co/api/v2/version/6/"}},{"game_index":132,"version":{"name":"ruby","url":"https://pokeapi.co/api/v2/version/7/"}},{"game_index":132,"version":{"name":"sapphire","url":"https://pokeapi.co/api/v2/version/8/"}},{"game_index":132,"version":{"name":"emerald","url":"https://pokeapi.co/api/v2/version/9/"}},{"game_index":132,"version":{"name":"firered","url":"https://pokeapi.co/api/v2/version/10/"}},{"game_index":132,"version":{"name":"leafgreen","url":"https://pokeapi.co/api/v2/version/11/"}},{"game_index":132,"version":{"name":"diamond","url":"https://pokeapi.co/api/v2/version/12/"}},{"game_index":132,"version":{"name":"pearl","url":"https://pokeapi.co/api/v2/version/13/"}},{"game_index":132,"version":{"name":"platinum","url":"https://pokeapi.co/api/v2/version/14/"}},{"game_index":132,"version":{"name":"heartgold","url":"https://pokeapi.co/api/v2/version/15/"}},{"game_index":132,"version":{"name":"soulsilver","url":"https://pokeapi.co/api/v2/version/16/"}},{"game_index":132,"version":{"name":"black","url":"https://pokeapi.co/api/v2/version/17/"}},{"game_index":132,"version":{"name":"white","url":"https://pokeapi.co/api/v2/version/18/"}},{"game_index":132,"version":{"name":"black-2","url":"https://pokeapi.co/api/v2/version/21/"}},{"game_index":132,"version":{"name":"white-2","url":"https://pokeapi.co/api/v2/version/22/"}}],"height":3,"held_items":[{"item":{"name":"metal-powder","url":"https://pokeapi.co/api/v2/item/234/"},"version_details":[{"rarity":5,"version":{"name":"ruby","url":"https://pokeapi.co/api/v2/version/7/"}},{"rarity":5,"version":{"name":"sapphire","url":"https://pokeapi.co/api/v2/version/8/"}},{"rarity":5,"version":{"name":"emerald","url":"https://pokeapi.co/api/v2/version/9/"}},{"rarity":5,"version":{"name":"firered","url":"https://pokeapi.co/api/v2/version/10/"}},{"rarity":5,"version":{"name":"leafgreen","url":"https://pokeapi.co/api/v2/version/11/"}},{"rarity":5,"version":{"name":"diamond","url":"https://pokeapi.co/api/v2/version/12/"}},{"rarity":5,"version":{"name":"pearl","url":"https://pokeapi.co/api/v2/version/13/"}},{"rarity":5,"version":{"name":"platinum","url":"https://pokeapi.co/api/v2/version/14/"}},{"rarity":5,"version":{"name":"heartgold","url":"https://pokeapi.co/api/v2/version/15/"}},{"rarity":5,"version":{"name":"soulsilver","url":"https://pokeapi.co/api/v2/version/16/"}},{"rarity":5,"version":{"name":"black","url":"https://pokeapi.co/api/v2/version/17/"}},{"rarity":5,"version":{"name":"white","url":"https://pokeapi.co/api/v2/version/18/"}},{"rarity":5,"version":{"name":"black-2","url":"https://pokeapi.co/api/v2/version/21/"}},{"rarity":5,"version":{"name":"white-2","url":"https://pokeapi.co/api/v2/version/22/"}},{"rarity":5,"version":{"name":"x","url":"https://pokeapi.co/api/v2/version/23/"}},{"rarity":5,"version":{"name":"y","url":"https://pokeapi.co/api/v2/version/24/"}},{"rarity":5,"version":{"name":"omega-ruby","url":"https://pokeapi.co/api/v2/version/25/"}},{"rarity":5,"version":{"name":"alpha-sapphire","url":"https://pokeapi.co/api/v2/version/26/"}},{"rarity":5,"version":{"name":"sun","url":"https://pokeapi.co/api/v2/version/27/"}},{"rarity":5,"version":{"name":"moon","url":"https://pokeapi.co/api/v2/version/28/"}},{"rarity":5,"version":{"name":"ultra-sun","url":"https://pokeapi.co/api/v2/version/29/"}},{"rarity":5,"version":{"name":"ultra-moon","url":"https://pokeapi.co/api/v2/version/30/"}}]},{"item":{"name":"quick-powder","url":"https://pokeapi.co/api/v2/item/251/"},"version_details":[{"rarity":50,"version":{"name":"diamond","url":"https://pokeapi.co/api/v2/version/12/"}},{"rarity":50,"version":{"name":"pearl","url":"https://pokeapi.co/api/v2/version/13/"}},{"rarity":50,"version":{"name":"platinum","url":"https://pokeapi.co/api/v2/version/14/"}},{"rarity":50,"version":{"name":"heartgold","url":"https://pokeapi.co/api/v2/version/15/"}},{"rarity":50,"version":{"name":"soulsilver","url":"https://pokeapi.co/api/v2/version/16/"}},{"rarity":50,"version":{"name":"black","url":"https://pokeapi.co/api/v2/version/17/"}},{"rarity":50,"version":{"name":"white","url":"https://pokeapi.co/api/v2/version/18/"}},{"rarity":50,"version":{"name":"black-2","url":"https://pokeapi.co/api/v2/version/21/"}},{"rarity":50,"version":{"name":"white-2","url":"https://pokeapi.co/api/v2/version/22/"}},{"rarity":50,"version":{"name":"x","url":"https://pokeapi.co/api/v2/version/23/"}},{"rarity":50,"version":{"name":"y","url":"https://pokeapi.co/api/v2/version/24/"}},{"rarity":50,"version":{"name":"omega-ruby","url":"https://pokeapi.co/api/v2/version/25/"}},{"rarity":50,"version":{"name":"alpha-sapphire","url":"https://pokeapi.co/api/v2/version/26/"}},{"rarity":50,"version":{"name":"sun","url":"https://pokeapi.co/api/v2/version/27/"}},{"rarity":50,"version":{"name":"moon","url":"https://pokeapi.co/api/v2/version/28/"}},{"rarity":50,"version":{"name":"ultra-sun","url":"https://pokeapi.co/api/v2/version/29/"}},{"rarity":50,"version":{"name":"ultra-moon","url":"https://pokeapi.co/api/v2/version/30/"}}]}],"id":132,"is_default":true,"location_area_encounters":"https://pokeapi.co/api/v2/pokemon/132/encounters","moves":[{"move":{"name":"transform","url":"https://pokeapi.co/api/v2/move/144/"},"version_group_details":[{"level_learned_at":1,"move_learn_method":{"name":"level-up","url":"https://pokeapi.co/api/v2/move-learn-method/1/"},"version_group":{"name":"red-blue","url":"https://pokeapi.co/api/v2/version-group/1/"}},{"level_learned_at":1,"move_learn_method":{"name":"level-up","url":"https://pokeapi.co/api/v2/move-learn-method/1/"},"version_group":{"name":"yellow","url":"https://pokeapi.co/api/v2/version-group/2/"}},{"level_learned_at":1,"move_learn_method":{"name":"level-up","url":"https://pokeapi.co/api/v2/move-learn-method/1/"},"version_group":{"name":"gold-silver","url":"https://pokeapi.co/api/v2/version-group/3/"}},{"level_learned_at":1,"move_learn_method":{"name":"level-up","url":"https://pokeapi.co/api/v2/move-learn-method/1/"},"version_group":{"name":"crystal","url":"https://pokeapi.co/api/v2/version-group/4/"}},{"level_learned_at":1,"move_learn_method":{"name":"level-up","url":"https://pokeapi.co/api/v2/move-learn-method/1/"},"version_group":{"name":"ruby-sapphire","url":"https://pokeapi.co/api/v2/version-group/5/"}},{"level_learned_at":1,"move_learn_method":{"name":"level-up","url":"https://pokeapi.co/api/v2/move-learn-method/1/"},"version_group":{"name":"emerald","url":"https://pokeapi.co/api/v2/version-group/6/"}},{"level_learned_at":1,"move_learn_method":{"name":"level-up","url":"https://pokeapi.co/api/v2/move-learn-method/1/"},"version_group":{"name":"firered-leafgreen","url":"https://pokeapi.co/api/v2/version-group/7/"}},{"level_learned_at":1,"move_learn_method":{"name":"level-up","url":"https://pokeapi.co/api/v2/move-learn-method/1/"},"version_group":{"name":"diamond-pearl","url":"https://pokeapi.co/api/v2/version-group/8/"}},{"level_learned_at":1,"move_learn_method":{"name":"level-up","url":"https://pokeapi.co/api/v2/move-learn-method/1/"},"version_group":{"name":"platinum","url":"https://pokeapi.co/api/v2/version-group/9/"}},{"level_learned_at":1,"move_learn_method":{"name":"level-up","url":"https://pokeapi.co/api/v2/move-learn-method/1/"},"version_group":{"name":"heartgold-soulsilver","url":"https://pokeapi.co/api/v2/version-group/10/"}},{"level_learned_at":1,"move_learn_method":{"name":"level-up","url":"https://pokeapi.co/api/v2/move-learn-method/1/"},"version_group":{"name":"black-white","url":"https://pokeapi.co/api/v2/version-group/11/"}},{"level_learned_at":1,"move_learn_method":{"name":"level-up","url":"https://pokeapi.co/api/v2/move-learn-method/1/"},"version_group":{"name":"colosseum","url":"https://pokeapi.co/api/v2/version-group/12/"}},{"level_learned_at":1,"move_learn_method":{"name":"level-up","url":"https://pokeapi.co/api/v2/move-learn-method/1/"},"version_group":{"name":"xd","url":"https://pokeapi.co/api/v2/version-group/13/"}},{"level_learned_at":1,"move_learn_method":{"name":"level-up","url":"https://pokeapi.co/api/v2/move-learn-method/1/"},"version_group":{"name":"black-2-white-2","url":"https://pokeapi.co/api/v2/version-group/14/"}},{"level_learned_at":1,"move_learn_method":{"name":"level-up","url":"https://pokeapi.co/api/v2/move-learn-method/1/"},"version_group":{"name":"x-y","url":"https://pokeapi.co/api/v2/version-group/15/"}},{"level_learned_at":1,"move_learn_method":{"name":"level-up","url":"https://pokeapi.co/api/v2/move-learn-method/1/"},"version_group":{"name":"omega-ruby-alpha-sapphire","url":"https://pokeapi.co/api/v2/version-group/16/"}},{"level_learned_at":1,"move_learn_method":{"name":"level-up","url":"https://pokeapi.co/api/v2/move-learn-method/1/"},"version_group":{"name":"sun-moon","url":"https://pokeapi.co/api/v2/version-group/17/"}},{"level_learned_at":1,"move_learn_method":{"name":"level-up","url":"https://pokeapi.co/api/v2/move-learn-method/1/"},"version_group":{"name":"ultra-sun-ultra-moon","url":"https://pokeapi.co/api/v2/version-group/18/"}},{"level_learned_at":1,"move_learn_method":{"name":"level-up","url":"https://pokeapi.co/api/v2/move-learn-method/1/"},"version_group":{"name":"lets-go-pikachu-lets-go-eevee","ur... (set the log level to DEBUG or TRACE to see the full content) 
 </msg>
<msg timestamp="20220725 15:22:57.755" level="INFO">${resources} = &lt;Response [200]&gt;</msg>
<status status="PASS" starttime="20220725 15:22:57.657" endtime="20220725 15:22:57.755"/>
</kw>
<kw name="Get Value From Json" library="JSONLibrary">
<var>${assets_data}</var>
<arg>${resources.json()}</arg>
<arg>$.abilities[0].ability.name</arg>
<doc>Get Value From JSON using JSONPath</doc>
<msg timestamp="20220725 15:22:57.786" level="INFO">${assets_data} = ['limber']</msg>
<status status="PASS" starttime="20220725 15:22:57.756" endtime="20220725 15:22:57.786"/>
</kw>
<kw name="Log To Console" library="BuiltIn">
<arg>${EMPTY}</arg>
<doc>Logs the given message to the console.</doc>
<status status="PASS" starttime="20220725 15:22:57.788" endtime="20220725 15:22:57.790"/>
</kw>
<kw name="Log To Console" library="BuiltIn">
<arg>${assets_data}</arg>
<doc>Logs the given message to the console.</doc>
<status status="PASS" starttime="20220725 15:22:57.791" endtime="20220725 15:22:57.792"/>
</kw>
<tag>02</tag>
<status status="PASS" starttime="20220725 15:22:57.657" endtime="20220725 15:22:57.793"/>
</test>
<status status="PASS" starttime="20220725 15:22:57.250" endtime="20220725 15:22:57.796"/>
</suite>
<statistics>
<total>
<stat pass="2" fail="0" skip="0">All Tests</stat>
</total>
<tag>
<stat pass="1" fail="0" skip="0">01</stat>
<stat pass="1" fail="0" skip="0">02</stat>
</tag>
<suite>
<stat pass="2" fail="0" skip="0" id="s1" name="RO API">RO API</stat>
</suite>
</statistics>
<errors>
</errors>
</robot>
